Vivado Simulator 2020.1
Copyright 1986-1999, 2001-2020 Xilinx, Inc. All Rights Reserved.
Running: G:/Apps/Xilinix/Vivado/2020.1/bin/unwrapped/win64.o/xelab.exe -wto 14ea654d900a441dbbed8762ea58b1e5 --incr --debug typical --relax --mt 2 -L xil_defaultlib -L unisims_ver -L unimacro_ver -L secureip --snapshot test_bench_TOP_behav xil_defaultlib.test_bench_TOP xil_defaultlib.glbl -log elaborate.log 
Using 2 slave threads.
Starting static elaboration
Pass Through NonSizing Optimizer
WARNING: [VRFC 10-3091] actual bit length 32 differs from formal bit length 6 for port 'loader_addr_out' [G:/git/AdComputadoras_2019/Tp4_MIPSIV/Src/MIPSIV/MIPSIV.srcs/sources_1/new/Uart_top.v:72]
WARNING: [VRFC 10-3091] actual bit length 26 differs from formal bit length 32 for port 'instruction' [G:/git/AdComputadoras_2019/Tp4_MIPSIV/Src/MIPSIV/MIPSIV.srcs/sources_1/new/IF_top.v:90]
WARNING: [VRFC 10-3091] actual bit length 32 differs from formal bit length 6 for port 'read_addr' [G:/git/AdComputadoras_2019/Tp4_MIPSIV/Src/MIPSIV/MIPSIV.srcs/sources_1/new/IF_top.v:115]
WARNING: [VRFC 10-3091] actual bit length 32 differs from formal bit length 6 for port 'write_addr' [G:/git/AdComputadoras_2019/Tp4_MIPSIV/Src/MIPSIV/MIPSIV.srcs/sources_1/new/IF_top.v:116]
WARNING: [VRFC 10-3091] actual bit length 5 differs from formal bit length 32 for port 'mux_in_1' [G:/git/AdComputadoras_2019/Tp4_MIPSIV/Src/MIPSIV/MIPSIV.srcs/sources_1/new/EX_top.v:152]
WARNING: [VRFC 10-3091] actual bit length 5 differs from formal bit length 32 for port 'mux_in_2' [G:/git/AdComputadoras_2019/Tp4_MIPSIV/Src/MIPSIV/MIPSIV.srcs/sources_1/new/EX_top.v:153]
WARNING: [VRFC 10-3091] actual bit length 5 differs from formal bit length 32 for port 'mux_out' [G:/git/AdComputadoras_2019/Tp4_MIPSIV/Src/MIPSIV/MIPSIV.srcs/sources_1/new/EX_top.v:157]
WARNING: [VRFC 10-3091] actual bit length 32 differs from formal bit length 5 for port 'rd' [G:/git/AdComputadoras_2019/Tp4_MIPSIV/Src/MIPSIV/MIPSIV.srcs/sources_1/new/TOP.v:298]
WARNING: [VRFC 10-3091] actual bit length 32 differs from formal bit length 8 for port 'read_addr' [G:/git/AdComputadoras_2019/Tp4_MIPSIV/Src/MIPSIV/MIPSIV.srcs/sources_1/new/MEM_top.v:107]
WARNING: [VRFC 10-3091] actual bit length 32 differs from formal bit length 8 for port 'write_addr' [G:/git/AdComputadoras_2019/Tp4_MIPSIV/Src/MIPSIV/MIPSIV.srcs/sources_1/new/MEM_top.v:108]
WARNING: [VRFC 10-5021] port 'EX_write' is not connected on this instance [G:/git/AdComputadoras_2019/Tp4_MIPSIV/Src/MIPSIV/MIPSIV.srcs/sources_1/new/TOP.v:237]
WARNING: [VRFC 10-5021] port 'Alu_result' is not connected on this instance [G:/git/AdComputadoras_2019/Tp4_MIPSIV/Src/MIPSIV/MIPSIV.srcs/sources_1/new/ID_top.v:148]
Completed static elaboration
INFO: [XSIM 43-4323] No Change in HDL. Linking previously generated obj files to create kernel
