#
# A fatal error has been detected by the Java Runtime Environment:
#
#  EXCEPTION_ACCESS_VIOLATION (0xc0000005) at pc=0x00007ff8755ffde0, pid=12760, tid=9368
#
# JRE version: Java(TM) SE Runtime Environment (9.0+11) (build 9.0.4+11)
# Java VM: Java HotSpot(TM) 64-Bit Server VM (9.0.4+11, mixed mode, tiered, compressed oops, g1 gc, windows-amd64)
# Problematic frame:
# C  0x00007ff8755ffde0
#
# No core dump will be written. Minidumps are not enabled by default on client versions of Windows
#
# If you would like to submit a bug report, please visit:
#   http://bugreport.java.com/bugreport/crash.jsp
# The crash happened outside the Java Virtual Machine in native code.
# See problematic frame for where to report the bug.
#

---------------  S U M M A R Y ------------

Command Line: -Dsun.java2d.pmoffscreen=false -Dsun.java2d.xrender=false -Dsun.java2d.d3d=false -Dsun.awt.nopixfmt=true -Dsun.java2d.dpiaware=true -Dsun.java2d.uiScale.enabled=false -Xverify:none -Dswing.aatext=true -XX:-UsePerfData -Djdk.map.althashing.threshold=512 -XX:StringTableSize=4072 --add-opens=java.base/java.nio=ALL-UNNAMED --add-opens=java.desktop/sun.swing=ALL-UNNAMED --add-opens=java.desktop/javax.swing=ALL-UNNAMED --add-opens=java.desktop/javax.swing.tree=ALL-UNNAMED --add-opens=java.desktop/javax.swing.plaf.basic=ALL-UNNAMED --add-opens=java.desktop/javax.swing.plaf.synth=ALL-UNNAMED --add-opens=java.desktop/com.sun.awt=ALL-UNNAMED -XX:NewSize=60m -XX:MaxNewSize=60m -Xms128m -Xmx3072m -Xss5m 

Host: Intel(R) Core(TM) i5-6400 CPU @ 2.70GHz, 4 cores, 15G,  Windows 10 , 64 bit Build 18362 (10.0.18362.1082)
Time: Wed Sep 30 16:27:51 2020 Argentina Standard Time elapsed time: 652 seconds (0d 0h 10m 52s)

---------------  T H R E A D  ---------------

Current thread (0x0000022f3617f000):  JavaThread "AWT-EventQueue-0" [_thread_in_native, id=9368, stack(0x000000c653900000,0x000000c653e00000)]

Stack: [0x000000c653900000,0x000000c653e00000],  sp=0x000000c653df3fa8,  free space=5071k
Native frames: (J=compiled Java code, j=interpreted, Vv=VM code, C=native code)
C  0x00007ff8755ffde0

Java frames: (J=compiled Java code, j=interpreted, Vv=VM code)
j  ui.views.waveform.waveformi.WVExecutive_getGraphicsDataSize(J)J+0
j  ui.views.waveform.executive.a.jBs()Ljava/io/ByteArrayInputStream;+8
j  ui.views.waveform.b.a.jAN()V+7
j  ui.views.waveform.b.a.iKd()V+1
j  ui.views.waveform.m.jzY()V+4
j  ui.views.waveform.m.GF(Z)V+11
j  ui.views.waveform.w.aE(ZZ)V+30
j  ui.views.waveform.c.b.j(Lui/frmwork/b/i;)V+94
j  ui.views.waveform.w.a(Lui/frmwork/b/i;)V+13
J 15327 c1 ui.frmwork.b.l.d(Lui/frmwork/b/i;)V (61 bytes) @ 0x0000022f4020251c [0x0000022f40201cc0+0x000000000000085c]
J 15316 c1 ui.frmwork.G.i(JZ)V (471 bytes) @ 0x0000022f401e4e2c [0x0000022f401e0640+0x00000000000047ec]
J 15317 c1 ui.frmwork.G.fireTclEvent(J)I (113 bytes) @ 0x0000022f401e9a4c [0x0000022f401e9240+0x000000000000080c]
v  ~StubRoutines::call_stub
j  ui.views.waveform.waveformi.WVExecutive_processModelEvent(JJ)V+0
j  ui.views.waveform.executive.a.fu(J)V+5
j  ui.views.waveform.c.b.ft(J)V+8
j  ui.views.waveform.c.b.j(Lui/frmwork/b/i;)V+127
j  ui.views.waveform.w.a(Lui/frmwork/b/i;)V+13
J 15327 c1 ui.frmwork.b.l.d(Lui/frmwork/b/i;)V (61 bytes) @ 0x0000022f4020251c [0x0000022f40201cc0+0x000000000000085c]
J 15316 c1 ui.frmwork.G.i(JZ)V (471 bytes) @ 0x0000022f401e4e2c [0x0000022f401e0640+0x00000000000047ec]
J 15317 c1 ui.frmwork.G.fireTclEvent(J)I (113 bytes) @ 0x0000022f401e9a4c [0x0000022f401e9240+0x000000000000080c]
v  ~StubRoutines::call_stub
j  ui.views.waveform.waveformi.WVExecutive_processModelEvent(JJ)V+0
j  ui.views.waveform.executive.a.fu(J)V+5
j  ui.views.waveform.c.b.ft(J)V+8
j  ui.views.waveform.c.e.actionPerformed(Ljava/awt/event/ActionEvent;)V+8
J 14252 c2 javax.swing.Timer.fireActionPerformed(Ljava/awt/event/ActionEvent;)V java.desktop@9.0.4 (46 bytes) @ 0x0000022f45ed02d8 [0x0000022f45ed01c0+0x0000000000000118]
J 14249 c2 javax.swing.Timer$DoPostEvent.run()V java.desktop@9.0.4 (82 bytes) @ 0x0000022f45ec9708 [0x0000022f45ec9540+0x00000000000001c8]
J 14039 c2 java.awt.event.InvocationEvent.dispatch()V java.desktop@9.0.4 (69 bytes) @ 0x0000022f45e78f1c [0x0000022f45e78ec0+0x000000000000005c]
J 13995 c2 java.awt.EventQueue$3.run()Ljava/lang/Object; java.desktop@9.0.4 (5 bytes) @ 0x0000022f45e4acb8 [0x0000022f45e4abe0+0x00000000000000d8]
v  ~StubRoutines::call_stub
J 4379  java.security.AccessController.doPrivileged(Ljava/security/PrivilegedAction;Ljava/security/AccessControlContext;)Ljava/lang/Object; java.base@9.0.4 (0 bytes) @ 0x0000022f453878c6 [0x0000022f45387860+0x0000000000000066]
J 13982 c2 java.awt.EventQueue.dispatchEvent(Ljava/awt/AWTEvent;)V java.desktop@9.0.4 (80 bytes) @ 0x0000022f45e47518 [0x0000022f45e46fc0+0x0000000000000558]
J 13983 c2 ui.frmwork.b.d.dispatchEvent(Ljava/awt/AWTEvent;)V (34 bytes) @ 0x0000022f45e4823c [0x0000022f45e48160+0x00000000000000dc]
J 17865 c2 java.awt.EventDispatchThread.pumpOneEventForFilters(I)V java.desktop@9.0.4 (218 bytes) @ 0x0000022f461f0648 [0x0000022f461f02a0+0x00000000000003a8]
j  java.awt.EventDispatchThread.pumpEventsForFilter(ILjava/awt/Conditional;Ljava/awt/EventFilter;)V+35 java.desktop@9.0.4
j  java.awt.EventDispatchThread.pumpEventsForFilter(Ljava/awt/Conditional;Ljava/awt/EventFilter;)V+4 java.desktop@9.0.4
j  java.awt.WaitDispatchSupport$2.run()V+59 java.desktop@9.0.4
j  java.awt.WaitDispatchSupport$4.run()Ljava/lang/Void;+4 java.desktop@9.0.4
j  java.awt.WaitDispatchSupport$4.run()Ljava/lang/Object;+1 java.desktop@9.0.4
v  ~StubRoutines::call_stub
J 1030  java.security.AccessController.doPrivileged(Ljava/security/PrivilegedAction;)Ljava/lang/Object; java.base@9.0.4 (0 bytes) @ 0x0000022f453e7ab2 [0x0000022f453e7a60+0x0000000000000052]
j  java.awt.WaitDispatchSupport.enter()Z+260 java.desktop@9.0.4
j  java.awt.Dialog.show()V+225 java.desktop@9.0.4
J 8255 c1 java.awt.Component.setVisible(Z)V java.desktop@9.0.4 (6 bytes) @ 0x0000022f3f10134c [0x0000022f3f101160+0x00000000000001ec]
j  java.awt.Window.setVisible(Z)V+2 java.desktop@9.0.4
j  java.awt.Dialog.setVisible(Z)V+2 java.desktop@9.0.4
j  ui.b.c.g.setVisible(Z)V+2
j  ui.b.c.bz.showDialog()V+64
j  ui.b.c.bI.actionPerformed(Ljava/awt/event/ActionEvent;)V+8
j  ui.b.c.bz.eWx()V+390
j  ui.views.c.t.b.a.run()V+60
j  ui.frmwork.a.gJb()Z+66
j  ui.frmwork.Y.gKQ()V+42
j  ui.bn.actionPerformed(Ljava/awt/event/ActionEvent;)V+25
j  javax.swing.AbstractButton.fireActionPerformed(Ljava/awt/event/ActionEvent;)V+84 java.desktop@9.0.4
j  ui.utils.swing.b.E.fireActionPerformed(Ljava/awt/event/ActionEvent;)V+7
j  javax.swing.AbstractButton$Handler.actionPerformed(Ljava/awt/event/ActionEvent;)V+5 java.desktop@9.0.4
j  javax.swing.DefaultButtonModel.fireActionPerformed(Ljava/awt/event/ActionEvent;)V+34 java.desktop@9.0.4
j  javax.swing.DefaultButtonModel.setPressed(Z)V+117 java.desktop@9.0.4
j  javax.swing.plaf.basic.BasicButtonListener.mouseReleased(Ljava/awt/event/MouseEvent;)V+35 java.desktop@9.0.4
j  com.jidesoft.plaf.basic.BasicJideButtonListener.mouseReleased(Ljava/awt/event/MouseEvent;)V+61
j  java.awt.AWTEventMulticaster.mouseReleased(Ljava/awt/event/MouseEvent;)V+8 java.desktop@9.0.4
j  java.awt.AWTEventMulticaster.mouseReleased(Ljava/awt/event/MouseEvent;)V+8 java.desktop@9.0.4
j  java.awt.AWTEventMulticaster.mouseReleased(Ljava/awt/event/MouseEvent;)V+8 java.desktop@9.0.4
j  java.awt.AWTEventMulticaster.mouseReleased(Ljava/awt/event/MouseEvent;)V+8 java.desktop@9.0.4
J 17476 c1 java.awt.Component.processMouseEvent(Ljava/awt/event/MouseEvent;)V java.desktop@9.0.4 (100 bytes) @ 0x0000022f3e3b2c34 [0x0000022f3e3b28a0+0x0000000000000394]
J 17479 c1 javax.swing.JComponent.processMouseEvent(Ljava/awt/event/MouseEvent;)V java.desktop@9.0.4 (27 bytes) @ 0x0000022f3e231d6c [0x0000022f3e231b60+0x000000000000020c]
J 15253 c2 java.awt.Container.processEvent(Ljava/awt/AWTEvent;)V java.desktop@9.0.4 (22 bytes) @ 0x0000022f46050c0c [0x0000022f46050aa0+0x000000000000016c]
J 15030 c1 java.awt.Component.dispatchEventImpl(Ljava/awt/AWTEvent;)V java.desktop@9.0.4 (739 bytes) @ 0x0000022f401277cc [0x0000022f40123b60+0x0000000000003c6c]
J 17869 c2 java.awt.Container.dispatchEventImpl(Ljava/awt/AWTEvent;)V java.desktop@9.0.4 (129 bytes) @ 0x0000022f461f4598 [0x0000022f461f4540+0x0000000000000058]
J 15131 c2 java.awt.LightweightDispatcher.retargetMouseEvent(Ljava/awt/Component;ILjava/awt/event/MouseEvent;)V java.desktop@9.0.4 (350 bytes) @ 0x0000022f4600a230 [0x0000022f46009e20+0x0000000000000410]
J 14419 c1 java.awt.LightweightDispatcher.processMouseEvent(Ljava/awt/event/MouseEvent;)Z java.desktop@9.0.4 (265 bytes) @ 0x0000022f3fef5a64 [0x0000022f3fef4ae0+0x0000000000000f84]
J 17869 c2 java.awt.Container.dispatchEventImpl(Ljava/awt/AWTEvent;)V java.desktop@9.0.4 (129 bytes) @ 0x0000022f461f4924 [0x0000022f461f4540+0x00000000000003e4]
J 14345 c1 java.awt.Window.dispatchEventImpl(Ljava/awt/AWTEvent;)V java.desktop@9.0.4 (23 bytes) @ 0x0000022f3fe92e74 [0x0000022f3fe928a0+0x00000000000005d4]
J 13995 c2 java.awt.EventQueue$3.run()Ljava/lang/Object; java.desktop@9.0.4 (5 bytes) @ 0x0000022f45e4ad34 [0x0000022f45e4abe0+0x0000000000000154]
v  ~StubRoutines::call_stub
J 4379  java.security.AccessController.doPrivileged(Ljava/security/PrivilegedAction;Ljava/security/AccessControlContext;)Ljava/lang/Object; java.base@9.0.4 (0 bytes) @ 0x0000022f453878c6 [0x0000022f45387860+0x0000000000000066]
J 8855 c1 java.awt.EventQueue$4.run()Ljava/lang/Object; java.desktop@9.0.4 (5 bytes) @ 0x0000022f3e9749d4 [0x0000022f3e9745e0+0x00000000000003f4]
v  ~StubRoutines::call_stub
J 4379  java.security.AccessController.doPrivileged(Ljava/security/PrivilegedAction;Ljava/security/AccessControlContext;)Ljava/lang/Object; java.base@9.0.4 (0 bytes) @ 0x0000022f453878c6 [0x0000022f45387860+0x0000000000000066]
J 13982 c2 java.awt.EventQueue.dispatchEvent(Ljava/awt/AWTEvent;)V java.desktop@9.0.4 (80 bytes) @ 0x0000022f45e47340 [0x0000022f45e46fc0+0x0000000000000380]
J 13983 c2 ui.frmwork.b.d.dispatchEvent(Ljava/awt/AWTEvent;)V (34 bytes) @ 0x0000022f45e4823c [0x0000022f45e48160+0x00000000000000dc]
J 17865 c2 java.awt.EventDispatchThread.pumpOneEventForFilters(I)V java.desktop@9.0.4 (218 bytes) @ 0x0000022f461f0648 [0x0000022f461f02a0+0x00000000000003a8]
j  java.awt.EventDispatchThread.pumpEventsForFilter(ILjava/awt/Conditional;Ljava/awt/EventFilter;)V+35 java.desktop@9.0.4
j  java.awt.EventDispatchThread.pumpEventsForHierarchy(ILjava/awt/Conditional;Ljava/awt/Component;)V+11 java.desktop@9.0.4
j  java.awt.EventDispatchThread.pumpEvents(ILjava/awt/Conditional;)V+4 java.desktop@9.0.4
j  java.awt.EventDispatchThread.pumpEvents(Ljava/awt/Conditional;)V+3 java.desktop@9.0.4
j  java.awt.EventDispatchThread.run()V+9 java.desktop@9.0.4
v  ~StubRoutines::call_stub

siginfo: EXCEPTION_ACCESS_VIOLATION (0xc0000005), data execution prevention violation at address 0x00007ff8755ffde0


Register to memory mapping:

RIP=0x00007ff8755ffde0 is an unknown value
RAX=0x00007ff8755a3610 is an unknown value
RBX=0x000000c653df4110 is pointing into the stack for thread: 0x0000022f3617f000
RCX=0x0000022f5c2c6c70 is an unknown value
RDX=0x0000022f6c390810 is an unknown value
RSP=0x000000c653df3fa8 is pointing into the stack for thread: 0x0000022f3617f000
RBP=0x000000c653df40d0 is pointing into the stack for thread: 0x0000022f3617f000
RSI=0x0000022f6c390810 is an unknown value
RDI=0x0000022f5c2c6c70 is an unknown value
R8 =0x000000c653df40d0 is pointing into the stack for thread: 0x0000022f3617f000
R9 =0x000000c653df4110 is pointing into the stack for thread: 0x0000022f3617f000
R10=0x0000022f6c390820 is an unknown value
R11=0x0000022f5a0a4130 is an unknown value
R12=0x0000000000000000 is an unknown value
R13=0x0000000000000000 is an unknown value
R14=0x0000022f6c390810 is an unknown value
R15=0x0000000000000001 is an unknown value


Registers:
RAX=0x00007ff8755a3610, RBX=0x000000c653df4110, RCX=0x0000022f5c2c6c70, RDX=0x0000022f6c390810
RSP=0x000000c653df3fa8, RBP=0x000000c653df40d0, RSI=0x0000022f6c390810, RDI=0x0000022f5c2c6c70
R8 =0x000000c653df40d0, R9 =0x000000c653df4110, R10=0x0000022f6c390820, R11=0x0000022f5a0a4130
R12=0x0000000000000000, R13=0x0000000000000000, R14=0x0000022f6c390810, R15=0x0000000000000001
RIP=0x00007ff8755ffde0, EFLAGS=0x0000000000010202

Top of Stack: (sp=0x000000c653df3fa8)
0x000000c653df3fa8:   00007ff8752bf29c 0000022f00000000
0x000000c653df3fb8:   0000022f2a986e40 0000000000000001
0x000000c653df3fc8:   0000022f2a980000 0000022f2a9802a4
0x000000c653df3fd8:   000000c653df4110 000000c653df40d0
0x000000c653df3fe8:   0000022f6c390810 fffffffffffffffe
0x000000c653df3ff8:   0000000000000000 0000000000000008
0x000000c653df4008:   0000000000000000 0000000000000000
0x000000c653df4018:   0000000000000001 0000000000000010
0x000000c653df4028:   000000c653df40e9 0000022f2aa20000
0x000000c653df4038:   00007ff8fec9b997 0000022f2a980000
0x000000c653df4048:   0000000000000001 0000000000000008
0x000000c653df4058:   0000000000000000 0000e3da271cde6e
0x000000c653df4068:   00007ff8fec9c43f 0000022f5a0a4130
0x000000c653df4078:   000000c653df41e8 0000022f6aad5750
0x000000c653df4088:   000000c653df4119 000000c653df41d0
0x000000c653df4098:   00007ff8752b63d7 0000000000000000 

Instructions: (pc=0x00007ff8755ffde0)
0x00007ff8755ffdc0:   00 00 00 00 ff ff ff ff 00 00 00 00 40 00 00 00
0x00007ff8755ffdd0:   90 fd 46 00 00 00 00 00 00 00 00 00 00 00 00 00
0x00007ff8755ffde0:   01 00 00 00 00 00 00 00 00 00 00 00 40 9d 5a 00
0x00007ff8755ffdf0:   08 fe 46 00 e0 fd 46 00 00 00 00 00 00 00 00 00 



---------------  P R O C E S S  ---------------

Java Threads: ( => current thread )
  0x0000022f65253800 JavaThread "Relaunch Simulation Thread" [_thread_blocked, id=1272, stack(0x000000c657500000,0x000000c657a00000)]
  0x0000022f65255800 JavaThread "Swing-Shell" daemon [_thread_blocked, id=10392, stack(0x000000c658e00000,0x000000c659300000)]
  0x0000022f65258000 JavaThread "Monitor File Timestamp Swing Worker Thread" [_thread_blocked, id=9616, stack(0x000000c658900000,0x000000c658e00000)]
  0x0000022f65259800 JavaThread "Timer-0" [_thread_blocked, id=3912, stack(0x000000c658400000,0x000000c658900000)]
  0x0000022f65254000 JavaThread "Image Animator 0" daemon [_thread_blocked, id=10360, stack(0x000000c657000000,0x000000c657500000)]
  0x0000022f65256800 JavaThread "SyntheticaAnimation 50" daemon [_thread_blocked, id=11008, stack(0x000000c655200000,0x000000c655700000)]
  0x0000022f65257000 JavaThread "Update Runs Swing Worker Thread" [_thread_blocked, id=3996, stack(0x000000c657f00000,0x000000c658400000)]
  0x0000022f65251000 JavaThread "hw_ila_monitor" [_thread_blocked, id=3468, stack(0x000000c656b00000,0x000000c657000000)]
  0x0000022f35f87800 JavaThread "Refresh Filesets Swing Worker Thread" [_thread_blocked, id=2328, stack(0x000000c656600000,0x000000c656b00000)]
  0x0000022f35f88000 JavaThread "SyntheticaAnimation 70" daemon [_thread_blocked, id=6412, stack(0x000000c656100000,0x000000c656600000)]
  0x0000022f35f84800 JavaThread "SyntheticaAnimation 25" daemon [_thread_blocked, id=11220, stack(0x000000c655c00000,0x000000c656100000)]
  0x0000022f35f86800 JavaThread "SyntheticaAnimation 50" daemon [_thread_blocked, id=1764, stack(0x000000c655700000,0x000000c655c00000)]
  0x0000022f35f86000 JavaThread "Monitor HEventQueue Thread" [_thread_blocked, id=11576, stack(0x000000c652f00000,0x000000c653400000)]
  0x0000022f35f8b000 JavaThread "SyntheticaCleanerThread" daemon [_thread_blocked, id=9860, stack(0x000000c654d00000,0x000000c655200000)]
  0x0000022f35f85000 JavaThread "Batik CleanerThread" daemon [_thread_blocked, id=3048, stack(0x000000c653e00000,0x000000c654300000)]
  0x0000022f58886000 JavaThread "Process Messages Thread" [_thread_blocked, id=6416, stack(0x000000c654300000,0x000000c654800000)]
  0x0000022f56f43800 JavaThread "Thread-1" [_thread_in_native, id=11596, stack(0x000000c64d600000,0x000000c64ea00000)]
=>0x0000022f3617f000 JavaThread "AWT-EventQueue-0" [_thread_in_native, id=9368, stack(0x000000c653900000,0x000000c653e00000)]
  0x0000022f3617e000 JavaThread "AWT-Shutdown" [_thread_blocked, id=12464, stack(0x000000c653400000,0x000000c653900000)]
  0x0000022f34fd9000 JavaThread "TimerQueue" daemon [_thread_blocked, id=11140, stack(0x000000c652500000,0x000000c652a00000)]
  0x0000022f31465800 JavaThread "AWT-Windows" daemon [_thread_in_native, id=11600, stack(0x000000c652a00000,0x000000c652f00000)]
  0x0000022f34fd8800 JavaThread "Java2D Disposer" daemon [_thread_blocked, id=4796, stack(0x000000c652000000,0x000000c652500000)]
  0x0000022f2aa24000 JavaThread "Service Thread" daemon [_thread_blocked, id=5368, stack(0x000000c651a00000,0x000000c651f00000)]
  0x0000022f33acc000 JavaThread "Common-Cleaner" daemon [_thread_blocked, id=10764, stack(0x000000c651500000,0x000000c651a00000)]
  0x0000022f35f89000 JavaThread "Sweeper thread" daemon [_thread_blocked, id=9468, stack(0x000000c651000000,0x000000c651500000)]
  0x0000022f33aea800 JavaThread "C1 CompilerThread2" daemon [_thread_blocked, id=9732, stack(0x000000c650f00000,0x000000c651000000)]
  0x0000022f61d6a000 JavaThread "C2 CompilerThread1" daemon [_thread_blocked, id=13208, stack(0x000000c650e00000,0x000000c650f00000)]
  0x0000022f61d69800 JavaThread "C2 CompilerThread0" daemon [_thread_blocked, id=12812, stack(0x000000c650d00000,0x000000c650e00000)]
  0x0000022f33b67800 JavaThread "Attach Listener" daemon [_thread_blocked, id=3696, stack(0x000000c650800000,0x000000c650d00000)]
  0x0000022f2aa2a800 JavaThread "Signal Dispatcher" daemon [_thread_blocked, id=11612, stack(0x000000c650300000,0x000000c650800000)]
  0x0000022f32d4f800 JavaThread "Finalizer" daemon [_thread_blocked, id=9108, stack(0x000000c64fe00000,0x000000c650300000)]
  0x0000022f32d4e800 JavaThread "Reference Handler" daemon [_thread_blocked, id=13220, stack(0x000000c64f900000,0x000000c64fe00000)]
  0x0000022f33c5b000 JavaThread "main" [_thread_blocked, id=1844, stack(0x000000c64ec00000,0x000000c64ed00000)]

Other Threads:
  0x0000022f338d4000 VMThread "VM Thread" [stack: 0x000000c64f800000,0x000000c64f900000] [id=2820]
  0x0000022f33dd0800 WatcherThread [stack: 0x000000c651f00000,0x000000c652000000] [id=4164]
  0x0000022f33a7c800 GCTaskThread "GC Thread#0" [stack: 0x000000c64ed00000,0x000000c64ee00000] [id=8812]
  0x0000022f338c0800 GCTaskThread "GC Thread#1" [stack: 0x000000c64ee00000,0x000000c64ef00000] [id=2724]
  0x0000022f338c1000 GCTaskThread "GC Thread#2" [stack: 0x000000c64ef00000,0x000000c64f000000] [id=12300]
  0x0000022f338c1800 GCTaskThread "GC Thread#3" [stack: 0x000000c64f000000,0x000000c64f100000] [id=12084]
  0x0000022f35da9800 ConcurrentGCThread "G1 Main Marker" [stack: 0x000000c64f600000,0x000000c64f700000] [id=8844]
  0x0000022f338bd000 ConcurrentGCThread "G1 Marker#0" [stack: 0x000000c64f700000,0x000000c64f800000] [id=10212]
  0x0000022f3363a800 ConcurrentGCThread "G1 Refine#0" [stack: 0x000000c64f400000,0x000000c64f500000] [id=11692]
  0x0000022f61f63000 ConcurrentGCThread "G1 Refine#1" [stack: 0x000000c64f300000,0x000000c64f400000] [id=11688]
  0x0000022f3126e800 ConcurrentGCThread "G1 Refine#2" [stack: 0x000000c64f200000,0x000000c64f300000] [id=848]
  0x0000022f35bdc000 ConcurrentGCThread "G1 Refine#3" [stack: 0x000000c64f100000,0x000000c64f200000] [id=12096]
  0x0000022f33dfb000 ConcurrentGCThread "G1 Young RemSet Sampling" [stack: 0x000000c64f500000,0x000000c64f600000] [id=12268]

Threads with active compile tasks:

VM state:not at safepoint (normal execution)

VM Mutex/Monitor currently owned by a thread: None

Heap address: 0x0000000700000000, size: 3072 MB, Compressed Oops mode: Zero based, Oop shift amount: 3
Narrow klass base: 0x0000000000000000, Narrow klass shift: 3
Compressed class space size: 1073741824 Address: 0x00000007c0000000

Heap:
 garbage-first heap   total 263168K, used 102943K [0x0000000700000000, 0x0000000700100808, 0x00000007c0000000)
  region size 1024K, 9 young (9216K), 1 survivors (1024K)
 Metaspace       used 87164K, capacity 93113K, committed 93184K, reserved 1128448K
  class space    used 12769K, capacity 13778K, committed 13824K, reserved 1048576K
Heap Regions: E=young(eden), S=young(survivor), O=old, HS=humongous(starts), HC=humongous(continues), CS=collection set, F=free, A=archive, TS=gc time stamp, AC=allocation context, TAMS=top-at-mark-start (previous, next)
|   0|0x0000000700000000, 0x0000000700100000, 0x0000000700100000|100%| O|  |TS  0|AC  0|TAMS 0x0000000700000000, 0x0000000700000000|
|   1|0x0000000700100000, 0x00000007001fe490, 0x0000000700200000| 99%| O|  |TS  0|AC  0|TAMS 0x0000000700100000, 0x0000000700100000|
|   2|0x0000000700200000, 0x0000000700300000, 0x0000000700300000|100%|HS|  |TS  0|AC  0|TAMS 0x0000000700200000, 0x0000000700200000|
|   3|0x0000000700300000, 0x0000000700400000, 0x0000000700400000|100%|HC|  |TS  0|AC  0|TAMS 0x0000000700300000, 0x0000000700300000|
|   4|0x0000000700400000, 0x0000000700500000, 0x0000000700500000|100%|HS|  |TS  0|AC  0|TAMS 0x0000000700400000, 0x0000000700400000|
|   5|0x0000000700500000, 0x00000007005ff8d0, 0x0000000700600000| 99%| O|  |TS  0|AC  0|TAMS 0x0000000700500000, 0x0000000700500000|
|   6|0x0000000700600000, 0x00000007006e1cb8, 0x0000000700700000| 88%| O|  |TS  0|AC  0|TAMS 0x0000000700600000, 0x0000000700600000|
|   7|0x0000000700700000, 0x00000007007fc568, 0x0000000700800000| 98%| O|  |TS  0|AC  0|TAMS 0x0000000700700000, 0x0000000700700000|
|   8|0x0000000700800000, 0x00000007008fcdb8, 0x0000000700900000| 98%| O|  |TS  0|AC  0|TAMS 0x0000000700800000, 0x0000000700800000|
|   9|0x0000000700900000, 0x00000007009aa410, 0x0000000700a00000| 66%| O|  |TS  0|AC  0|TAMS 0x0000000700900000, 0x0000000700900000|
|  10|0x0000000700a00000, 0x0000000700affb40, 0x0000000700b00000| 99%| O|  |TS  0|AC  0|TAMS 0x0000000700a00000, 0x0000000700a00000|
|  11|0x0000000700b00000, 0x0000000700bffff8, 0x0000000700c00000| 99%| O|  |TS  0|AC  0|TAMS 0x0000000700b00000, 0x0000000700b00000|
|  12|0x0000000700c00000, 0x0000000700ccb7a0, 0x0000000700d00000| 79%| O|  |TS  0|AC  0|TAMS 0x0000000700c00000, 0x0000000700c00000|
|  13|0x0000000700d00000, 0x0000000700de6308, 0x0000000700e00000| 89%| O|  |TS  0|AC  0|TAMS 0x0000000700d00000, 0x0000000700d00000|
|  14|0x0000000700e00000, 0x0000000700effff8, 0x0000000700f00000| 99%| O|  |TS  0|AC  0|TAMS 0x0000000700e00000, 0x0000000700e00000|
|  15|0x0000000700f00000, 0x0000000700ffffe8, 0x0000000701000000| 99%| O|  |TS  0|AC  0|TAMS 0x0000000700f00000, 0x0000000700f00000|
|  16|0x0000000701000000, 0x0000000701100000, 0x0000000701100000|100%| O|  |TS  0|AC  0|TAMS 0x0000000701000000, 0x0000000701000000|
|  17|0x0000000701100000, 0x00000007011ce358, 0x0000000701200000| 80%| O|  |TS  0|AC  0|TAMS 0x0000000701100000, 0x0000000701100000|
|  18|0x0000000701200000, 0x00000007012f1f60, 0x0000000701300000| 94%| O|  |TS  0|AC  0|TAMS 0x0000000701200000, 0x0000000701200000|
|  19|0x0000000701300000, 0x00000007013fffe8, 0x0000000701400000| 99%| O|  |TS  0|AC  0|TAMS 0x0000000701300000, 0x0000000701300000|
|  20|0x0000000701400000, 0x00000007014fffe8, 0x0000000701500000| 99%| O|  |TS  0|AC  0|TAMS 0x0000000701400000, 0x0000000701400000|
|  21|0x0000000701500000, 0x00000007015fffc8, 0x0000000701600000| 99%| O|  |TS  0|AC  0|TAMS 0x0000000701500000, 0x0000000701500000|
|  22|0x0000000701600000, 0x0000000701700000, 0x0000000701700000|100%| O|  |TS  0|AC  0|TAMS 0x0000000701600000, 0x0000000701600000|
|  23|0x0000000701700000, 0x00000007017fffd0, 0x0000000701800000| 99%| O|  |TS  0|AC  0|TAMS 0x0000000701700000, 0x0000000701700000|
|  24|0x0000000701800000, 0x00000007018fffd8, 0x0000000701900000| 99%| O|  |TS  0|AC  0|TAMS 0x0000000701800000, 0x0000000701800000|
|  25|0x0000000701900000, 0x00000007019ffef0, 0x0000000701a00000| 99%| O|  |TS  0|AC  0|TAMS 0x0000000701900000, 0x0000000701900000|
|  26|0x0000000701a00000, 0x0000000701affff0, 0x0000000701b00000| 99%| O|  |TS  0|AC  0|TAMS 0x0000000701a00000, 0x0000000701a00000|
|  27|0x0000000701b00000, 0x0000000701bfff70, 0x0000000701c00000| 99%| O|  |TS  0|AC  0|TAMS 0x0000000701b00000, 0x0000000701b00000|
|  28|0x0000000701c00000, 0x0000000701cffff8, 0x0000000701d00000| 99%| O|  |TS  0|AC  0|TAMS 0x0000000701c00000, 0x0000000701c00000|
|  29|0x0000000701d00000, 0x0000000701dffff8, 0x0000000701e00000| 99%| O|  |TS  0|AC  0|TAMS 0x0000000701d00000, 0x0000000701d00000|
|  30|0x0000000701e00000, 0x0000000701efffc0, 0x0000000701f00000| 99%| O|  |TS  0|AC  0|TAMS 0x0000000701e00000, 0x0000000701e00000|
|  31|0x0000000701f00000, 0x0000000701ffffd8, 0x0000000702000000| 99%| O|  |TS  0|AC  0|TAMS 0x0000000701f00000, 0x0000000701f00000|
|  32|0x0000000702000000, 0x0000000702100000, 0x0000000702100000|100%| O|  |TS  0|AC  0|TAMS 0x0000000702000000, 0x0000000702000000|
|  33|0x0000000702100000, 0x0000000702200000, 0x0000000702200000|100%| O|  |TS  0|AC  0|TAMS 0x0000000702100000, 0x0000000702100000|
|  34|0x0000000702200000, 0x00000007022ffff8, 0x0000000702300000| 99%| O|  |TS  0|AC  0|TAMS 0x0000000702200000, 0x0000000702200000|
|  35|0x0000000702300000, 0x00000007023fffd0, 0x0000000702400000| 99%| O|  |TS  0|AC  0|TAMS 0x0000000702300000, 0x0000000702300000|
|  36|0x0000000702400000, 0x00000007024ffff8, 0x0000000702500000| 99%| O|  |TS  0|AC  0|TAMS 0x0000000702400000, 0x0000000702400000|
|  37|0x0000000702500000, 0x00000007025ffff0, 0x0000000702600000| 99%| O|  |TS  0|AC  0|TAMS 0x0000000702500000, 0x0000000702500000|
|  38|0x0000000702600000, 0x00000007026ffff8, 0x0000000702700000| 99%| O|  |TS  0|AC  0|TAMS 0x0000000702600000, 0x0000000702600000|
|  39|0x0000000702700000, 0x00000007027fff50, 0x0000000702800000| 99%| O|  |TS  0|AC  0|TAMS 0x0000000702700000, 0x0000000702700000|
|  40|0x0000000702800000, 0x00000007028fffd8, 0x0000000702900000| 99%| O|  |TS  0|AC  0|TAMS 0x0000000702800000, 0x0000000702800000|
|  41|0x0000000702900000, 0x00000007029ffff8, 0x0000000702a00000| 99%| O|  |TS  0|AC  0|TAMS 0x0000000702900000, 0x0000000702900000|
|  42|0x0000000702a00000, 0x0000000702b00000, 0x0000000702b00000|100%| O|  |TS  0|AC  0|TAMS 0x0000000702a00000, 0x0000000702a00000|
|  43|0x0000000702b00000, 0x0000000702c00000, 0x0000000702c00000|100%|HS|  |TS  0|AC  0|TAMS 0x0000000702b00000, 0x0000000702b00000|
|  44|0x0000000702c00000, 0x0000000702d00000, 0x0000000702d00000|100%|HC|  |TS  0|AC  0|TAMS 0x0000000702c00000, 0x0000000702c00000|
|  45|0x0000000702d00000, 0x0000000702e00000, 0x0000000702e00000|100%|HC|  |TS  0|AC  0|TAMS 0x0000000702d00000, 0x0000000702d00000|
|  46|0x0000000702e00000, 0x0000000702f00000, 0x0000000702f00000|100%|HC|  |TS  0|AC  0|TAMS 0x0000000702e00000, 0x0000000702e00000|
|  47|0x0000000702f00000, 0x0000000703000000, 0x0000000703000000|100%|HC|  |TS  0|AC  0|TAMS 0x0000000702f00000, 0x0000000702f00000|
|  48|0x0000000703000000, 0x0000000703100000, 0x0000000703100000|100%|HC|  |TS  0|AC  0|TAMS 0x0000000703000000, 0x0000000703000000|
|  49|0x0000000703100000, 0x0000000703200000, 0x0000000703200000|100%|HC|  |TS  0|AC  0|TAMS 0x0000000703100000, 0x0000000703100000|
|  50|0x0000000703200000, 0x0000000703300000, 0x0000000703300000|100%|HC|  |TS  0|AC  0|TAMS 0x0000000703200000, 0x0000000703200000|
|  51|0x0000000703300000, 0x00000007033ffff8, 0x0000000703400000| 99%| O|  |TS  0|AC  0|TAMS 0x0000000703300000, 0x0000000703300000|
|  52|0x0000000703400000, 0x00000007034ffff8, 0x0000000703500000| 99%| O|  |TS  0|AC  0|TAMS 0x0000000703400000, 0x0000000703400000|
|  53|0x0000000703500000, 0x00000007035fffa8, 0x0000000703600000| 99%| O|  |TS  0|AC  0|TAMS 0x0000000703500000, 0x0000000703500000|
|  54|0x0000000703600000, 0x00000007036fffd8, 0x0000000703700000| 99%| O|  |TS  0|AC  0|TAMS 0x0000000703600000, 0x0000000703600000|
|  55|0x0000000703700000, 0x00000007037fffe8, 0x0000000703800000| 99%| O|  |TS  0|AC  0|TAMS 0x0000000703700000, 0x0000000703700000|
|  56|0x0000000703800000, 0x0000000703900000, 0x0000000703900000|100%| O|  |TS  0|AC  0|TAMS 0x0000000703800000, 0x0000000703800000|
|  57|0x0000000703900000, 0x0000000703a00000, 0x0000000703a00000|100%| O|  |TS  0|AC  0|TAMS 0x0000000703900000, 0x0000000703900000|
|  58|0x0000000703a00000, 0x0000000703affff8, 0x0000000703b00000| 99%| O|  |TS  0|AC  0|TAMS 0x0000000703a00000, 0x0000000703a00000|
|  59|0x0000000703b00000, 0x0000000703bfffc0, 0x0000000703c00000| 99%| O|  |TS  0|AC  0|TAMS 0x0000000703b00000, 0x0000000703b00000|
|  60|0x0000000703c00000, 0x0000000703d00000, 0x0000000703d00000|100%| O|  |TS  0|AC  0|TAMS 0x0000000703c00000, 0x0000000703c00000|
|  61|0x0000000703d00000, 0x0000000703dffff0, 0x0000000703e00000| 99%| O|  |TS  0|AC  0|TAMS 0x0000000703d00000, 0x0000000703d00000|
|  62|0x0000000703e00000, 0x0000000703effff8, 0x0000000703f00000| 99%| O|  |TS  0|AC  0|TAMS 0x0000000703e00000, 0x0000000703e00000|
|  63|0x0000000703f00000, 0x0000000704000000, 0x0000000704000000|100%| O|  |TS  0|AC  0|TAMS 0x0000000703f00000, 0x0000000703f00000|
|  64|0x0000000704000000, 0x00000007040ffff0, 0x0000000704100000| 99%| O|  |TS  0|AC  0|TAMS 0x0000000704000000, 0x0000000704000000|
|  65|0x0000000704100000, 0x00000007041ffff8, 0x0000000704200000| 99%| O|  |TS  0|AC  0|TAMS 0x0000000704100000, 0x0000000704100000|
|  66|0x0000000704200000, 0x00000007042ffff8, 0x0000000704300000| 99%| O|  |TS  0|AC  0|TAMS 0x0000000704200000, 0x0000000704200000|
|  67|0x0000000704300000, 0x00000007043ffea8, 0x0000000704400000| 99%| O|  |TS  0|AC  0|TAMS 0x0000000704300000, 0x0000000704300000|
|  68|0x0000000704400000, 0x00000007044fffd8, 0x0000000704500000| 99%| O|  |TS  0|AC  0|TAMS 0x0000000704400000, 0x0000000704400000|
|  69|0x0000000704500000, 0x00000007045ffff0, 0x0000000704600000| 99%| O|  |TS  0|AC  0|TAMS 0x0000000704500000, 0x0000000704500000|
|  70|0x0000000704600000, 0x00000007046fffe0, 0x0000000704700000| 99%| O|  |TS  0|AC  0|TAMS 0x0000000704600000, 0x0000000704600000|
|  71|0x0000000704700000, 0x00000007047ffff8, 0x0000000704800000| 99%| O|  |TS  0|AC  0|TAMS 0x0000000704700000, 0x0000000704700000|
|  72|0x0000000704800000, 0x00000007048ffff8, 0x0000000704900000| 99%| O|  |TS  0|AC  0|TAMS 0x0000000704800000, 0x0000000704800000|
|  73|0x0000000704900000, 0x00000007049febf0, 0x0000000704a00000| 99%| O|  |TS  0|AC  0|TAMS 0x0000000704900000, 0x0000000704900000|
|  74|0x0000000704a00000, 0x0000000704afefc8, 0x0000000704b00000| 99%| O|  |TS  0|AC  0|TAMS 0x0000000704a00000, 0x0000000704a00000|
|  75|0x0000000704b00000, 0x0000000704bffff8, 0x0000000704c00000| 99%| O|  |TS  0|AC  0|TAMS 0x0000000704b00000, 0x0000000704b00000|
|  76|0x0000000704c00000, 0x0000000704cfffe0, 0x0000000704d00000| 99%| O|  |TS  0|AC  0|TAMS 0x0000000704c00000, 0x0000000704c00000|
|  77|0x0000000704d00000, 0x0000000704e00000, 0x0000000704e00000|100%| O|  |TS  0|AC  0|TAMS 0x0000000704d00000, 0x0000000704d00000|
|  78|0x0000000704e00000, 0x0000000704efff78, 0x0000000704f00000| 99%| O|  |TS  0|AC  0|TAMS 0x0000000704e00000, 0x0000000704e00000|
|  79|0x0000000704f00000, 0x0000000705000000, 0x0000000705000000|100%| O|  |TS  0|AC  0|TAMS 0x0000000704f00000, 0x0000000704f00000|
|  80|0x0000000705000000, 0x0000000705100000, 0x0000000705100000|100%| O|  |TS  0|AC  0|TAMS 0x0000000705000000, 0x0000000705000000|
|  81|0x0000000705100000, 0x00000007051fbe00, 0x0000000705200000| 98%| O|  |TS  0|AC  0|TAMS 0x0000000705100000, 0x0000000705100000|
|  82|0x0000000705200000, 0x00000007052ffff0, 0x0000000705300000| 99%| O|  |TS  0|AC  0|TAMS 0x0000000705200000, 0x0000000705200000|
|  83|0x0000000705300000, 0x0000000705400000, 0x0000000705400000|100%|HS|  |TS  0|AC  0|TAMS 0x0000000705300000, 0x0000000705300000|
|  84|0x0000000705400000, 0x0000000705500000, 0x0000000705500000|100%|HS|  |TS  0|AC  0|TAMS 0x0000000705400000, 0x0000000705400000|
|  85|0x0000000705500000, 0x0000000705600000, 0x0000000705600000|100%|HS|  |TS  0|AC  0|TAMS 0x0000000705500000, 0x0000000705500000|
|  86|0x0000000705600000, 0x0000000705700000, 0x0000000705700000|100%|HC|  |TS  0|AC  0|TAMS 0x0000000705600000, 0x0000000705600000|
|  87|0x0000000705700000, 0x0000000705800000, 0x0000000705800000|100%|HC|  |TS  0|AC  0|TAMS 0x0000000705700000, 0x0000000705700000|
|  88|0x0000000705800000, 0x0000000705835018, 0x0000000705900000| 20%| O|  |TS  0|AC  0|TAMS 0x0000000705800000, 0x0000000705800000|
|  89|0x0000000705900000, 0x0000000705a00000, 0x0000000705a00000|100%|HS|  |TS  0|AC  0|TAMS 0x0000000705900000, 0x0000000705900000|
|  90|0x0000000705a00000, 0x0000000705b00000, 0x0000000705b00000|100%|HC|  |TS  0|AC  0|TAMS 0x0000000705a00000, 0x0000000705a00000|
|  91|0x0000000705b00000, 0x0000000705c00000, 0x0000000705c00000|100%|HC|  |TS  0|AC  0|TAMS 0x0000000705b00000, 0x0000000705b00000|
|  92|0x0000000705c00000, 0x0000000705c00000, 0x0000000705d00000|  0%| F|  |TS  0|AC  0|TAMS 0x0000000705c00000, 0x0000000705c00000|
|  93|0x0000000705d00000, 0x0000000705e00000, 0x0000000705e00000|100%|HS|  |TS  0|AC  0|TAMS 0x0000000705d00000, 0x0000000705d00000|
|  94|0x0000000705e00000, 0x0000000705f00000, 0x0000000705f00000|100%|HC|  |TS  0|AC  0|TAMS 0x0000000705e00000, 0x0000000705e00000|
|  95|0x0000000705f00000, 0x0000000706000000, 0x0000000706000000|100%|HC|  |TS  0|AC  0|TAMS 0x0000000705f00000, 0x0000000705f00000|
|  96|0x0000000706000000, 0x0000000706000000, 0x0000000706100000|  0%| F|  |TS  0|AC  0|TAMS 0x0000000706000000, 0x0000000706000000|
|  97|0x0000000706100000, 0x0000000706100000, 0x0000000706200000|  0%| F|  |TS  0|AC  0|TAMS 0x0000000706100000, 0x0000000706100000|
|  98|0x0000000706200000, 0x0000000706200000, 0x0000000706300000|  0%| F|  |TS  0|AC  0|TAMS 0x0000000706200000, 0x0000000706200000|
|  99|0x0000000706300000, 0x0000000706300000, 0x0000000706400000|  0%| F|  |TS  0|AC  0|TAMS 0x0000000706300000, 0x0000000706300000|
| 100|0x0000000706400000, 0x0000000706400000, 0x0000000706500000|  0%| F|  |TS  0|AC  0|TAMS 0x0000000706400000, 0x0000000706400000|
| 101|0x0000000706500000, 0x0000000706500000, 0x0000000706600000|  0%| F|  |TS  0|AC  0|TAMS 0x0000000706500000, 0x0000000706500000|
| 102|0x0000000706600000, 0x0000000706600000, 0x0000000706700000|  0%| F|  |TS  0|AC  0|TAMS 0x0000000706600000, 0x0000000706600000|
| 103|0x0000000706700000, 0x0000000706700000, 0x0000000706800000|  0%| F|  |TS  0|AC  0|TAMS 0x0000000706700000, 0x0000000706700000|
| 104|0x0000000706800000, 0x0000000706800000, 0x0000000706900000|  0%| F|  |TS  0|AC  0|TAMS 0x0000000706800000, 0x0000000706800000|
| 105|0x0000000706900000, 0x0000000706900000, 0x0000000706a00000|  0%| F|  |TS  0|AC  0|TAMS 0x0000000706900000, 0x0000000706900000|
| 106|0x0000000706a00000, 0x0000000706a00000, 0x0000000706b00000|  0%| F|  |TS  0|AC  0|TAMS 0x0000000706a00000, 0x0000000706a00000|
| 107|0x0000000706b00000, 0x0000000706b00000, 0x0000000706c00000|  0%| F|  |TS  0|AC  0|TAMS 0x0000000706b00000, 0x0000000706b00000|
| 108|0x0000000706c00000, 0x0000000706c00000, 0x0000000706d00000|  0%| F|  |TS  0|AC  0|TAMS 0x0000000706c00000, 0x0000000706c00000|
| 109|0x0000000706d00000, 0x0000000706d00000, 0x0000000706e00000|  0%| F|  |TS  0|AC  0|TAMS 0x0000000706d00000, 0x0000000706d00000|
| 110|0x0000000706e00000, 0x0000000706e00000, 0x0000000706f00000|  0%| F|  |TS  0|AC  0|TAMS 0x0000000706e00000, 0x0000000706e00000|
| 111|0x0000000706f00000, 0x0000000706f00000, 0x0000000707000000|  0%| F|  |TS  0|AC  0|TAMS 0x0000000706f00000, 0x0000000706f00000|
| 112|0x0000000707000000, 0x0000000707000000, 0x0000000707100000|  0%| F|  |TS  0|AC  0|TAMS 0x0000000707000000, 0x0000000707000000|
| 113|0x0000000707100000, 0x0000000707100000, 0x0000000707200000|  0%| F|  |TS  0|AC  0|TAMS 0x0000000707100000, 0x0000000707100000|
| 114|0x0000000707200000, 0x0000000707200000, 0x0000000707300000|  0%| F|  |TS  0|AC  0|TAMS 0x0000000707200000, 0x0000000707200000|
| 115|0x0000000707300000, 0x0000000707300000, 0x0000000707400000|  0%| F|  |TS  0|AC  0|TAMS 0x0000000707300000, 0x0000000707300000|
| 116|0x0000000707400000, 0x0000000707400000, 0x0000000707500000|  0%| F|  |TS  0|AC  0|TAMS 0x0000000707400000, 0x0000000707400000|
| 117|0x0000000707500000, 0x0000000707500000, 0x0000000707600000|  0%| F|  |TS  0|AC  0|TAMS 0x0000000707500000, 0x0000000707500000|
| 118|0x0000000707600000, 0x0000000707600000, 0x0000000707700000|  0%| F|  |TS  0|AC  0|TAMS 0x0000000707600000, 0x0000000707600000|
| 119|0x0000000707700000, 0x0000000707700000, 0x0000000707800000|  0%| F|  |TS  0|AC  0|TAMS 0x0000000707700000, 0x0000000707700000|
| 120|0x0000000707800000, 0x0000000707800000, 0x0000000707900000|  0%| F|  |TS  0|AC  0|TAMS 0x0000000707800000, 0x0000000707800000|
| 121|0x0000000707900000, 0x0000000707900000, 0x0000000707a00000|  0%| F|  |TS  0|AC  0|TAMS 0x0000000707900000, 0x0000000707900000|
| 122|0x0000000707a00000, 0x0000000707a00000, 0x0000000707b00000|  0%| F|  |TS  0|AC  0|TAMS 0x0000000707a00000, 0x0000000707a00000|
| 123|0x0000000707b00000, 0x0000000707b00000, 0x0000000707c00000|  0%| F|  |TS  0|AC  0|TAMS 0x0000000707b00000, 0x0000000707b00000|
| 124|0x0000000707c00000, 0x0000000707c00000, 0x0000000707d00000|  0%| F|  |TS  0|AC  0|TAMS 0x0000000707c00000, 0x0000000707c00000|
| 125|0x0000000707d00000, 0x0000000707d00000, 0x0000000707e00000|  0%| F|  |TS  0|AC  0|TAMS 0x0000000707d00000, 0x0000000707d00000|
| 126|0x0000000707e00000, 0x0000000707e00000, 0x0000000707f00000|  0%| F|  |TS  0|AC  0|TAMS 0x0000000707e00000, 0x0000000707e00000|
| 127|0x0000000707f00000, 0x0000000707f00000, 0x0000000708000000|  0%| F|  |TS  0|AC  0|TAMS 0x0000000707f00000, 0x0000000707f00000|
| 128|0x0000000708000000, 0x0000000708000000, 0x0000000708100000|  0%| F|  |TS  0|AC  0|TAMS 0x0000000708000000, 0x0000000708000000|
| 129|0x0000000708100000, 0x0000000708100000, 0x0000000708200000|  0%| F|  |TS  0|AC  0|TAMS 0x0000000708100000, 0x0000000708100000|
| 130|0x0000000708200000, 0x0000000708200000, 0x0000000708300000|  0%| F|  |TS  0|AC  0|TAMS 0x0000000708200000, 0x0000000708200000|
| 131|0x0000000708300000, 0x0000000708300000, 0x0000000708400000|  0%| F|  |TS  0|AC  0|TAMS 0x0000000708300000, 0x0000000708300000|
| 132|0x0000000708400000, 0x0000000708400000, 0x0000000708500000|  0%| F|  |TS  0|AC  0|TAMS 0x0000000708400000, 0x0000000708400000|
| 133|0x0000000708500000, 0x0000000708500000, 0x0000000708600000|  0%| F|  |TS  0|AC  0|TAMS 0x0000000708500000, 0x0000000708500000|
| 134|0x0000000708600000, 0x0000000708600000, 0x0000000708700000|  0%| F|  |TS  0|AC  0|TAMS 0x0000000708600000, 0x0000000708600000|
| 135|0x0000000708700000, 0x0000000708700000, 0x0000000708800000|  0%| F|  |TS  0|AC  0|TAMS 0x0000000708700000, 0x0000000708700000|
| 136|0x0000000708800000, 0x0000000708800000, 0x0000000708900000|  0%| F|  |TS  0|AC  0|TAMS 0x0000000708800000, 0x0000000708800000|
| 137|0x0000000708900000, 0x0000000708900000, 0x0000000708a00000|  0%| F|  |TS  0|AC  0|TAMS 0x0000000708900000, 0x0000000708900000|
| 138|0x0000000708a00000, 0x0000000708a00000, 0x0000000708b00000|  0%| F|  |TS  0|AC  0|TAMS 0x0000000708a00000, 0x0000000708a00000|
| 139|0x0000000708b00000, 0x0000000708b00000, 0x0000000708c00000|  0%| F|  |TS  0|AC  0|TAMS 0x0000000708b00000, 0x0000000708b00000|
| 140|0x0000000708c00000, 0x0000000708c00000, 0x0000000708d00000|  0%| F|  |TS  0|AC  0|TAMS 0x0000000708c00000, 0x0000000708c00000|
| 141|0x0000000708d00000, 0x0000000708d00000, 0x0000000708e00000|  0%| F|  |TS  0|AC  0|TAMS 0x0000000708d00000, 0x0000000708d00000|
| 142|0x0000000708e00000, 0x0000000708e00000, 0x0000000708f00000|  0%| F|  |TS  0|AC  0|TAMS 0x0000000708e00000, 0x0000000708e00000|
| 143|0x0000000708f00000, 0x0000000708f00000, 0x0000000709000000|  0%| F|  |TS  0|AC  0|TAMS 0x0000000708f00000, 0x0000000708f00000|
| 144|0x0000000709000000, 0x0000000709000000, 0x0000000709100000|  0%| F|  |TS  0|AC  0|TAMS 0x0000000709000000, 0x0000000709000000|
| 145|0x0000000709100000, 0x0000000709100000, 0x0000000709200000|  0%| F|  |TS  0|AC  0|TAMS 0x0000000709100000, 0x0000000709100000|
| 146|0x0000000709200000, 0x0000000709200000, 0x0000000709300000|  0%| F|  |TS  0|AC  0|TAMS 0x0000000709200000, 0x0000000709200000|
| 147|0x0000000709300000, 0x0000000709300000, 0x0000000709400000|  0%| F|  |TS  0|AC  0|TAMS 0x0000000709300000, 0x0000000709300000|
| 148|0x0000000709400000, 0x0000000709400000, 0x0000000709500000|  0%| F|  |TS  0|AC  0|TAMS 0x0000000709400000, 0x0000000709400000|
| 149|0x0000000709500000, 0x0000000709500000, 0x0000000709600000|  0%| F|  |TS  0|AC  0|TAMS 0x0000000709500000, 0x0000000709500000|
| 150|0x0000000709600000, 0x0000000709600000, 0x0000000709700000|  0%| F|  |TS  0|AC  0|TAMS 0x0000000709600000, 0x0000000709600000|
| 151|0x0000000709700000, 0x0000000709700000, 0x0000000709800000|  0%| F|  |TS  0|AC  0|TAMS 0x0000000709700000, 0x0000000709700000|
| 152|0x0000000709800000, 0x0000000709800000, 0x0000000709900000|  0%| F|  |TS  0|AC  0|TAMS 0x0000000709800000, 0x0000000709800000|
| 153|0x0000000709900000, 0x0000000709900000, 0x0000000709a00000|  0%| F|  |TS  0|AC  0|TAMS 0x0000000709900000, 0x0000000709900000|
| 154|0x0000000709a00000, 0x0000000709a00000, 0x0000000709b00000|  0%| F|  |TS  0|AC  0|TAMS 0x0000000709a00000, 0x0000000709a00000|
| 155|0x0000000709b00000, 0x0000000709b00000, 0x0000000709c00000|  0%| F|  |TS  0|AC  0|TAMS 0x0000000709b00000, 0x0000000709b00000|
| 156|0x0000000709c00000, 0x0000000709c00000, 0x0000000709d00000|  0%| F|  |TS  0|AC  0|TAMS 0x0000000709c00000, 0x0000000709c00000|
| 157|0x0000000709d00000, 0x0000000709d00000, 0x0000000709e00000|  0%| F|  |TS  0|AC  0|TAMS 0x0000000709d00000, 0x0000000709d00000|
| 158|0x0000000709e00000, 0x0000000709e00000, 0x0000000709f00000|  0%| F|  |TS  0|AC  0|TAMS 0x0000000709e00000, 0x0000000709e00000|
| 159|0x0000000709f00000, 0x0000000709f00000, 0x000000070a000000|  0%| F|  |TS  0|AC  0|TAMS 0x0000000709f00000, 0x0000000709f00000|
| 160|0x000000070a000000, 0x000000070a000000, 0x000000070a100000|  0%| F|  |TS  0|AC  0|TAMS 0x000000070a000000, 0x000000070a000000|
| 161|0x000000070a100000, 0x000000070a100000, 0x000000070a200000|  0%| F|  |TS  0|AC  0|TAMS 0x000000070a100000, 0x000000070a100000|
| 162|0x000000070a200000, 0x000000070a200000, 0x000000070a300000|  0%| F|  |TS  0|AC  0|TAMS 0x000000070a200000, 0x000000070a200000|
| 163|0x000000070a300000, 0x000000070a300000, 0x000000070a400000|  0%| F|  |TS  0|AC  0|TAMS 0x000000070a300000, 0x000000070a300000|
| 164|0x000000070a400000, 0x000000070a400000, 0x000000070a500000|  0%| F|  |TS  0|AC  0|TAMS 0x000000070a400000, 0x000000070a400000|
| 165|0x000000070a500000, 0x000000070a500000, 0x000000070a600000|  0%| F|  |TS  0|AC  0|TAMS 0x000000070a500000, 0x000000070a500000|
| 166|0x000000070a600000, 0x000000070a600000, 0x000000070a700000|  0%| F|  |TS  0|AC  0|TAMS 0x000000070a600000, 0x000000070a600000|
| 167|0x000000070a700000, 0x000000070a700000, 0x000000070a800000|  0%| F|  |TS  0|AC  0|TAMS 0x000000070a700000, 0x000000070a700000|
| 168|0x000000070a800000, 0x000000070a800000, 0x000000070a900000|  0%| F|  |TS  0|AC  0|TAMS 0x000000070a800000, 0x000000070a800000|
| 169|0x000000070a900000, 0x000000070a900000, 0x000000070aa00000|  0%| F|  |TS  0|AC  0|TAMS 0x000000070a900000, 0x000000070a900000|
| 170|0x000000070aa00000, 0x000000070aa00000, 0x000000070ab00000|  0%| F|  |TS  0|AC  0|TAMS 0x000000070aa00000, 0x000000070aa00000|
| 171|0x000000070ab00000, 0x000000070ab00000, 0x000000070ac00000|  0%| F|  |TS  0|AC  0|TAMS 0x000000070ab00000, 0x000000070ab00000|
| 172|0x000000070ac00000, 0x000000070ac00000, 0x000000070ad00000|  0%| F|  |TS  0|AC  0|TAMS 0x000000070ac00000, 0x000000070ac00000|
| 173|0x000000070ad00000, 0x000000070ad00000, 0x000000070ae00000|  0%| F|  |TS  0|AC  0|TAMS 0x000000070ad00000, 0x000000070ad00000|
| 174|0x000000070ae00000, 0x000000070ae00000, 0x000000070af00000|  0%| F|  |TS  0|AC  0|TAMS 0x000000070ae00000, 0x000000070ae00000|
| 175|0x000000070af00000, 0x000000070af00000, 0x000000070b000000|  0%| F|  |TS  0|AC  0|TAMS 0x000000070af00000, 0x000000070af00000|
| 176|0x000000070b000000, 0x000000070b000000, 0x000000070b100000|  0%| F|  |TS  0|AC  0|TAMS 0x000000070b000000, 0x000000070b000000|
| 177|0x000000070b100000, 0x000000070b100000, 0x000000070b200000|  0%| F|  |TS  0|AC  0|TAMS 0x000000070b100000, 0x000000070b100000|
| 178|0x000000070b200000, 0x000000070b200000, 0x000000070b300000|  0%| F|  |TS  0|AC  0|TAMS 0x000000070b200000, 0x000000070b200000|
| 179|0x000000070b300000, 0x000000070b300000, 0x000000070b400000|  0%| F|  |TS  0|AC  0|TAMS 0x000000070b300000, 0x000000070b300000|
| 180|0x000000070b400000, 0x000000070b400000, 0x000000070b500000|  0%| F|  |TS  0|AC  0|TAMS 0x000000070b400000, 0x000000070b400000|
| 181|0x000000070b500000, 0x000000070b500000, 0x000000070b600000|  0%| F|  |TS  0|AC  0|TAMS 0x000000070b500000, 0x000000070b500000|
| 182|0x000000070b600000, 0x000000070b600000, 0x000000070b700000|  0%| F|  |TS  0|AC  0|TAMS 0x000000070b600000, 0x000000070b600000|
| 183|0x000000070b700000, 0x000000070b700000, 0x000000070b800000|  0%| F|  |TS  0|AC  0|TAMS 0x000000070b700000, 0x000000070b700000|
| 184|0x000000070b800000, 0x000000070b800000, 0x000000070b900000|  0%| F|  |TS  0|AC  0|TAMS 0x000000070b800000, 0x000000070b800000|
| 185|0x000000070b900000, 0x000000070b900000, 0x000000070ba00000|  0%| F|  |TS  0|AC  0|TAMS 0x000000070b900000, 0x000000070b900000|
| 186|0x000000070ba00000, 0x000000070ba00000, 0x000000070bb00000|  0%| F|  |TS  0|AC  0|TAMS 0x000000070ba00000, 0x000000070ba00000|
| 187|0x000000070bb00000, 0x000000070bb00000, 0x000000070bc00000|  0%| F|  |TS  0|AC  0|TAMS 0x000000070bb00000, 0x000000070bb00000|
| 188|0x000000070bc00000, 0x000000070bc00000, 0x000000070bd00000|  0%| F|  |TS  0|AC  0|TAMS 0x000000070bc00000, 0x000000070bc00000|
| 189|0x000000070bd00000, 0x000000070bd00000, 0x000000070be00000|  0%| F|  |TS  0|AC  0|TAMS 0x000000070bd00000, 0x000000070bd00000|
| 190|0x000000070be00000, 0x000000070be00000, 0x000000070bf00000|  0%| F|  |TS  0|AC  0|TAMS 0x000000070be00000, 0x000000070be00000|
| 191|0x000000070bf00000, 0x000000070bf00000, 0x000000070c000000|  0%| F|  |TS  0|AC  0|TAMS 0x000000070bf00000, 0x000000070bf00000|
| 192|0x000000070c000000, 0x000000070c000000, 0x000000070c100000|  0%| F|  |TS  0|AC  0|TAMS 0x000000070c000000, 0x000000070c000000|
| 193|0x000000070c100000, 0x000000070c100000, 0x000000070c200000|  0%| F|  |TS  0|AC  0|TAMS 0x000000070c100000, 0x000000070c100000|
| 194|0x000000070c200000, 0x000000070c200000, 0x000000070c300000|  0%| F|  |TS  0|AC  0|TAMS 0x000000070c200000, 0x000000070c200000|
| 195|0x000000070c300000, 0x000000070c300000, 0x000000070c400000|  0%| F|  |TS  0|AC  0|TAMS 0x000000070c300000, 0x000000070c300000|
| 196|0x000000070c400000, 0x000000070c4651f8, 0x000000070c500000| 39%| S|CS|TS  1|AC  0|TAMS 0x000000070c400000, 0x000000070c400000|
| 197|0x000000070c500000, 0x000000070c500000, 0x000000070c600000|  0%| F|  |TS  1|AC  0|TAMS 0x000000070c500000, 0x000000070c500000|
| 198|0x000000070c600000, 0x000000070c600000, 0x000000070c700000|  0%| F|  |TS  1|AC  0|TAMS 0x000000070c600000, 0x000000070c600000|
| 199|0x000000070c700000, 0x000000070c700000, 0x000000070c800000|  0%| F|  |TS  1|AC  0|TAMS 0x000000070c700000, 0x000000070c700000|
| 200|0x000000070c800000, 0x000000070c800000, 0x000000070c900000|  0%| F|  |TS  1|AC  0|TAMS 0x000000070c800000, 0x000000070c800000|
| 201|0x000000070c900000, 0x000000070c900000, 0x000000070ca00000|  0%| F|  |TS  1|AC  0|TAMS 0x000000070c900000, 0x000000070c900000|
| 202|0x000000070ca00000, 0x000000070ca00000, 0x000000070cb00000|  0%| F|  |TS  1|AC  0|TAMS 0x000000070ca00000, 0x000000070ca00000|
| 203|0x000000070cb00000, 0x000000070cb00000, 0x000000070cc00000|  0%| F|  |TS  1|AC  0|TAMS 0x000000070cb00000, 0x000000070cb00000|
| 204|0x000000070cc00000, 0x000000070cc00000, 0x000000070cd00000|  0%| F|  |TS  1|AC  0|TAMS 0x000000070cc00000, 0x000000070cc00000|
| 205|0x000000070cd00000, 0x000000070cd00000, 0x000000070ce00000|  0%| F|  |TS  1|AC  0|TAMS 0x000000070cd00000, 0x000000070cd00000|
| 206|0x000000070ce00000, 0x000000070ce00000, 0x000000070cf00000|  0%| F|  |TS  1|AC  0|TAMS 0x000000070ce00000, 0x000000070ce00000|
| 207|0x000000070cf00000, 0x000000070cf00000, 0x000000070d000000|  0%| F|  |TS  1|AC  0|TAMS 0x000000070cf00000, 0x000000070cf00000|
| 208|0x000000070d000000, 0x000000070d000000, 0x000000070d100000|  0%| F|  |TS  1|AC  0|TAMS 0x000000070d000000, 0x000000070d000000|
| 209|0x000000070d100000, 0x000000070d100000, 0x000000070d200000|  0%| F|  |TS  1|AC  0|TAMS 0x000000070d100000, 0x000000070d100000|
| 210|0x000000070d200000, 0x000000070d200000, 0x000000070d300000|  0%| F|  |TS  1|AC  0|TAMS 0x000000070d200000, 0x000000070d200000|
| 211|0x000000070d300000, 0x000000070d300000, 0x000000070d400000|  0%| F|  |TS  1|AC  0|TAMS 0x000000070d300000, 0x000000070d300000|
| 212|0x000000070d400000, 0x000000070d400000, 0x000000070d500000|  0%| F|  |TS  1|AC  0|TAMS 0x000000070d400000, 0x000000070d400000|
| 213|0x000000070d500000, 0x000000070d500000, 0x000000070d600000|  0%| F|  |TS  1|AC  0|TAMS 0x000000070d500000, 0x000000070d500000|
| 214|0x000000070d600000, 0x000000070d600000, 0x000000070d700000|  0%| F|  |TS  1|AC  0|TAMS 0x000000070d600000, 0x000000070d600000|
| 215|0x000000070d700000, 0x000000070d700000, 0x000000070d800000|  0%| F|  |TS  1|AC  0|TAMS 0x000000070d700000, 0x000000070d700000|
| 216|0x000000070d800000, 0x000000070d800000, 0x000000070d900000|  0%| F|  |TS  1|AC  0|TAMS 0x000000070d800000, 0x000000070d800000|
| 217|0x000000070d900000, 0x000000070d900000, 0x000000070da00000|  0%| F|  |TS  1|AC  0|TAMS 0x000000070d900000, 0x000000070d900000|
| 218|0x000000070da00000, 0x000000070da00000, 0x000000070db00000|  0%| F|  |TS  1|AC  0|TAMS 0x000000070da00000, 0x000000070da00000|
| 219|0x000000070db00000, 0x000000070db00000, 0x000000070dc00000|  0%| F|  |TS  1|AC  0|TAMS 0x000000070db00000, 0x000000070db00000|
| 220|0x000000070dc00000, 0x000000070dc00000, 0x000000070dd00000|  0%| F|  |TS  1|AC  0|TAMS 0x000000070dc00000, 0x000000070dc00000|
| 221|0x000000070dd00000, 0x000000070dd00000, 0x000000070de00000|  0%| F|  |TS  1|AC  0|TAMS 0x000000070dd00000, 0x000000070dd00000|
| 222|0x000000070de00000, 0x000000070de00000, 0x000000070df00000|  0%| F|  |TS  1|AC  0|TAMS 0x000000070de00000, 0x000000070de00000|
| 223|0x000000070df00000, 0x000000070df00000, 0x000000070e000000|  0%| F|  |TS  1|AC  0|TAMS 0x000000070df00000, 0x000000070df00000|
| 224|0x000000070e000000, 0x000000070e000000, 0x000000070e100000|  0%| F|  |TS  1|AC  0|TAMS 0x000000070e000000, 0x000000070e000000|
| 225|0x000000070e100000, 0x000000070e100000, 0x000000070e200000|  0%| F|  |TS  1|AC  0|TAMS 0x000000070e100000, 0x000000070e100000|
| 226|0x000000070e200000, 0x000000070e200000, 0x000000070e300000|  0%| F|  |TS  1|AC  0|TAMS 0x000000070e200000, 0x000000070e200000|
| 227|0x000000070e300000, 0x000000070e300000, 0x000000070e400000|  0%| F|  |TS  1|AC  0|TAMS 0x000000070e300000, 0x000000070e300000|
| 228|0x000000070e400000, 0x000000070e400000, 0x000000070e500000|  0%| F|  |TS  1|AC  0|TAMS 0x000000070e400000, 0x000000070e400000|
| 229|0x000000070e500000, 0x000000070e500000, 0x000000070e600000|  0%| F|  |TS  1|AC  0|TAMS 0x000000070e500000, 0x000000070e500000|
| 230|0x000000070e600000, 0x000000070e600000, 0x000000070e700000|  0%| F|  |TS  1|AC  0|TAMS 0x000000070e600000, 0x000000070e600000|
| 231|0x000000070e700000, 0x000000070e700000, 0x000000070e800000|  0%| F|  |TS  1|AC  0|TAMS 0x000000070e700000, 0x000000070e700000|
| 232|0x000000070e800000, 0x000000070e800000, 0x000000070e900000|  0%| F|  |TS  1|AC  0|TAMS 0x000000070e800000, 0x000000070e800000|
| 233|0x000000070e900000, 0x000000070e900000, 0x000000070ea00000|  0%| F|  |TS  1|AC  0|TAMS 0x000000070e900000, 0x000000070e900000|
| 234|0x000000070ea00000, 0x000000070ea00000, 0x000000070eb00000|  0%| F|  |TS  1|AC  0|TAMS 0x000000070ea00000, 0x000000070ea00000|
| 235|0x000000070eb00000, 0x000000070eb00000, 0x000000070ec00000|  0%| F|  |TS  1|AC  0|TAMS 0x000000070eb00000, 0x000000070eb00000|
| 236|0x000000070ec00000, 0x000000070ec00000, 0x000000070ed00000|  0%| F|  |TS  1|AC  0|TAMS 0x000000070ec00000, 0x000000070ec00000|
| 237|0x000000070ed00000, 0x000000070ed00000, 0x000000070ee00000|  0%| F|  |TS  1|AC  0|TAMS 0x000000070ed00000, 0x000000070ed00000|
| 238|0x000000070ee00000, 0x000000070ee00000, 0x000000070ef00000|  0%| F|  |TS  1|AC  0|TAMS 0x000000070ee00000, 0x000000070ee00000|
| 239|0x000000070ef00000, 0x000000070ef00000, 0x000000070f000000|  0%| F|  |TS  1|AC  0|TAMS 0x000000070ef00000, 0x000000070ef00000|
| 240|0x000000070f000000, 0x000000070f000000, 0x000000070f100000|  0%| F|  |TS  1|AC  0|TAMS 0x000000070f000000, 0x000000070f000000|
| 241|0x000000070f100000, 0x000000070f100000, 0x000000070f200000|  0%| F|  |TS  1|AC  0|TAMS 0x000000070f100000, 0x000000070f100000|
| 242|0x000000070f200000, 0x000000070f200000, 0x000000070f300000|  0%| F|  |TS  1|AC  0|TAMS 0x000000070f200000, 0x000000070f200000|
| 243|0x000000070f300000, 0x000000070f300000, 0x000000070f400000|  0%| F|  |TS  1|AC  0|TAMS 0x000000070f300000, 0x000000070f300000|
| 244|0x000000070f400000, 0x000000070f400000, 0x000000070f500000|  0%| F|  |TS  1|AC  0|TAMS 0x000000070f400000, 0x000000070f400000|
| 245|0x000000070f500000, 0x000000070f500000, 0x000000070f600000|  0%| F|  |TS  1|AC  0|TAMS 0x000000070f500000, 0x000000070f500000|
| 246|0x000000070f600000, 0x000000070f600000, 0x000000070f700000|  0%| F|  |TS  1|AC  0|TAMS 0x000000070f600000, 0x000000070f600000|
| 247|0x000000070f700000, 0x000000070f700000, 0x000000070f800000|  0%| F|  |TS  1|AC  0|TAMS 0x000000070f700000, 0x000000070f700000|
| 248|0x000000070f800000, 0x000000070f800000, 0x000000070f900000|  0%| F|  |TS  1|AC  0|TAMS 0x000000070f800000, 0x000000070f800000|
| 249|0x000000070f900000, 0x000000070f9f5fb8, 0x000000070fa00000| 96%| E|  |TS  1|AC  0|TAMS 0x000000070f900000, 0x000000070f900000|
| 250|0x000000070fa00000, 0x000000070fb00000, 0x000000070fb00000|100%| E|CS|TS  1|AC  0|TAMS 0x000000070fa00000, 0x000000070fa00000|
| 251|0x000000070fb00000, 0x000000070fc00000, 0x000000070fc00000|100%| E|CS|TS  1|AC  0|TAMS 0x000000070fb00000, 0x000000070fb00000|
| 252|0x000000070fc00000, 0x000000070fd00000, 0x000000070fd00000|100%| E|CS|TS  1|AC  0|TAMS 0x000000070fc00000, 0x000000070fc00000|
| 253|0x000000070fd00000, 0x000000070fe00000, 0x000000070fe00000|100%| E|CS|TS  1|AC  0|TAMS 0x000000070fd00000, 0x000000070fd00000|
| 254|0x000000070fe00000, 0x000000070ff00000, 0x000000070ff00000|100%| E|CS|TS  1|AC  0|TAMS 0x000000070fe00000, 0x000000070fe00000|
| 255|0x000000070ff00000, 0x0000000710000000, 0x0000000710000000|100%| E|CS|TS  1|AC  0|TAMS 0x000000070ff00000, 0x000000070ff00000|
| 256|0x0000000710000000, 0x0000000710100000, 0x0000000710100000|100%| E|CS|TS  1|AC  0|TAMS 0x0000000710000000, 0x0000000710000000|

Card table byte_map: [0x0000022f4cec0000,0x0000022f4d4c0000] byte_map_base: 0x0000022f496c0000

Marking Bits (Prev, Next): (CMBitMap*) 0x0000022f35c388c0, (CMBitMap*) 0x0000022f35c388f8
 Prev Bits: [0x0000022f4dac0000, 0x0000022f50ac0000)
 Next Bits: [0x0000022f50ac0000, 0x0000022f53ac0000)

Polling page: 0x0000022f2c4d0000

CodeHeap 'non-profiled nmethods': size=120064Kb used=15372Kb max_used=15372Kb free=104691Kb
 bounds [0x0000022f45380000, 0x0000022f46290000, 0x0000022f4c8c0000]
CodeHeap 'profiled nmethods': size=120000Kb used=37823Kb max_used=37823Kb free=82176Kb
 bounds [0x0000022f3de50000, 0x0000022f40450000, 0x0000022f45380000]
CodeHeap 'non-nmethods': size=5696Kb used=1775Kb max_used=1843Kb free=3920Kb
 bounds [0x0000022f3d8c0000, 0x0000022f3db30000, 0x0000022f3de50000]
 total_blobs=25586 nmethods=14761 adapters=1106
 compilation: enabled

Compilation events (10 events):
Event: 651.688 Thread 0x0000022f33aea800 18133       3       com.jidesoft.editor.CodeEditor::recalculateContentSize (32 bytes)
Event: 651.688 Thread 0x0000022f33aea800 nmethod 18133 0x0000022f3f73b810 code [0x0000022f3f73ba20, 0x0000022f3f73c080]
Event: 651.688 Thread 0x0000022f33aea800 18129       3       com.jidesoft.editor.CodeEditor::getSelectionStartLine (49 bytes)
Event: 651.688 Thread 0x0000022f33aea800 nmethod 18129 0x0000022f3f73ad10 code [0x0000022f3f73af60, 0x0000022f3f73b600]
Event: 651.688 Thread 0x0000022f33aea800 18131       1       com.jidesoft.editor.CodeEditor$r_::access$400 (5 bytes)
Event: 651.688 Thread 0x0000022f33aea800 nmethod 18131 0x0000022f46284910 code [0x0000022f46284ac0, 0x0000022f46284bb8]
Event: 652.012 Thread 0x0000022f61d69800 18134       4       java.util.IdentityHashMap$IdentityHashMapIterator::<init> (63 bytes)
Event: 652.014 Thread 0x0000022f61d69800 nmethod 18134 0x0000022f46284c90 code [0x0000022f46284e20, 0x0000022f462850b8]
Event: 652.161 Thread 0x0000022f61d6a000 18135   !   4       javax.swing.TimerQueue::sharedInstance (44 bytes)
Event: 652.163 Thread 0x0000022f61d6a000 nmethod 18135 0x0000022f46285190 code [0x0000022f46285360, 0x0000022f46285728]

GC Heap History (10 events):
Event: 648.461 GC heap before
{Heap before GC invocations=74 (full 6):
 garbage-first heap   total 198656K, used 148600K [0x0000000700000000, 0x0000000700100610, 0x00000007c0000000)
  region size 1024K, 60 young (61440K), 3 survivors (3072K)
 Metaspace       used 87017K, capacity 92877K, committed 93184K, reserved 1128448K
  class space    used 12759K, capacity 13772K, committed 13824K, reserved 1048576K
}
Event: 648.465 GC heap after
{Heap after GC invocations=75 (full 6):
 garbage-first heap   total 198656K, used 89515K [0x0000000700000000, 0x0000000700100610, 0x00000007c0000000)
  region size 1024K, 2 young (2048K), 2 survivors (2048K)
 Metaspace       used 87017K, capacity 92877K, committed 93184K, reserved 1128448K
  class space    used 12759K, capacity 13772K, committed 13824K, reserved 1048576K
}
Event: 648.769 GC heap before
{Heap before GC invocations=75 (full 6):
 garbage-first heap   total 198656K, used 148907K [0x0000000700000000, 0x0000000700100610, 0x00000007c0000000)
  region size 1024K, 60 young (61440K), 2 survivors (2048K)
 Metaspace       used 87061K, capacity 92971K, committed 93184K, reserved 1128448K
  class space    used 12762K, capacity 13777K, committed 13824K, reserved 1048576K
}
Event: 648.773 GC heap after
{Heap after GC invocations=76 (full 6):
 garbage-first heap   total 198656K, used 89794K [0x0000000700000000, 0x0000000700100610, 0x00000007c0000000)
  region size 1024K, 2 young (2048K), 2 survivors (2048K)
 Metaspace       used 87061K, capacity 92971K, committed 93184K, reserved 1128448K
  class space    used 12762K, capacity 13777K, committed 13824K, reserved 1048576K
}
Event: 648.979 GC heap before
{Heap before GC invocations=77 (full 6):
 garbage-first heap   total 198656K, used 115394K [0x0000000700000000, 0x0000000700100610, 0x00000007c0000000)
  region size 1024K, 28 young (28672K), 2 survivors (2048K)
 Metaspace       used 87108K, capacity 92979K, committed 93184K, reserved 1128448K
  class space    used 12762K, capacity 13777K, committed 13824K, reserved 1048576K
}
Event: 648.985 GC heap after
{Heap after GC invocations=78 (full 6):
 garbage-first heap   total 263168K, used 90034K [0x0000000700000000, 0x0000000700100808, 0x00000007c0000000)
  region size 1024K, 2 young (2048K), 2 survivors (2048K)
 Metaspace       used 87108K, capacity 92979K, committed 93184K, reserved 1128448K
  class space    used 12762K, capacity 13777K, committed 13824K, reserved 1048576K
}
Event: 649.243 GC heap before
{Heap before GC invocations=79 (full 6):
 garbage-first heap   total 263168K, used 127922K [0x0000000700000000, 0x0000000700100808, 0x00000007c0000000)
  region size 1024K, 32 young (32768K), 2 survivors (2048K)
 Metaspace       used 87120K, capacity 93043K, committed 93184K, reserved 1128448K
  class space    used 12762K, capacity 13777K, committed 13824K, reserved 1048576K
}
Event: 649.482 GC heap after
{Heap after GC invocations=80 (full 7):
 garbage-first heap   total 263168K, used 92298K [0x0000000700000000, 0x0000000700100808, 0x00000007c0000000)
  region size 1024K, 0 young (0K), 0 survivors (0K)
 Metaspace       used 87120K, capacity 93043K, committed 93184K, reserved 1128448K
  class space    used 12762K, capacity 13777K, committed 13824K, reserved 1048576K
}
Event: 650.031 GC heap before
{Heap before GC invocations=80 (full 7):
 garbage-first heap   total 263168K, used 156810K [0x0000000700000000, 0x0000000700100808, 0x00000007c0000000)
  region size 1024K, 60 young (61440K), 0 survivors (0K)
 Metaspace       used 87129K, capacity 93049K, committed 93184K, reserved 1128448K
  class space    used 12762K, capacity 13778K, committed 13824K, reserved 1048576K
}
Event: 650.034 GC heap after
{Heap after GC invocations=81 (full 7):
 garbage-first heap   total 263168K, used 95775K [0x0000000700000000, 0x0000000700100808, 0x00000007c0000000)
  region size 1024K, 1 young (1024K), 1 survivors (1024K)
 Metaspace       used 87129K, capacity 93049K, committed 93184K, reserved 1128448K
  class space    used 12762K, capacity 13778K, committed 13824K, reserved 1048576K
}

Deoptimization events (10 events):
Event: 648.784 Thread 0x0000022f3617f000 Uncommon trap: reason=unstable_if action=reinterpret pc=0x0000022f457be18c method=java.awt.DefaultKeyboardFocusManager.purgeStampedEvents(JJ)V @ 3 c2
Event: 649.091 Thread 0x0000022f3617f000 Uncommon trap: reason=unstable_if action=reinterpret pc=0x0000022f46054c64 method=java.awt.EventQueue.removeSourceEvents(Ljava/lang/Object;Z)V @ 99 c2
Event: 649.230 Thread 0x0000022f3617f000 Uncommon trap: reason=speculate_class_check action=maybe_recompile pc=0x0000022f461b9e60 method=java.awt.DefaultKeyboardFocusManager.dispatchEvent(Ljava/awt/AWTEvent;)Z @ 1467 c2
Event: 649.230 Thread 0x0000022f3617f000 Uncommon trap: reason=class_check action=maybe_recompile pc=0x0000022f461ba380 method=java.awt.DefaultKeyboardFocusManager.dispatchEvent(Ljava/awt/AWTEvent;)Z @ 470 c2
Event: 649.240 Thread 0x0000022f3617f000 Uncommon trap: reason=array_check action=maybe_recompile pc=0x0000022f46243588 method=java.util.TimSort.binarySort([Ljava/lang/Object;IIILjava/util/Comparator;)V @ 193 c2
Event: 649.484 Thread 0x0000022f3617f000 Uncommon trap: reason=array_check action=maybe_recompile pc=0x0000022f46243588 method=java.util.TimSort.binarySort([Ljava/lang/Object;IIILjava/util/Comparator;)V @ 193 c2
Event: 649.615 Thread 0x0000022f3617f000 Uncommon trap: reason=array_check action=maybe_recompile pc=0x0000022f46243588 method=java.util.TimSort.binarySort([Ljava/lang/Object;IIILjava/util/Comparator;)V @ 193 c2
Event: 649.619 Thread 0x0000022f3617f000 Uncommon trap: reason=array_check action=maybe_recompile pc=0x0000022f46243588 method=java.util.TimSort.binarySort([Ljava/lang/Object;IIILjava/util/Comparator;)V @ 193 c2
Event: 651.170 Thread 0x0000022f3617f000 Uncommon trap: reason=speculate_class_check action=maybe_recompile pc=0x0000022f461b9e60 method=java.awt.DefaultKeyboardFocusManager.dispatchEvent(Ljava/awt/AWTEvent;)Z @ 1467 c2
Event: 651.189 Thread 0x0000022f3617f000 Uncommon trap: reason=unstable_if action=reinterpret pc=0x0000022f45c82e74 method=javax.swing.AbstractButton.setEnabled(Z)V @ 13 c2

Classes redefined (0 events):
No events

Internal exceptions (10 events):
Event: 613.624 Thread 0x0000022f3617f000 Exception <a 'java/lang/NoSuchMethodError'{0x000000070b63bf50}: method resolution failed> (0x000000070b63bf50) thrown at [t:/workspace/hotspot/src/share/vm/prims/methodHandles.cpp, line 1256]
Event: 613.689 Thread 0x0000022f3617f000 Exception <a 'java/lang/ClassNotFoundException'{0x000000070b374cf8}: ui/views/waveform/f/nBeanInfo> (0x000000070b374cf8) thrown at [t:/workspace/hotspot/src/share/vm/classfile/systemDictionary.cpp, line 218]
Event: 613.689 Thread 0x0000022f3617f000 Exception <a 'java/lang/ClassNotFoundException'{0x000000070b38f6b8}: ui/views/waveform/f/nCustomizer> (0x000000070b38f6b8) thrown at [t:/workspace/hotspot/src/share/vm/classfile/systemDictionary.cpp, line 218]
Event: 613.790 Thread 0x0000022f3617f000 Exception <a 'java/lang/NoSuchMethodError'{0x000000070ad4c8a0}: java.lang.invoke.DirectMethodHandle$Holder.invokeSpecial(Ljava/lang/Object;Ljava/lang/Object;IIIJJJ)Ljava/lang/Object;> (0x000000070ad4c8a0) thrown at [t:/workspace/hotspot/src/share/vm/inter
Event: 613.790 Thread 0x0000022f3617f000 Exception <a 'java/lang/NoSuchMethodError'{0x000000070ad50048}: java.lang.invoke.DelegatingMethodHandle$Holder.reinvoke_L(Ljava/lang/Object;IIIJJJ)Ljava/lang/Object;> (0x000000070ad50048) thrown at [t:/workspace/hotspot/src/share/vm/interpreter/linkResolv
Event: 613.791 Thread 0x0000022f3617f000 Exception <a 'java/lang/NoSuchMethodError'{0x000000070ad5eaa0}: method resolution failed> (0x000000070ad5eaa0) thrown at [t:/workspace/hotspot/src/share/vm/prims/methodHandles.cpp, line 1256]
Event: 615.054 Thread 0x0000022f3617f000 Exception <a 'java/lang/NoSuchMethodError'{0x000000070a88c9b8}: java.lang.invoke.DelegatingMethodHandle$Holder.reinvoke_L(Ljava/lang/Object;Ljava/lang/Object;J)Ljava/lang/Object;> (0x000000070a88c9b8) thrown at [t:/workspace/hotspot/src/share/vm/interpret
Event: 619.465 Thread 0x0000022f3617f000 Exception <a 'java/lang/NoSuchMethodError'{0x000000070b338148}: java.lang.invoke.DirectMethodHandle$Holder.invokeSpecial(Ljava/lang/Object;Ljava/lang/Object;IILjava/lang/Object;Ljava/lang/Object;I)Ljava/lang/Object;> (0x000000070b338148) thrown at [t:/wor
Event: 619.465 Thread 0x0000022f3617f000 Exception <a 'java/lang/NoSuchMethodError'{0x000000070b33b808}: java.lang.invoke.DelegatingMethodHandle$Holder.reinvoke_L(Ljava/lang/Object;IILjava/lang/Object;Ljava/lang/Object;I)Ljava/lang/Object;> (0x000000070b33b808) thrown at [t:/workspace/hotspot/sr
Event: 638.768 Thread 0x0000022f3617f000 Implicit null exception at 0x0000022f4611960c to 0x0000022f4611aea9

Events (10 events):
Event: 651.171 Executing VM operation: BulkRevokeBias done
Event: 651.189 Thread 0x0000022f3617f000 Uncommon trap: trap_request=0xffffff5d fr.pc=0x0000022f45c82e74 relative=0x00000000000000b4
Event: 651.189 Thread 0x0000022f3617f000 DEOPT PACKING pc=0x0000022f45c82e74 sp=0x000000c653df6b90
Event: 651.189 Thread 0x0000022f3617f000 DEOPT UNPACKING pc=0x0000022f3d90df29 sp=0x000000c653df6b20 mode 2
Event: 651.196 Thread 0x0000022f3617f000 DEOPT PACKING pc=0x0000022f3e295224 sp=0x000000c653df6cf0
Event: 651.196 Thread 0x0000022f3617f000 DEOPT UNPACKING pc=0x0000022f3d90dd3f sp=0x000000c653df6190 mode 0
Event: 651.484 Thread 0x0000022f65258800 Thread added: 0x0000022f65258800
Event: 651.487 Thread 0x0000022f65258800 Thread exited: 0x0000022f65258800
Event: 652.484 Thread 0x0000022f65258800 Thread added: 0x0000022f65258800
Event: 652.487 Thread 0x0000022f65258800 Thread exited: 0x0000022f65258800


Dynamic libraries:
0x00007ff615840000 - 0x00007ff615870000 	G:\Apps\Xilinix\Vivado\2020.1\bin\unwrapped\win64.o\vivado.exe
0x00007ff8fec60000 - 0x00007ff8fee50000 	C:\WINDOWS\SYSTEM32\ntdll.dll
0x00007ff8fcd10000 - 0x00007ff8fcdc2000 	C:\WINDOWS\System32\KERNEL32.DLL
0x00007ff8fbc20000 - 0x00007ff8fbec5000 	C:\WINDOWS\System32\KERNELBASE.dll
0x00007ff8fcb10000 - 0x00007ff8fcc0a000 	C:\WINDOWS\System32\ucrtbase.dll
0x00007ff8d66b0000 - 0x00007ff8d6749000 	C:\WINDOWS\SYSTEM32\MSVCP140.dll
0x00007ff8d6750000 - 0x00007ff8d6767000 	C:\WINDOWS\SYSTEM32\VCRUNTIME140.dll
0x00007ff8f64a0000 - 0x00007ff8f64ba000 	G:\Apps\Xilinix\Vivado\2020.1\lib\win64.o\librdi_commonmain.dll
0x00007ff8b2cd0000 - 0x00007ff8b3d96000 	G:\Apps\Xilinix\Vivado\2020.1\lib\win64.o\librdi_common.dll
0x00007ff8fe370000 - 0x00007ff8fe505000 	C:\WINDOWS\System32\USER32.dll
0x00007ff8fbbf0000 - 0x00007ff8fbc11000 	C:\WINDOWS\System32\win32u.dll
0x00007ff8fd030000 - 0x00007ff8fd056000 	C:\WINDOWS\System32\GDI32.dll
0x00007ff8fc0c0000 - 0x00007ff8fc256000 	C:\WINDOWS\System32\gdi32full.dll
0x00007ff8fc020000 - 0x00007ff8fc0be000 	C:\WINDOWS\System32\msvcp_win.dll
0x00007ff8fe210000 - 0x00007ff8fe2b3000 	C:\WINDOWS\System32\ADVAPI32.dll
0x00007ff8fd750000 - 0x00007ff8fd7ee000 	C:\WINDOWS\System32\msvcrt.dll
0x00007ff8fdef0000 - 0x00007ff8fdf87000 	C:\WINDOWS\System32\sechost.dll
0x00007ff8fdf90000 - 0x00007ff8fe0b0000 	C:\WINDOWS\System32\RPCRT4.dll
0x00007ff8fd060000 - 0x00007ff8fd747000 	C:\WINDOWS\System32\SHELL32.dll
0x00007ff8fccc0000 - 0x00007ff8fcd0a000 	C:\WINDOWS\System32\cfgmgr32.dll
0x00007ff8fde40000 - 0x00007ff8fdee9000 	C:\WINDOWS\System32\shcore.dll
0x00007ff8fe800000 - 0x00007ff8feb35000 	C:\WINDOWS\System32\combase.dll
0x00007ff8fc260000 - 0x00007ff8fc2e0000 	C:\WINDOWS\System32\bcryptPrimitives.dll
0x00007ff8fc390000 - 0x00007ff8fcb10000 	C:\WINDOWS\System32\windows.storage.dll
0x00007ff8fbb70000 - 0x00007ff8fbb93000 	C:\WINDOWS\System32\profapi.dll
0x00007ff8fbba0000 - 0x00007ff8fbbea000 	C:\WINDOWS\System32\powrprof.dll
0x00007ff8fbb20000 - 0x00007ff8fbb30000 	C:\WINDOWS\System32\UMPDC.dll
0x00007ff8fdc60000 - 0x00007ff8fdcb2000 	C:\WINDOWS\System32\shlwapi.dll
0x00007ff8fbb30000 - 0x00007ff8fbb41000 	C:\WINDOWS\System32\kernel.appcore.dll
0x00007ff8fc310000 - 0x00007ff8fc327000 	C:\WINDOWS\System32\cryptsp.dll
0x00007ff8fdcd0000 - 0x00007ff8fdd3f000 	C:\WINDOWS\System32\WS2_32.dll
0x00007ff8fc2e0000 - 0x00007ff8fc306000 	C:\WINDOWS\System32\bcrypt.dll
0x00007ff8eb110000 - 0x00007ff8eb124000 	G:\Apps\Xilinix\Vivado\2020.1\lib\win64.o\libboost_signals.dll
0x00007ff8c3760000 - 0x00007ff8c3901000 	G:\Apps\Xilinix\Vivado\2020.1\lib\win64.o\librdi_commonxillic.dll
0x00007ff8dc060000 - 0x00007ff8dc06a000 	G:\Apps\Xilinix\Vivado\2020.1\lib\win64.o\librdi_commonversion.dll
0x00007ff8da9e0000 - 0x00007ff8daa06000 	G:\Apps\Xilinix\Vivado\2020.1\lib\win64.o\libboost_filesystem.dll
0x00007ff8da7d0000 - 0x00007ff8da7e4000 	G:\Apps\Xilinix\Vivado\2020.1\lib\win64.o\libboost_date_time.dll
0x00007ff8c8cf0000 - 0x00007ff8c8d6f000 	G:\Apps\Xilinix\Vivado\2020.1\lib\win64.o\libboost_program_options.dll
0x00007ff8dbbc0000 - 0x00007ff8dbbcb000 	G:\Apps\Xilinix\Vivado\2020.1\lib\win64.o\libboost_system.dll
0x000000006b730000 - 0x000000006b85b000 	G:\Apps\Xilinix\Vivado\2020.1\lib\win64.o\tcl85t.dll
0x00007ff8dbb60000 - 0x00007ff8dbb6f000 	G:\Apps\Xilinix\Vivado\2020.1\lib\win64.o\libboost_xilinx.dll
0x00007ff8c5370000 - 0x00007ff8c5484000 	G:\Apps\Xilinix\Vivado\2020.1\lib\win64.o\libboost_regex.dll
0x00007ff8da7a0000 - 0x00007ff8da7c1000 	G:\Apps\Xilinix\Vivado\2020.1\lib\win64.o\libboost_thread.dll
0x00007ff8b60b0000 - 0x00007ff8b641e000 	G:\Apps\Xilinix\Vivado\2020.1\lib\win64.o\libCOIN-all.dll
0x00007ff8c5d00000 - 0x00007ff8c5d82000 	G:\Apps\Xilinix\Vivado\2020.1\lib\win64.o\libhdlpsolve.dll
0x00007ff8c4d60000 - 0x00007ff8c4e05000 	G:\Apps\Xilinix\Vivado\2020.1\lib\win64.o\libhdxml.dll
0x00007ff8d98f0000 - 0x00007ff8d991e000 	G:\Apps\Xilinix\Vivado\2020.1\lib\win64.o\libisl_sysinfo.dll
0x00007ff8d9a90000 - 0x00007ff8d9aaa000 	G:\Apps\Xilinix\Vivado\2020.1\lib\win64.o\pthreadVC2.dll
0x00007ff8d91e0000 - 0x00007ff8d91fc000 	G:\Apps\Xilinix\Vivado\2020.1\lib\win64.o\librdiconfig.dll
0x00007ff8c4cf0000 - 0x00007ff8c4d55000 	G:\Apps\Xilinix\Vivado\2020.1\lib\win64.o\liblmx6.0.dll
0x00007ff8ea910000 - 0x00007ff8ea927000 	C:\WINDOWS\SYSTEM32\NETAPI32.dll
0x00007ff8ecaf0000 - 0x00007ff8ecfc5000 	C:\WINDOWS\SYSTEM32\WININET.dll
0x00007ff8f0b40000 - 0x00007ff8f0c30000 	C:\WINDOWS\SYSTEM32\WINHTTP.dll
0x00007ff8efab0000 - 0x00007ff8efc86000 	C:\WINDOWS\SYSTEM32\urlmon.dll
0x00007ff8d8f80000 - 0x00007ff8d8fa1000 	G:\Apps\Xilinix\Vivado\2020.1\lib\win64.o\librdizlib.dll
0x00007ff8e09c0000 - 0x00007ff8e09c9000 	C:\WINDOWS\SYSTEM32\WSOCK32.dll
0x00007ff8d8e80000 - 0x00007ff8d8ea8000 	C:\WINDOWS\SYSTEM32\VCOMP140.DLL
0x00007ff8b57f0000 - 0x00007ff8b5acb000 	G:\Apps\Xilinix\Vivado\2020.1\lib\win64.o\libXil_lmgr11.dll
0x00007ff8fe570000 - 0x00007ff8fe640000 	C:\WINDOWS\System32\COMDLG32.dll
0x00007ff8feb50000 - 0x00007ff8fec15000 	C:\WINDOWS\System32\OLEAUT32.dll
0x00007ff8fe0b0000 - 0x00007ff8fe207000 	C:\WINDOWS\System32\ole32.dll
0x00007ff8fc330000 - 0x00007ff8fc38c000 	C:\WINDOWS\System32\WINTRUST.dll
0x00007ff8fbb50000 - 0x00007ff8fbb62000 	C:\WINDOWS\System32\MSASN1.dll
0x00007ff8fbed0000 - 0x00007ff8fc019000 	C:\WINDOWS\System32\CRYPT32.dll
0x00007ff8a8990000 - 0x00007ff8a9821000 	G:\Apps\Xilinix\Vivado\2020.1\lib\win64.o\gurobi65.dll
0x0000000012000000 - 0x0000000012270000 	G:\Apps\Xilinix\Vivado\2020.1\lib\win64.o\xerces-c_3_1.dll
0x00007ff8ef800000 - 0x00007ff8efaa6000 	C:\WINDOWS\SYSTEM32\iertutil.dll
0x00007ff8ef100000 - 0x00007ff8ef1a9000 	C:\WINDOWS\WinSxS\amd64_microsoft.windows.common-controls_6595b64144ccf1df_5.82.18362.1082_none_73b2803ad816b43c\COMCTL32.dll
0x00007ff8f5ee0000 - 0x00007ff8f5efc000 	C:\WINDOWS\SYSTEM32\dhcpcsvc.DLL
0x00007ff8fdcc0000 - 0x00007ff8fdcc8000 	C:\WINDOWS\System32\NSI.dll
0x00007ff8fb4a0000 - 0x00007ff8fb4ac000 	C:\WINDOWS\SYSTEM32\CRYPTBASE.DLL
0x00007ff8da790000 - 0x00007ff8da79d000 	G:\Apps\Xilinix\Vivado\2020.1\lib\win64.o\libboost_chrono.dll
0x00007ff8a7cd0000 - 0x00007ff8a8985a00 	G:\Apps\Xilinix\Vivado\2020.1\lib\win64.o\libisl_iostreams.dll
0x00007ff8d8f60000 - 0x00007ff8d8f7b000 	G:\Apps\Xilinix\Vivado\2020.1\lib\win64.o\libboost_iostreams.dll
0x00007ff8d83b0000 - 0x00007ff8d83d5000 	G:\Apps\Xilinix\Vivado\2020.1\lib\win64.o\libisl_iosutils.dll
0x00007ff8fb150000 - 0x00007ff8fb15c000 	C:\WINDOWS\SYSTEM32\NETUTILS.DLL
0x00007ff8fb320000 - 0x00007ff8fb387000 	C:\WINDOWS\SYSTEM32\MSWSOCK.DLL
0x00007ff8fcff0000 - 0x00007ff8fd01e000 	C:\WINDOWS\System32\IMM32.DLL
0x00007ff8a77d0000 - 0x00007ff8a7ccc000 	G:\Apps\Xilinix\Vivado\2020.1\lib\win64.o\librdi_commontasks.dll
0x00007ff8f6000000 - 0x00007ff8f600a000 	C:\WINDOWS\SYSTEM32\VERSION.dll
0x00007ff8b29e0000 - 0x00007ff8b2cc4000 	G:\Apps\Xilinix\Vivado\2020.1\lib\win64.o\librdi_sio.dll
0x00007ff8fb040000 - 0x00007ff8fb07a000 	C:\WINDOWS\SYSTEM32\IPHLPAPI.DLL
0x0000000069ae0000 - 0x000000006a505000 	G:\Apps\Xilinix\Vivado\2020.1\tps\win64\jre9.0.4\bin\server\jvm.dll
0x00007ff8feb40000 - 0x00007ff8feb48000 	C:\WINDOWS\System32\PSAPI.DLL
0x00007ff8f8770000 - 0x00007ff8f8794000 	C:\WINDOWS\SYSTEM32\WINMM.dll
0x00007ff8ba450000 - 0x00007ff8ba53f000 	C:\WINDOWS\SYSTEM32\MSVCR120.dll
0x00007ff8f8740000 - 0x00007ff8f876d000 	C:\WINDOWS\SYSTEM32\WINMMBASE.dll
0x00007ff8a5130000 - 0x00007ff8a77c5000 	G:\Apps\Xilinix\Vivado\2020.1\lib\win64.o\librdi_tcltasks.dll
0x00007ff8baca0000 - 0x00007ff8bad1b000 	G:\Apps\Xilinix\Vivado\2020.1\lib\win64.o\librdi_boarddep.dll
0x00007ff8b67e0000 - 0x00007ff8b6993000 	G:\Apps\Xilinix\Vivado\2020.1\lib\win64.o\librdi_board.dll
0x00007ff8a4c60000 - 0x00007ff8a5126000 	G:\Apps\Xilinix\Vivado\2020.1\lib\win64.o\librdi_bitstream.dll
0x00007ff8ba350000 - 0x00007ff8ba446000 	G:\Apps\Xilinix\Vivado\2020.1\lib\win64.o\librdi_chipscope.dll
0x00007ff8b5ee0000 - 0x00007ff8b60a1000 	G:\Apps\Xilinix\Vivado\2020.1\lib\win64.o\librdi_chipscopeimpl.dll
0x00007ff8a4b00000 - 0x00007ff8a4c5b000 	G:\Apps\Xilinix\Vivado\2020.1\lib\win64.o\librdi_containers.dll
0x00007ff8a4420000 - 0x00007ff8a4af9000 	G:\Apps\Xilinix\Vivado\2020.1\lib\win64.o\librdi_coregenipxact.dll
0x00007ff8a27f0000 - 0x00007ff8a441a000 	G:\Apps\Xilinix\Vivado\2020.1\lib\win64.o\librdi_constraints.dll
0x00007ff8a24a0000 - 0x00007ff8a27eb000 	G:\Apps\Xilinix\Vivado\2020.1\lib\win64.o\librdi_dlyest.dll
0x00007ff8a0330000 - 0x00007ff8a249d000 	G:\Apps\Xilinix\Vivado\2020.1\lib\win64.o\librdi_coregen.dll
0x00007ff89c000000 - 0x00007ff8a032e000 	G:\Apps\Xilinix\Vivado\2020.1\lib\win64.o\librdi_designutils.dll
0x00007ff89bf30000 - 0x00007ff89bff4000 	G:\Apps\Xilinix\Vivado\2020.1\lib\win64.o\librdi_dsp.dll
0x00007ff89b910000 - 0x00007ff89bf2e000 	G:\Apps\Xilinix\Vivado\2020.1\lib\win64.o\librdi_drc.dll
0x00007ff8b5700000 - 0x00007ff8b5777000 	G:\Apps\Xilinix\Vivado\2020.1\lib\win64.o\librdi_hdf.dll
0x00007ff89b280000 - 0x00007ff89b906000 	G:\Apps\Xilinix\Vivado\2020.1\lib\win64.o\librdi_filemgmt.dll
0x00007ff89af60000 - 0x00007ff89b27c000 	G:\Apps\Xilinix\Vivado\2020.1\lib\win64.o\librdi_guitools.dll
0x00007ff89ad00000 - 0x00007ff89af55000 	G:\Apps\Xilinix\Vivado\2020.1\lib\win64.o\librdi_hip_devdesign.dll
0x00007ff89abb0000 - 0x00007ff89acf8000 	G:\Apps\Xilinix\Vivado\2020.1\lib\win64.o\librdi_hip_perf_analysis.dll
0x00007ff8b2960000 - 0x00007ff8b29d4000 	G:\Apps\Xilinix\Vivado\2020.1\lib\win64.o\librdi_memoryarray.dll
0x00007ff89a570000 - 0x00007ff89abae000 	G:\Apps\Xilinix\Vivado\2020.1\lib\win64.o\librdi_memdata.dll
0x00007ff8826a0000 - 0x00007ff89a570000 	G:\Apps\Xilinix\Vivado\2020.1\lib\win64.o\librdi_device.dll
0x00007ff8d2600000 - 0x00007ff8d264e000 	G:\Apps\Xilinix\Vivado\2020.1\lib\win64.o\librdi_pfi.dll
0x00007ff880d50000 - 0x00007ff88269a000 	G:\Apps\Xilinix\Vivado\2020.1\lib\win64.o\librdi_implflow.dll
0x00007ff87ded0000 - 0x00007ff880d47000 	G:\Apps\Xilinix\Vivado\2020.1\lib\win64.o\librdi_mig.dll
0x00007ff87d7c0000 - 0x00007ff87dec3000 	G:\Apps\Xilinix\Vivado\2020.1\lib\win64.o\librdi_netlist.dll
0x00007ff87cf80000 - 0x00007ff87d7b4000 	G:\Apps\Xilinix\Vivado\2020.1\lib\win64.o\librdi_power.dll
0x00007ff87cb90000 - 0x00007ff87cee1000 	G:\Apps\Xilinix\Vivado\2020.1\lib\win64.o\librdi_platform.dll
0x00007ff87c450000 - 0x00007ff87cb8c000 	G:\Apps\Xilinix\Vivado\2020.1\lib\win64.o\librdi_psta.dll
0x00007ff8798d0000 - 0x00007ff87c441000 	G:\Apps\Xilinix\Vivado\2020.1\lib\win64.o\librdi_place.dll
0x00007ff8792d0000 - 0x00007ff8798c5000 	G:\Apps\Xilinix\Vivado\2020.1\lib\win64.o\librdi_project.dll
0x00007ff878e30000 - 0x00007ff8792ca000 	G:\Apps\Xilinix\Vivado\2020.1\lib\win64.o\librdi_runs.dll
0x00007ff878d20000 - 0x00007ff878e28000 	G:\Apps\Xilinix\Vivado\2020.1\lib\win64.o\librdi_runsbase.dll
0x00007ff878aa0000 - 0x00007ff878d15000 	G:\Apps\Xilinix\Vivado\2020.1\lib\win64.o\librdi_simdata.dll
0x00007ff8789f0000 - 0x00007ff878a98000 	G:\Apps\Xilinix\Vivado\2020.1\lib\win64.o\librdi_xhubtasks.dll
0x00007ff878280000 - 0x00007ff8789ef000 	G:\Apps\Xilinix\Vivado\2020.1\lib\win64.o\librdi_rsb.dll
0x00007ff878180000 - 0x00007ff87827f000 	G:\Apps\Xilinix\Vivado\2020.1\lib\win64.o\librdi_xhub.dll
0x00007ff8bac50000 - 0x00007ff8bac9c000 	G:\Apps\Xilinix\Vivado\2020.1\lib\win64.o\libboost_serialization.dll
0x00007ff877fa0000 - 0x00007ff878173000 	G:\Apps\Xilinix\Vivado\2020.1\lib\win64.o\librdi_advchipscopeimpl.dll
0x00007ff877f30000 - 0x00007ff877f9c000 	G:\Apps\Xilinix\Vivado\2020.1\lib\win64.o\librdi_noc_frameworks.dll
0x00007ff877e40000 - 0x00007ff877f28000 	G:\Apps\Xilinix\Vivado\2020.1\lib\win64.o\librdi_ipconfig_readwrite.dll

VM Arguments:
jvm_args: -Dsun.java2d.pmoffscreen=false -Dsun.java2d.xrender=false -Dsun.java2d.d3d=false -Dsun.awt.nopixfmt=true -Dsun.java2d.dpiaware=true -Dsun.java2d.uiScale.enabled=false -Xverify:none -Dswing.aatext=true -XX:-UsePerfData -Djdk.map.althashing.threshold=512 -XX:StringTableSize=4072 --add-opens=java.base/java.nio=ALL-UNNAMED --add-opens=java.desktop/sun.swing=ALL-UNNAMED --add-opens=java.desktop/javax.swing=ALL-UNNAMED --add-opens=java.desktop/javax.swing.tree=ALL-UNNAMED --add-opens=java.desktop/javax.swing.plaf.basic=ALL-UNNAMED --add-opens=java.desktop/javax.swing.plaf.synth=ALL-UNNAMED --add-opens=java.desktop/com.sun.awt=ALL-UNNAMED -XX:NewSize=60m -XX:MaxNewSize=60m -Xms128m -Xmx3072m -Xss5m 
java_command: <unknown>
java_class_path (initial): G:/Apps/Xilinix/Vivado/2020.1\lib\classes\alloy.jar;G:/Apps/Xilinix/Vivado/2020.1\lib\classes\ArchiveSummary.jar;G:/Apps/Xilinix/Vivado/2020.1\lib\classes\autoesl-models.jar;G:/Apps/Xilinix/Vivado/2020.1\lib\classes\autopilot.scelaborator.jar;G:/Apps/Xilinix/Vivado/2020.1\lib\classes\autopilot.sourceprocessor.jar;G:/Apps/Xilinix/Vivado/2020.1\lib\classes\autopilot.tbprocessor.jar;G:/Apps/Xilinix/Vivado/2020.1\lib\classes\batik-anim.jar;G:/Apps/Xilinix/Vivado/2020.1\lib\classes\batik-awt-util.jar;G:/Apps/Xilinix/Vivado/2020.1\lib\classes\batik-bridge.jar;G:/Apps/Xilinix/Vivado/2020.1\lib\classes\batik-codec.jar;G:/Apps/Xilinix/Vivado/2020.1\lib\classes\batik-css.jar;G:/Apps/Xilinix/Vivado/2020.1\lib\classes\batik-dom.jar;G:/Apps/Xilinix/Vivado/2020.1\lib\classes\batik-ext.jar;G:/Apps/Xilinix/Vivado/2020.1\lib\classes\batik-gui-util.jar;G:/Apps/Xilinix/Vivado/2020.1\lib\classes\batik-gvt.jar;G:/Apps/Xilinix/Vivado/2020.1\lib\classes\batik-parser.jar;G:/Apps/Xilinix/Vivado/2020.1\lib\classes\batik-script.jar;G:/Apps/Xilinix/Vivado/2020.1\lib\classes\batik-svg-dom.jar;G:/Apps/Xilinix/Vivado/2020.1\lib\classes\batik-swing.jar;G:/Apps/Xilinix/Vivado/2020.1\lib\classes\batik-transcoder.jar;G:/Apps/Xilinix/Vivado/2020.1\lib\classes\batik-util.jar;G:/Apps/Xilinix/Vivado/2020.1\lib\classes\batik-xml.jar;G:/Apps/Xilinix/Vivado/2020.1\lib\classes\com.google.gson_2.8.2.v20180104-1110.jar;G:/Apps/Xilinix/Vivado/2020.1\lib\classes\com.google.guava_27.1.0.v20190517-1946.jar;G:/Apps/Xilinix/Vivado/2020.1\lib\classes\com.ibm.icu_4.4.2.v20110208.jar;G:/Apps/Xilinix/Vivado/2020.1\lib\classes\com.sigasi.hdt.connection_4.8.0.202004151336.jar;G:/Apps/Xilinix/Vivado/2020.1\lib\classes\com.sigasi.hdt.epl_4.8.0.202004151336.jar;G:/Apps/Xilinix/Vivado/2020.1\lib\classes\com.sigasi.hdt.project_4.8.0.202004151336.jar;G:/Apps/Xilinix/Vivado/2020.1\lib\classes\com.sigasi.hdt.readonlyfilesystem_4.8.0.202004151336.jar;G:/Apps/Xilinix/Vivado/2020.1\lib\classes\com.sigasi
Launcher Type: generic

Logging:
Log output configuration:
#0: stdout all=warning uptime,level,tags
#1: stderr all=off uptime,level,tags

Environment Variables:
PATH=G:/Apps/Xilinix/Vivado/2020.1\gnuwin\bin;G:/Apps/Xilinix/Vivado/2020.1\gnu\microblaze\nt\bin;G:/Apps/Xilinix/Vivado/2020.1/bin;G:/Apps/Xilinix/Vivado/2020.1/lib/win64.o;G:/Apps/Xilinix/Vivado/2020.1/tps/win64/jre9.0.4/bin/server;G:/Apps/Xilinix/Vivado/2020.1/tps/win64/jre9.0.4/bin;G:/Apps/Xilinix/Vivado/2020.1/ids_lite/ISE/bin/nt64;G:/Apps/Xilinix/Vivado/2020.1/ids_lite/ISE/lib/nt64;G:\Apps\NVIDIA GPU Computing Toolkit\CUDA\v10.1\libnvvp;C:\Program Files (x86)\Common Files\Oracle\Java\javapath;C:\ProgramData\Oracle\Java\javapath;C:\Windows\system32;C:\Windows;C:\Windows\System32\Wbem;C:\Windows\System32\WindowsPowerShell\v1.0\;C:\Program Files\Microsoft SQL Server\Client SDK\ODBC\110\Tools\Binn\;C:\Program Files (x86)\Microsoft SQL Server\120\Tools\Binn\;C:\Program Files\Microsoft SQL Server\120\Tools\Binn\;C:\Program Files\Microsoft SQL Server\120\DTS\Binn\;C:\Program Files (x86)\Windows Kits\8.1\Windows Performance Toolkit\;G:\Apps\runtime\win64;G:\Apps\bin;G:\Apps\MatLabR2017a\runtime\win64;G:\Apps\MatLabR2017a\bin;C:\WINDOWS\System32\OpenSSH\;G:\Apps\MATLAB\R2017a\runtime\win64;G:\Apps\MATLAB\R2017a\bin;C:\MinGW\bin;C:\Program Files (x86)\Phyton37;G:\Apps\nodejs\;C:\Program Files (x86)\IVI Foundation\VISA\WinNT\Bin\;G:\Apps\IVI Foundation\VISA\Win64\Bin\;C:\Program Files (x86)\Shared\LabVIEW CLI;G:\Apps\Git\cmd;C:\Program Files (x86)\NVIDIA Corporation\PhysX\Common;C:\Program Files (x86)\Calibre2\;G:\Apps\NVIDIA Corporation\NVIDIA NvDLISR;G:\Apps\NVIDIA Corporation\Nsight Compute 2019.4.0\;G:\Apps\NVIDIA GPU Computing Toolkit\CUDA\v10.1\bin;G:\Apps\NVIDIA GPU Computing Toolkit\CUDA\v10.1\extras\CUPTI\lib64;G:\Apps\NVIDIA GPU Computing Toolkit\CUDA\v10.1\include;G:\Apps\cuda\bin;;C:\ProgramData\chocolatey\bin;C:\Program Files (x86)\Phyton37\Scripts\;G:\Apps\MySQL\MySQL Shell 8.0\bin\;C:\Users\nadao\AppData\Roaming\npm;G:\Apps (x86)\Microsoft VS Code\bin;C:\Users\nadao\AppData\Local\Microsoft\WindowsApps;G:/Apps/Xilinix/Vivado/2020.1\tps\mingw\6.2.0\win64.o\nt\b
USERNAME=nadao
OS=Windows_NT
PROCESSOR_IDENTIFIER=Intel64 Family 6 Model 94 Stepping 3, GenuineIntel



---------------  S Y S T E M  ---------------

OS: Windows 10 , 64 bit Build 18362 (10.0.18362.1082)

CPU:total 4 (initial active 4) (4 cores per cpu, 1 threads per core) family 6 model 94 stepping 3, cmov, cx8, fxsr, mmx, sse, sse2, sse3, ssse3, sse4.1, sse4.2, popcnt, avx, avx2, aes, clmul, erms, 3dnowpref, lzcnt, tsc, tscinvbit, bmi1, bmi2, adx, fma

Memory: 4k page, physical 16740196k(11975412k free), swap 19230564k(12465876k free)

vm_info: Java HotSpot(TM) 64-Bit Server VM (9.0.4+11) for windows-amd64 JRE (9.0.4+11), built on Dec 20 2017 02:18:54 by "mach5one" with MS VC++ 12.0 (VS2013)

END.
