Vivado Simulator 2020.1
Time resolution is 1 ps
Stopped at time : 31687651 ns : File "G:/git/AdComputadoras_2019/Tp4_MIPSIV/Src/MIPSIV/MIPSIV.srcs/sim_1/new/test_bench_rx.v" Line 83
Stopped at time : 31687660 ns : File "G:/git/AdComputadoras_2019/Tp4_MIPSIV/Src/MIPSIV/MIPSIV.srcs/sources_1/new/Memory.v" Line 60
Stopped at time : 31687660 ns : File "G:/git/AdComputadoras_2019/Tp4_MIPSIV/Src/MIPSIV/MIPSIV.srcs/sources_1/new/Memory.v" Line 53
Stopped at time : 31687670 ns : File "G:/git/AdComputadoras_2019/Tp4_MIPSIV/Src/MIPSIV/MIPSIV.srcs/sim_1/new/test_bench_rx.v" Line 49
Stopped at time : 31687670 ns : File "G:/git/AdComputadoras_2019/Tp4_MIPSIV/Src/MIPSIV/MIPSIV.srcs/sim_1/new/test_bench_rx.v" Line 49
Stopped at time : 31687670 ns : File "G:/git/AdComputadoras_2019/Tp4_MIPSIV/Src/MIPSIV/MIPSIV.srcs/sim_1/new/test_bench_rx.v" Line 93
Stopped at time : 31687670 ns : File "G:/git/AdComputadoras_2019/Tp4_MIPSIV/Src/MIPSIV/MIPSIV.srcs/sources_1/new/Pc.v" Line 40
Stopped at time : 31687670 ns : File "G:/git/AdComputadoras_2019/Tp4_MIPSIV/Src/MIPSIV/MIPSIV.srcs/sources_1/new/Pc.v" Line 44
Stopped at time : 31687670 ns : File "G:/git/AdComputadoras_2019/Tp4_MIPSIV/Src/MIPSIV/MIPSIV.srcs/sources_1/new/Pc.v" Line 46
Stopped at time : 31687670 ns : File "G:/git/AdComputadoras_2019/Tp4_MIPSIV/Src/MIPSIV/MIPSIV.srcs/sources_1/new/Pc.v" Line 38
Stopped at time : 31687680 ns : File "G:/git/AdComputadoras_2019/Tp4_MIPSIV/Src/MIPSIV/MIPSIV.srcs/sources_1/new/Memory.v" Line 60
Stopped at time : 31687700 ns : File "G:/git/AdComputadoras_2019/Tp4_MIPSIV/Src/MIPSIV/MIPSIV.srcs/sources_1/new/Memory.v" Line 60
Stopped at time : 31687720 ns : File "G:/git/AdComputadoras_2019/Tp4_MIPSIV/Src/MIPSIV/MIPSIV.srcs/sources_1/new/Memory.v" Line 60
Stopped at time : 31687740 ns : File "G:/git/AdComputadoras_2019/Tp4_MIPSIV/Src/MIPSIV/MIPSIV.srcs/sources_1/new/Memory.v" Line 60
Stopped at time : 31687740 ns : File "G:/git/AdComputadoras_2019/Tp4_MIPSIV/Src/MIPSIV/MIPSIV.srcs/sources_1/new/Memory.v" Line 53
Stopped at time : 31687740 ns : File "G:/git/AdComputadoras_2019/Tp4_MIPSIV/Src/MIPSIV/MIPSIV.srcs/sources_1/new/Mux_4to1.v" Line 34
Stopped at time : 31687750 ns : File "G:/git/AdComputadoras_2019/Tp4_MIPSIV/Src/MIPSIV/MIPSIV.srcs/sim_1/new/test_bench_rx.v" Line 49
Stopped at time : 31687750 ns : File "G:/git/AdComputadoras_2019/Tp4_MIPSIV/Src/MIPSIV/MIPSIV.srcs/sim_1/new/test_bench_rx.v" Line 49
Stopped at time : 31687750 ns : File "G:/git/AdComputadoras_2019/Tp4_MIPSIV/Src/MIPSIV/MIPSIV.srcs/sim_1/new/test_bench_rx.v" Line 93
Stopped at time : 31687750 ns : File "G:/git/AdComputadoras_2019/Tp4_MIPSIV/Src/MIPSIV/MIPSIV.srcs/sources_1/new/Pc.v" Line 40
Stopped at time : 31687750 ns : File "G:/git/AdComputadoras_2019/Tp4_MIPSIV/Src/MIPSIV/MIPSIV.srcs/sources_1/new/Pc.v" Line 44
Stopped at time : 31687750 ns : File "G:/git/AdComputadoras_2019/Tp4_MIPSIV/Src/MIPSIV/MIPSIV.srcs/sources_1/new/Pc.v" Line 46
Stopped at time : 31687750 ns : File "G:/git/AdComputadoras_2019/Tp4_MIPSIV/Src/MIPSIV/MIPSIV.srcs/sources_1/new/Pc.v" Line 38
Stopped at time : 31687750 ns : File "G:/git/AdComputadoras_2019/Tp4_MIPSIV/Src/MIPSIV/MIPSIV.srcs/sources_1/new/Memory.v" Line 44
Stopped at time : 31687750 ns : File "G:/git/AdComputadoras_2019/Tp4_MIPSIV/Src/MIPSIV/MIPSIV.srcs/sources_1/new/Memory.v" Line 50
Stopped at time : 31687750 ns : File "G:/git/AdComputadoras_2019/Tp4_MIPSIV/Src/MIPSIV/MIPSIV.srcs/sources_1/new/Memory.v" Line 42
Stopped at time : 31687750 ns : File "G:/git/AdComputadoras_2019/Tp4_MIPSIV/Src/MIPSIV/MIPSIV.srcs/sources_1/new/Baud_rate_generator.v" Line 45
Stopped at time : 31687750 ns : File "G:/git/AdComputadoras_2019/Tp4_MIPSIV/Src/MIPSIV/MIPSIV.srcs/sources_1/new/Baud_rate_generator.v" Line 50
Stopped at time : 31687750 ns : File "G:/git/AdComputadoras_2019/Tp4_MIPSIV/Src/MIPSIV/MIPSIV.srcs/sources_1/new/Baud_rate_generator.v" Line 51
Stopped at time : 31687760 ns : File "G:/git/AdComputadoras_2019/Tp4_MIPSIV/Src/MIPSIV/MIPSIV.srcs/sources_1/new/Memory.v" Line 60
Stopped at time : 31687780 ns : File "G:/git/AdComputadoras_2019/Tp4_MIPSIV/Src/MIPSIV/MIPSIV.srcs/sources_1/new/IF_top.v" Line 54
Stopped at time : 31687780 ns : File "G:/git/AdComputadoras_2019/Tp4_MIPSIV/Src/MIPSIV/MIPSIV.srcs/sources_1/new/IF_top.v" Line 55
Stopped at time : 31687780 ns : File "G:/git/AdComputadoras_2019/Tp4_MIPSIV/Src/MIPSIV/MIPSIV.srcs/sources_1/new/Memory.v" Line 60
Stopped at time : 31687800 ns : File "G:/git/AdComputadoras_2019/Tp4_MIPSIV/Src/MIPSIV/MIPSIV.srcs/sources_1/new/IF_top.v" Line 55
Stopped at time : 31687800 ns : File "G:/git/AdComputadoras_2019/Tp4_MIPSIV/Src/MIPSIV/MIPSIV.srcs/sources_1/new/Memory.v" Line 60
