
*** Running vivado
    with args -log IF_top.vds -m64 -product Vivado -mode batch -messageDb vivado.pb -notrace -source IF_top.tcl



****** Vivado v2020.1 (64-bit)
  **** SW Build 2902540 on Wed May 27 19:54:49 MDT 2020
  **** IP Build 2902112 on Wed May 27 22:43:36 MDT 2020
    ** Copyright 1986-2020 Xilinx, Inc. All Rights Reserved.

source IF_top.tcl -notrace
Command: synth_design -top IF_top -part xc7a35tcpg236-1
Starting synth_design
Attempting to get a license for feature 'Synthesis' and/or device 'xc7a35t'
INFO: [Common 17-349] Got license for feature 'Synthesis' and/or device 'xc7a35t'
INFO: [Device 21-403] Loading part xc7a35tcpg236-1
INFO: [Synth 8-7079] Multithreading enabled for synth_design using a maximum of 2 processes.
INFO: [Synth 8-7078] Launching helper process for spawning children vivado processes
INFO: [Synth 8-7075] Helper process launched with PID 12060
---------------------------------------------------------------------------------
Starting RTL Elaboration : Time (s): cpu = 00:00:04 ; elapsed = 00:00:05 . Memory (MB): peak = 1036.984 ; gain = 0.000
---------------------------------------------------------------------------------
INFO: [Synth 8-6157] synthesizing module 'IF_top' [G:/git/AdComputadoras_2019/Tp4_MIPSIV/Src/MIPSIV/MIPSIV.srcs/sources_1/new/IF_top.v:23]
INFO: [Synth 8-6157] synthesizing module 'Mux_4to1' [G:/git/AdComputadoras_2019/Tp4_MIPSIV/Src/MIPSIV/MIPSIV.srcs/sources_1/new/Mux_4to1.v:22]
	Parameter Width_inout bound to: 32 - type: integer 
INFO: [Synth 8-6155] done synthesizing module 'Mux_4to1' (1#1) [G:/git/AdComputadoras_2019/Tp4_MIPSIV/Src/MIPSIV/MIPSIV.srcs/sources_1/new/Mux_4to1.v:22]
INFO: [Synth 8-6157] synthesizing module 'Pc' [G:/git/AdComputadoras_2019/Tp4_MIPSIV/Src/MIPSIV/MIPSIV.srcs/sources_1/new/PC.v:25]
	Parameter PC_CANT_BITS bound to: 32 - type: integer 
INFO: [Synth 8-6155] done synthesizing module 'Pc' (2#1) [G:/git/AdComputadoras_2019/Tp4_MIPSIV/Src/MIPSIV/MIPSIV.srcs/sources_1/new/PC.v:25]
WARNING: [Synth 8-4446] all outputs are unconnected for this instance and logic may be removed [G:/git/AdComputadoras_2019/Tp4_MIPSIV/Src/MIPSIV/MIPSIV.srcs/sources_1/new/IF_top.v:94]
INFO: [Synth 8-6157] synthesizing module 'Adder' [G:/git/AdComputadoras_2019/Tp4_MIPSIV/Src/MIPSIV/MIPSIV.srcs/sources_1/new/Adder.v:24]
	Parameter Width_inout bound to: 32 - type: integer 
WARNING: [Synth 8-6104] Input port 'adder_out' has an internal driver [G:/git/AdComputadoras_2019/Tp4_MIPSIV/Src/MIPSIV/MIPSIV.srcs/sources_1/new/Adder.v:35]
INFO: [Synth 8-6155] done synthesizing module 'Adder' (3#1) [G:/git/AdComputadoras_2019/Tp4_MIPSIV/Src/MIPSIV/MIPSIV.srcs/sources_1/new/Adder.v:24]
INFO: [Synth 8-6157] synthesizing module 'Memory' [G:/git/AdComputadoras_2019/Tp4_MIPSIV/Src/MIPSIV/MIPSIV.srcs/sources_1/new/Memory.v:26]
	Parameter memory_width bound to: 32 - type: integer 
	Parameter memory_depth bound to: 64 - type: integer 
INFO: [Synth 8-6155] done synthesizing module 'Memory' (4#1) [G:/git/AdComputadoras_2019/Tp4_MIPSIV/Src/MIPSIV/MIPSIV.srcs/sources_1/new/Memory.v:26]
WARNING: [Synth 8-689] width (32) of port connection 'read_addr' does not match port width (6) of module 'Memory' [G:/git/AdComputadoras_2019/Tp4_MIPSIV/Src/MIPSIV/MIPSIV.srcs/sources_1/new/IF_top.v:109]
WARNING: [Synth 8-689] width (32) of port connection 'write_addr' does not match port width (6) of module 'Memory' [G:/git/AdComputadoras_2019/Tp4_MIPSIV/Src/MIPSIV/MIPSIV.srcs/sources_1/new/IF_top.v:110]
INFO: [Synth 8-6155] done synthesizing module 'IF_top' (5#1) [G:/git/AdComputadoras_2019/Tp4_MIPSIV/Src/MIPSIV/MIPSIV.srcs/sources_1/new/IF_top.v:23]
---------------------------------------------------------------------------------
Finished RTL Elaboration : Time (s): cpu = 00:00:05 ; elapsed = 00:00:06 . Memory (MB): peak = 1044.879 ; gain = 7.895
---------------------------------------------------------------------------------
---------------------------------------------------------------------------------
Start Handling Custom Attributes
---------------------------------------------------------------------------------
---------------------------------------------------------------------------------
Finished Handling Custom Attributes : Time (s): cpu = 00:00:06 ; elapsed = 00:00:07 . Memory (MB): peak = 1044.879 ; gain = 7.895
---------------------------------------------------------------------------------
---------------------------------------------------------------------------------
Finished RTL Optimization Phase 1 : Time (s): cpu = 00:00:06 ; elapsed = 00:00:07 . Memory (MB): peak = 1044.879 ; gain = 7.895
---------------------------------------------------------------------------------
Netlist sorting complete. Time (s): cpu = 00:00:00 ; elapsed = 00:00:00.058 . Memory (MB): peak = 1044.879 ; gain = 0.000
INFO: [Project 1-570] Preparing netlist for logic optimization

Processing XDC Constraints
Initializing timing engine
Parsing XDC File [G:/git/AdComputadoras_2019/Tp4_MIPSIV/Constraint_Arquitectura_De_Computadoras.xdc]
Finished Parsing XDC File [G:/git/AdComputadoras_2019/Tp4_MIPSIV/Constraint_Arquitectura_De_Computadoras.xdc]
INFO: [Project 1-236] Implementation specific constraints were found while reading constraint file [G:/git/AdComputadoras_2019/Tp4_MIPSIV/Constraint_Arquitectura_De_Computadoras.xdc]. These constraints will be ignored for synthesis but will be used in implementation. Impacted constraints are listed in the file [.Xil/IF_top_propImpl.xdc].
Resolution: To avoid this warning, move constraints listed in [.Xil/IF_top_propImpl.xdc] to another XDC file and exclude this new file from synthesis with the used_in_synthesis property (File Properties dialog in GUI) and re-run elaboration/synthesis.
Completed Processing XDC Constraints

Netlist sorting complete. Time (s): cpu = 00:00:00 ; elapsed = 00:00:00.001 . Memory (MB): peak = 1167.742 ; gain = 0.000
INFO: [Project 1-111] Unisim Transformation Summary:
No Unisim elements were transformed.

Constraint Validation Runtime : Time (s): cpu = 00:00:00 ; elapsed = 00:00:00.032 . Memory (MB): peak = 1167.742 ; gain = 0.000
---------------------------------------------------------------------------------
Finished Constraint Validation : Time (s): cpu = 00:00:14 ; elapsed = 00:00:15 . Memory (MB): peak = 1167.742 ; gain = 130.758
---------------------------------------------------------------------------------
---------------------------------------------------------------------------------
Start Loading Part and Timing Information
---------------------------------------------------------------------------------
Loading part: xc7a35tcpg236-1
---------------------------------------------------------------------------------
Finished Loading Part and Timing Information : Time (s): cpu = 00:00:14 ; elapsed = 00:00:15 . Memory (MB): peak = 1167.742 ; gain = 130.758
---------------------------------------------------------------------------------
---------------------------------------------------------------------------------
Start Applying 'set_property' XDC Constraints
---------------------------------------------------------------------------------
---------------------------------------------------------------------------------
Finished applying 'set_property' XDC Constraints : Time (s): cpu = 00:00:14 ; elapsed = 00:00:15 . Memory (MB): peak = 1167.742 ; gain = 130.758
---------------------------------------------------------------------------------
---------------------------------------------------------------------------------
Finished RTL Optimization Phase 2 : Time (s): cpu = 00:00:14 ; elapsed = 00:00:15 . Memory (MB): peak = 1167.742 ; gain = 130.758
---------------------------------------------------------------------------------
---------------------------------------------------------------------------------
Start RTL Component Statistics 
---------------------------------------------------------------------------------
Detailed RTL Component Info : 
+---Adders : 
	   2 Input   32 Bit       Adders := 1     
+---Registers : 
	               32 Bit    Registers := 3     
+---Muxes : 
	   2 Input   32 Bit        Muxes := 3     
	   2 Input    1 Bit        Muxes := 64    
---------------------------------------------------------------------------------
Finished RTL Component Statistics 
---------------------------------------------------------------------------------
---------------------------------------------------------------------------------
Start Part Resource Summary
---------------------------------------------------------------------------------
Part Resources:
DSPs: 90 (col length:60)
BRAMs: 100 (col length: RAMB18 60 RAMB36 30)
---------------------------------------------------------------------------------
Finished Part Resource Summary
---------------------------------------------------------------------------------
---------------------------------------------------------------------------------
Start Cross Boundary and Area Optimization
---------------------------------------------------------------------------------
CRITICAL WARNING: [Synth 8-6859] multi-driven net on pin Q with 1st driver pin 'Instruction_memory/ram_data_reg[63][31]/Q' [G:/git/AdComputadoras_2019/Tp4_MIPSIV/Src/MIPSIV/MIPSIV.srcs/sources_1/new/Memory.v:59]
CRITICAL WARNING: [Synth 8-6859] multi-driven net on pin Q with 2nd driver pin 'GND' [G:/git/AdComputadoras_2019/Tp4_MIPSIV/Src/MIPSIV/MIPSIV.srcs/sources_1/new/Memory.v:59]
CRITICAL WARNING: [Synth 8-6858] multi-driven net Q is connected to at least one constant driver which has been preserved, other driver is ignored [G:/git/AdComputadoras_2019/Tp4_MIPSIV/Src/MIPSIV/MIPSIV.srcs/sources_1/new/Memory.v:59]
CRITICAL WARNING: [Synth 8-6859] multi-driven net on pin Q with 1st driver pin 'Instruction_memory/ram_data_reg[63][30]/Q' [G:/git/AdComputadoras_2019/Tp4_MIPSIV/Src/MIPSIV/MIPSIV.srcs/sources_1/new/Memory.v:59]
CRITICAL WARNING: [Synth 8-6859] multi-driven net on pin Q with 2nd driver pin 'GND' [G:/git/AdComputadoras_2019/Tp4_MIPSIV/Src/MIPSIV/MIPSIV.srcs/sources_1/new/Memory.v:59]
CRITICAL WARNING: [Synth 8-6858] multi-driven net Q is connected to at least one constant driver which has been preserved, other driver is ignored [G:/git/AdComputadoras_2019/Tp4_MIPSIV/Src/MIPSIV/MIPSIV.srcs/sources_1/new/Memory.v:59]
CRITICAL WARNING: [Synth 8-6859] multi-driven net on pin Q with 1st driver pin 'Instruction_memory/ram_data_reg[63][29]/Q' [G:/git/AdComputadoras_2019/Tp4_MIPSIV/Src/MIPSIV/MIPSIV.srcs/sources_1/new/Memory.v:59]
CRITICAL WARNING: [Synth 8-6859] multi-driven net on pin Q with 2nd driver pin 'GND' [G:/git/AdComputadoras_2019/Tp4_MIPSIV/Src/MIPSIV/MIPSIV.srcs/sources_1/new/Memory.v:59]
CRITICAL WARNING: [Synth 8-6858] multi-driven net Q is connected to at least one constant driver which has been preserved, other driver is ignored [G:/git/AdComputadoras_2019/Tp4_MIPSIV/Src/MIPSIV/MIPSIV.srcs/sources_1/new/Memory.v:59]
CRITICAL WARNING: [Synth 8-6859] multi-driven net on pin Q with 1st driver pin 'Instruction_memory/ram_data_reg[63][28]/Q' [G:/git/AdComputadoras_2019/Tp4_MIPSIV/Src/MIPSIV/MIPSIV.srcs/sources_1/new/Memory.v:59]
CRITICAL WARNING: [Synth 8-6859] multi-driven net on pin Q with 2nd driver pin 'GND' [G:/git/AdComputadoras_2019/Tp4_MIPSIV/Src/MIPSIV/MIPSIV.srcs/sources_1/new/Memory.v:59]
CRITICAL WARNING: [Synth 8-6858] multi-driven net Q is connected to at least one constant driver which has been preserved, other driver is ignored [G:/git/AdComputadoras_2019/Tp4_MIPSIV/Src/MIPSIV/MIPSIV.srcs/sources_1/new/Memory.v:59]
CRITICAL WARNING: [Synth 8-6859] multi-driven net on pin Q with 1st driver pin 'Instruction_memory/ram_data_reg[63][27]/Q' [G:/git/AdComputadoras_2019/Tp4_MIPSIV/Src/MIPSIV/MIPSIV.srcs/sources_1/new/Memory.v:59]
CRITICAL WARNING: [Synth 8-6859] multi-driven net on pin Q with 2nd driver pin 'GND' [G:/git/AdComputadoras_2019/Tp4_MIPSIV/Src/MIPSIV/MIPSIV.srcs/sources_1/new/Memory.v:59]
CRITICAL WARNING: [Synth 8-6858] multi-driven net Q is connected to at least one constant driver which has been preserved, other driver is ignored [G:/git/AdComputadoras_2019/Tp4_MIPSIV/Src/MIPSIV/MIPSIV.srcs/sources_1/new/Memory.v:59]
CRITICAL WARNING: [Synth 8-6859] multi-driven net on pin Q with 1st driver pin 'Instruction_memory/ram_data_reg[63][26]/Q' [G:/git/AdComputadoras_2019/Tp4_MIPSIV/Src/MIPSIV/MIPSIV.srcs/sources_1/new/Memory.v:59]
CRITICAL WARNING: [Synth 8-6859] multi-driven net on pin Q with 2nd driver pin 'GND' [G:/git/AdComputadoras_2019/Tp4_MIPSIV/Src/MIPSIV/MIPSIV.srcs/sources_1/new/Memory.v:59]
CRITICAL WARNING: [Synth 8-6858] multi-driven net Q is connected to at least one constant driver which has been preserved, other driver is ignored [G:/git/AdComputadoras_2019/Tp4_MIPSIV/Src/MIPSIV/MIPSIV.srcs/sources_1/new/Memory.v:59]
CRITICAL WARNING: [Synth 8-6859] multi-driven net on pin Q with 1st driver pin 'Instruction_memory/ram_data_reg[63][25]/Q' [G:/git/AdComputadoras_2019/Tp4_MIPSIV/Src/MIPSIV/MIPSIV.srcs/sources_1/new/Memory.v:59]
CRITICAL WARNING: [Synth 8-6859] multi-driven net on pin Q with 2nd driver pin 'GND' [G:/git/AdComputadoras_2019/Tp4_MIPSIV/Src/MIPSIV/MIPSIV.srcs/sources_1/new/Memory.v:59]
CRITICAL WARNING: [Synth 8-6858] multi-driven net Q is connected to at least one constant driver which has been preserved, other driver is ignored [G:/git/AdComputadoras_2019/Tp4_MIPSIV/Src/MIPSIV/MIPSIV.srcs/sources_1/new/Memory.v:59]
CRITICAL WARNING: [Synth 8-6859] multi-driven net on pin Q with 1st driver pin 'Instruction_memory/ram_data_reg[63][24]/Q' [G:/git/AdComputadoras_2019/Tp4_MIPSIV/Src/MIPSIV/MIPSIV.srcs/sources_1/new/Memory.v:59]
CRITICAL WARNING: [Synth 8-6859] multi-driven net on pin Q with 2nd driver pin 'GND' [G:/git/AdComputadoras_2019/Tp4_MIPSIV/Src/MIPSIV/MIPSIV.srcs/sources_1/new/Memory.v:59]
CRITICAL WARNING: [Synth 8-6858] multi-driven net Q is connected to at least one constant driver which has been preserved, other driver is ignored [G:/git/AdComputadoras_2019/Tp4_MIPSIV/Src/MIPSIV/MIPSIV.srcs/sources_1/new/Memory.v:59]
CRITICAL WARNING: [Synth 8-6859] multi-driven net on pin Q with 1st driver pin 'Instruction_memory/ram_data_reg[63][23]/Q' [G:/git/AdComputadoras_2019/Tp4_MIPSIV/Src/MIPSIV/MIPSIV.srcs/sources_1/new/Memory.v:59]
CRITICAL WARNING: [Synth 8-6859] multi-driven net on pin Q with 2nd driver pin 'GND' [G:/git/AdComputadoras_2019/Tp4_MIPSIV/Src/MIPSIV/MIPSIV.srcs/sources_1/new/Memory.v:59]
CRITICAL WARNING: [Synth 8-6858] multi-driven net Q is connected to at least one constant driver which has been preserved, other driver is ignored [G:/git/AdComputadoras_2019/Tp4_MIPSIV/Src/MIPSIV/MIPSIV.srcs/sources_1/new/Memory.v:59]
CRITICAL WARNING: [Synth 8-6859] multi-driven net on pin Q with 1st driver pin 'Instruction_memory/ram_data_reg[63][22]/Q' [G:/git/AdComputadoras_2019/Tp4_MIPSIV/Src/MIPSIV/MIPSIV.srcs/sources_1/new/Memory.v:59]
CRITICAL WARNING: [Synth 8-6859] multi-driven net on pin Q with 2nd driver pin 'GND' [G:/git/AdComputadoras_2019/Tp4_MIPSIV/Src/MIPSIV/MIPSIV.srcs/sources_1/new/Memory.v:59]
CRITICAL WARNING: [Synth 8-6858] multi-driven net Q is connected to at least one constant driver which has been preserved, other driver is ignored [G:/git/AdComputadoras_2019/Tp4_MIPSIV/Src/MIPSIV/MIPSIV.srcs/sources_1/new/Memory.v:59]
CRITICAL WARNING: [Synth 8-6859] multi-driven net on pin Q with 1st driver pin 'Instruction_memory/ram_data_reg[63][21]/Q' [G:/git/AdComputadoras_2019/Tp4_MIPSIV/Src/MIPSIV/MIPSIV.srcs/sources_1/new/Memory.v:59]
CRITICAL WARNING: [Synth 8-6859] multi-driven net on pin Q with 2nd driver pin 'GND' [G:/git/AdComputadoras_2019/Tp4_MIPSIV/Src/MIPSIV/MIPSIV.srcs/sources_1/new/Memory.v:59]
CRITICAL WARNING: [Synth 8-6858] multi-driven net Q is connected to at least one constant driver which has been preserved, other driver is ignored [G:/git/AdComputadoras_2019/Tp4_MIPSIV/Src/MIPSIV/MIPSIV.srcs/sources_1/new/Memory.v:59]
CRITICAL WARNING: [Synth 8-6859] multi-driven net on pin Q with 1st driver pin 'Instruction_memory/ram_data_reg[63][20]/Q' [G:/git/AdComputadoras_2019/Tp4_MIPSIV/Src/MIPSIV/MIPSIV.srcs/sources_1/new/Memory.v:59]
CRITICAL WARNING: [Synth 8-6859] multi-driven net on pin Q with 2nd driver pin 'GND' [G:/git/AdComputadoras_2019/Tp4_MIPSIV/Src/MIPSIV/MIPSIV.srcs/sources_1/new/Memory.v:59]
CRITICAL WARNING: [Synth 8-6858] multi-driven net Q is connected to at least one constant driver which has been preserved, other driver is ignored [G:/git/AdComputadoras_2019/Tp4_MIPSIV/Src/MIPSIV/MIPSIV.srcs/sources_1/new/Memory.v:59]
CRITICAL WARNING: [Synth 8-6859] multi-driven net on pin Q with 1st driver pin 'Instruction_memory/ram_data_reg[63][19]/Q' [G:/git/AdComputadoras_2019/Tp4_MIPSIV/Src/MIPSIV/MIPSIV.srcs/sources_1/new/Memory.v:59]
CRITICAL WARNING: [Synth 8-6859] multi-driven net on pin Q with 2nd driver pin 'GND' [G:/git/AdComputadoras_2019/Tp4_MIPSIV/Src/MIPSIV/MIPSIV.srcs/sources_1/new/Memory.v:59]
CRITICAL WARNING: [Synth 8-6858] multi-driven net Q is connected to at least one constant driver which has been preserved, other driver is ignored [G:/git/AdComputadoras_2019/Tp4_MIPSIV/Src/MIPSIV/MIPSIV.srcs/sources_1/new/Memory.v:59]
CRITICAL WARNING: [Synth 8-6859] multi-driven net on pin Q with 1st driver pin 'Instruction_memory/ram_data_reg[63][18]/Q' [G:/git/AdComputadoras_2019/Tp4_MIPSIV/Src/MIPSIV/MIPSIV.srcs/sources_1/new/Memory.v:59]
CRITICAL WARNING: [Synth 8-6859] multi-driven net on pin Q with 2nd driver pin 'GND' [G:/git/AdComputadoras_2019/Tp4_MIPSIV/Src/MIPSIV/MIPSIV.srcs/sources_1/new/Memory.v:59]
CRITICAL WARNING: [Synth 8-6858] multi-driven net Q is connected to at least one constant driver which has been preserved, other driver is ignored [G:/git/AdComputadoras_2019/Tp4_MIPSIV/Src/MIPSIV/MIPSIV.srcs/sources_1/new/Memory.v:59]
CRITICAL WARNING: [Synth 8-6859] multi-driven net on pin Q with 1st driver pin 'Instruction_memory/ram_data_reg[63][17]/Q' [G:/git/AdComputadoras_2019/Tp4_MIPSIV/Src/MIPSIV/MIPSIV.srcs/sources_1/new/Memory.v:59]
CRITICAL WARNING: [Synth 8-6859] multi-driven net on pin Q with 2nd driver pin 'GND' [G:/git/AdComputadoras_2019/Tp4_MIPSIV/Src/MIPSIV/MIPSIV.srcs/sources_1/new/Memory.v:59]
CRITICAL WARNING: [Synth 8-6858] multi-driven net Q is connected to at least one constant driver which has been preserved, other driver is ignored [G:/git/AdComputadoras_2019/Tp4_MIPSIV/Src/MIPSIV/MIPSIV.srcs/sources_1/new/Memory.v:59]
CRITICAL WARNING: [Synth 8-6859] multi-driven net on pin Q with 1st driver pin 'Instruction_memory/ram_data_reg[63][16]/Q' [G:/git/AdComputadoras_2019/Tp4_MIPSIV/Src/MIPSIV/MIPSIV.srcs/sources_1/new/Memory.v:59]
CRITICAL WARNING: [Synth 8-6859] multi-driven net on pin Q with 2nd driver pin 'GND' [G:/git/AdComputadoras_2019/Tp4_MIPSIV/Src/MIPSIV/MIPSIV.srcs/sources_1/new/Memory.v:59]
CRITICAL WARNING: [Synth 8-6858] multi-driven net Q is connected to at least one constant driver which has been preserved, other driver is ignored [G:/git/AdComputadoras_2019/Tp4_MIPSIV/Src/MIPSIV/MIPSIV.srcs/sources_1/new/Memory.v:59]
CRITICAL WARNING: [Synth 8-6859] multi-driven net on pin Q with 1st driver pin 'Instruction_memory/ram_data_reg[63][15]/Q' [G:/git/AdComputadoras_2019/Tp4_MIPSIV/Src/MIPSIV/MIPSIV.srcs/sources_1/new/Memory.v:59]
CRITICAL WARNING: [Synth 8-6859] multi-driven net on pin Q with 2nd driver pin 'GND' [G:/git/AdComputadoras_2019/Tp4_MIPSIV/Src/MIPSIV/MIPSIV.srcs/sources_1/new/Memory.v:59]
CRITICAL WARNING: [Synth 8-6858] multi-driven net Q is connected to at least one constant driver which has been preserved, other driver is ignored [G:/git/AdComputadoras_2019/Tp4_MIPSIV/Src/MIPSIV/MIPSIV.srcs/sources_1/new/Memory.v:59]
CRITICAL WARNING: [Synth 8-6859] multi-driven net on pin Q with 1st driver pin 'Instruction_memory/ram_data_reg[63][14]/Q' [G:/git/AdComputadoras_2019/Tp4_MIPSIV/Src/MIPSIV/MIPSIV.srcs/sources_1/new/Memory.v:59]
CRITICAL WARNING: [Synth 8-6859] multi-driven net on pin Q with 2nd driver pin 'GND' [G:/git/AdComputadoras_2019/Tp4_MIPSIV/Src/MIPSIV/MIPSIV.srcs/sources_1/new/Memory.v:59]
CRITICAL WARNING: [Synth 8-6858] multi-driven net Q is connected to at least one constant driver which has been preserved, other driver is ignored [G:/git/AdComputadoras_2019/Tp4_MIPSIV/Src/MIPSIV/MIPSIV.srcs/sources_1/new/Memory.v:59]
CRITICAL WARNING: [Synth 8-6859] multi-driven net on pin Q with 1st driver pin 'Instruction_memory/ram_data_reg[63][13]/Q' [G:/git/AdComputadoras_2019/Tp4_MIPSIV/Src/MIPSIV/MIPSIV.srcs/sources_1/new/Memory.v:59]
CRITICAL WARNING: [Synth 8-6859] multi-driven net on pin Q with 2nd driver pin 'GND' [G:/git/AdComputadoras_2019/Tp4_MIPSIV/Src/MIPSIV/MIPSIV.srcs/sources_1/new/Memory.v:59]
CRITICAL WARNING: [Synth 8-6858] multi-driven net Q is connected to at least one constant driver which has been preserved, other driver is ignored [G:/git/AdComputadoras_2019/Tp4_MIPSIV/Src/MIPSIV/MIPSIV.srcs/sources_1/new/Memory.v:59]
CRITICAL WARNING: [Synth 8-6859] multi-driven net on pin Q with 1st driver pin 'Instruction_memory/ram_data_reg[63][12]/Q' [G:/git/AdComputadoras_2019/Tp4_MIPSIV/Src/MIPSIV/MIPSIV.srcs/sources_1/new/Memory.v:59]
CRITICAL WARNING: [Synth 8-6859] multi-driven net on pin Q with 2nd driver pin 'GND' [G:/git/AdComputadoras_2019/Tp4_MIPSIV/Src/MIPSIV/MIPSIV.srcs/sources_1/new/Memory.v:59]
CRITICAL WARNING: [Synth 8-6858] multi-driven net Q is connected to at least one constant driver which has been preserved, other driver is ignored [G:/git/AdComputadoras_2019/Tp4_MIPSIV/Src/MIPSIV/MIPSIV.srcs/sources_1/new/Memory.v:59]
CRITICAL WARNING: [Synth 8-6859] multi-driven net on pin Q with 1st driver pin 'Instruction_memory/ram_data_reg[63][11]/Q' [G:/git/AdComputadoras_2019/Tp4_MIPSIV/Src/MIPSIV/MIPSIV.srcs/sources_1/new/Memory.v:59]
CRITICAL WARNING: [Synth 8-6859] multi-driven net on pin Q with 2nd driver pin 'GND' [G:/git/AdComputadoras_2019/Tp4_MIPSIV/Src/MIPSIV/MIPSIV.srcs/sources_1/new/Memory.v:59]
CRITICAL WARNING: [Synth 8-6858] multi-driven net Q is connected to at least one constant driver which has been preserved, other driver is ignored [G:/git/AdComputadoras_2019/Tp4_MIPSIV/Src/MIPSIV/MIPSIV.srcs/sources_1/new/Memory.v:59]
CRITICAL WARNING: [Synth 8-6859] multi-driven net on pin Q with 1st driver pin 'Instruction_memory/ram_data_reg[63][10]/Q' [G:/git/AdComputadoras_2019/Tp4_MIPSIV/Src/MIPSIV/MIPSIV.srcs/sources_1/new/Memory.v:59]
CRITICAL WARNING: [Synth 8-6859] multi-driven net on pin Q with 2nd driver pin 'GND' [G:/git/AdComputadoras_2019/Tp4_MIPSIV/Src/MIPSIV/MIPSIV.srcs/sources_1/new/Memory.v:59]
CRITICAL WARNING: [Synth 8-6858] multi-driven net Q is connected to at least one constant driver which has been preserved, other driver is ignored [G:/git/AdComputadoras_2019/Tp4_MIPSIV/Src/MIPSIV/MIPSIV.srcs/sources_1/new/Memory.v:59]
CRITICAL WARNING: [Synth 8-6859] multi-driven net on pin Q with 1st driver pin 'Instruction_memory/ram_data_reg[63][9]/Q' [G:/git/AdComputadoras_2019/Tp4_MIPSIV/Src/MIPSIV/MIPSIV.srcs/sources_1/new/Memory.v:59]
CRITICAL WARNING: [Synth 8-6859] multi-driven net on pin Q with 2nd driver pin 'GND' [G:/git/AdComputadoras_2019/Tp4_MIPSIV/Src/MIPSIV/MIPSIV.srcs/sources_1/new/Memory.v:59]
CRITICAL WARNING: [Synth 8-6858] multi-driven net Q is connected to at least one constant driver which has been preserved, other driver is ignored [G:/git/AdComputadoras_2019/Tp4_MIPSIV/Src/MIPSIV/MIPSIV.srcs/sources_1/new/Memory.v:59]
CRITICAL WARNING: [Synth 8-6859] multi-driven net on pin Q with 1st driver pin 'Instruction_memory/ram_data_reg[63][8]/Q' [G:/git/AdComputadoras_2019/Tp4_MIPSIV/Src/MIPSIV/MIPSIV.srcs/sources_1/new/Memory.v:59]
CRITICAL WARNING: [Synth 8-6859] multi-driven net on pin Q with 2nd driver pin 'GND' [G:/git/AdComputadoras_2019/Tp4_MIPSIV/Src/MIPSIV/MIPSIV.srcs/sources_1/new/Memory.v:59]
CRITICAL WARNING: [Synth 8-6858] multi-driven net Q is connected to at least one constant driver which has been preserved, other driver is ignored [G:/git/AdComputadoras_2019/Tp4_MIPSIV/Src/MIPSIV/MIPSIV.srcs/sources_1/new/Memory.v:59]
CRITICAL WARNING: [Synth 8-6859] multi-driven net on pin Q with 1st driver pin 'Instruction_memory/ram_data_reg[63][7]/Q' [G:/git/AdComputadoras_2019/Tp4_MIPSIV/Src/MIPSIV/MIPSIV.srcs/sources_1/new/Memory.v:59]
CRITICAL WARNING: [Synth 8-6859] multi-driven net on pin Q with 2nd driver pin 'GND' [G:/git/AdComputadoras_2019/Tp4_MIPSIV/Src/MIPSIV/MIPSIV.srcs/sources_1/new/Memory.v:59]
CRITICAL WARNING: [Synth 8-6858] multi-driven net Q is connected to at least one constant driver which has been preserved, other driver is ignored [G:/git/AdComputadoras_2019/Tp4_MIPSIV/Src/MIPSIV/MIPSIV.srcs/sources_1/new/Memory.v:59]
CRITICAL WARNING: [Synth 8-6859] multi-driven net on pin Q with 1st driver pin 'Instruction_memory/ram_data_reg[63][6]/Q' [G:/git/AdComputadoras_2019/Tp4_MIPSIV/Src/MIPSIV/MIPSIV.srcs/sources_1/new/Memory.v:59]
CRITICAL WARNING: [Synth 8-6859] multi-driven net on pin Q with 2nd driver pin 'GND' [G:/git/AdComputadoras_2019/Tp4_MIPSIV/Src/MIPSIV/MIPSIV.srcs/sources_1/new/Memory.v:59]
CRITICAL WARNING: [Synth 8-6858] multi-driven net Q is connected to at least one constant driver which has been preserved, other driver is ignored [G:/git/AdComputadoras_2019/Tp4_MIPSIV/Src/MIPSIV/MIPSIV.srcs/sources_1/new/Memory.v:59]
CRITICAL WARNING: [Synth 8-6859] multi-driven net on pin Q with 1st driver pin 'Instruction_memory/ram_data_reg[63][5]/Q' [G:/git/AdComputadoras_2019/Tp4_MIPSIV/Src/MIPSIV/MIPSIV.srcs/sources_1/new/Memory.v:59]
CRITICAL WARNING: [Synth 8-6859] multi-driven net on pin Q with 2nd driver pin 'GND' [G:/git/AdComputadoras_2019/Tp4_MIPSIV/Src/MIPSIV/MIPSIV.srcs/sources_1/new/Memory.v:59]
CRITICAL WARNING: [Synth 8-6858] multi-driven net Q is connected to at least one constant driver which has been preserved, other driver is ignored [G:/git/AdComputadoras_2019/Tp4_MIPSIV/Src/MIPSIV/MIPSIV.srcs/sources_1/new/Memory.v:59]
CRITICAL WARNING: [Synth 8-6859] multi-driven net on pin Q with 1st driver pin 'Instruction_memory/ram_data_reg[63][4]/Q' [G:/git/AdComputadoras_2019/Tp4_MIPSIV/Src/MIPSIV/MIPSIV.srcs/sources_1/new/Memory.v:59]
CRITICAL WARNING: [Synth 8-6859] multi-driven net on pin Q with 2nd driver pin 'GND' [G:/git/AdComputadoras_2019/Tp4_MIPSIV/Src/MIPSIV/MIPSIV.srcs/sources_1/new/Memory.v:59]
CRITICAL WARNING: [Synth 8-6858] multi-driven net Q is connected to at least one constant driver which has been preserved, other driver is ignored [G:/git/AdComputadoras_2019/Tp4_MIPSIV/Src/MIPSIV/MIPSIV.srcs/sources_1/new/Memory.v:59]
CRITICAL WARNING: [Synth 8-6859] multi-driven net on pin Q with 1st driver pin 'Instruction_memory/ram_data_reg[63][3]/Q' [G:/git/AdComputadoras_2019/Tp4_MIPSIV/Src/MIPSIV/MIPSIV.srcs/sources_1/new/Memory.v:59]
CRITICAL WARNING: [Synth 8-6859] multi-driven net on pin Q with 2nd driver pin 'GND' [G:/git/AdComputadoras_2019/Tp4_MIPSIV/Src/MIPSIV/MIPSIV.srcs/sources_1/new/Memory.v:59]
CRITICAL WARNING: [Synth 8-6858] multi-driven net Q is connected to at least one constant driver which has been preserved, other driver is ignored [G:/git/AdComputadoras_2019/Tp4_MIPSIV/Src/MIPSIV/MIPSIV.srcs/sources_1/new/Memory.v:59]
CRITICAL WARNING: [Synth 8-6859] multi-driven net on pin Q with 1st driver pin 'Instruction_memory/ram_data_reg[63][2]/Q' [G:/git/AdComputadoras_2019/Tp4_MIPSIV/Src/MIPSIV/MIPSIV.srcs/sources_1/new/Memory.v:59]
CRITICAL WARNING: [Synth 8-6859] multi-driven net on pin Q with 2nd driver pin 'GND' [G:/git/AdComputadoras_2019/Tp4_MIPSIV/Src/MIPSIV/MIPSIV.srcs/sources_1/new/Memory.v:59]
CRITICAL WARNING: [Synth 8-6858] multi-driven net Q is connected to at least one constant driver which has been preserved, other driver is ignored [G:/git/AdComputadoras_2019/Tp4_MIPSIV/Src/MIPSIV/MIPSIV.srcs/sources_1/new/Memory.v:59]
CRITICAL WARNING: [Synth 8-6859] multi-driven net on pin Q with 1st driver pin 'Instruction_memory/ram_data_reg[63][1]/Q' [G:/git/AdComputadoras_2019/Tp4_MIPSIV/Src/MIPSIV/MIPSIV.srcs/sources_1/new/Memory.v:59]
CRITICAL WARNING: [Synth 8-6859] multi-driven net on pin Q with 2nd driver pin 'GND' [G:/git/AdComputadoras_2019/Tp4_MIPSIV/Src/MIPSIV/MIPSIV.srcs/sources_1/new/Memory.v:59]
CRITICAL WARNING: [Synth 8-6858] multi-driven net Q is connected to at least one constant driver which has been preserved, other driver is ignored [G:/git/AdComputadoras_2019/Tp4_MIPSIV/Src/MIPSIV/MIPSIV.srcs/sources_1/new/Memory.v:59]
CRITICAL WARNING: [Synth 8-6859] multi-driven net on pin Q with 1st driver pin 'Instruction_memory/ram_data_reg[63][0]/Q' [G:/git/AdComputadoras_2019/Tp4_MIPSIV/Src/MIPSIV/MIPSIV.srcs/sources_1/new/Memory.v:59]
CRITICAL WARNING: [Synth 8-6859] multi-driven net on pin Q with 2nd driver pin 'GND' [G:/git/AdComputadoras_2019/Tp4_MIPSIV/Src/MIPSIV/MIPSIV.srcs/sources_1/new/Memory.v:59]
CRITICAL WARNING: [Synth 8-6858] multi-driven net Q is connected to at least one constant driver which has been preserved, other driver is ignored [G:/git/AdComputadoras_2019/Tp4_MIPSIV/Src/MIPSIV/MIPSIV.srcs/sources_1/new/Memory.v:59]
CRITICAL WARNING: [Synth 8-6859] multi-driven net on pin Q with 1st driver pin 'Instruction_memory/ram_data_reg[62][31]/Q' [G:/git/AdComputadoras_2019/Tp4_MIPSIV/Src/MIPSIV/MIPSIV.srcs/sources_1/new/Memory.v:59]
CRITICAL WARNING: [Synth 8-6859] multi-driven net on pin Q with 2nd driver pin 'GND' [G:/git/AdComputadoras_2019/Tp4_MIPSIV/Src/MIPSIV/MIPSIV.srcs/sources_1/new/Memory.v:59]
CRITICAL WARNING: [Synth 8-6858] multi-driven net Q is connected to at least one constant driver which has been preserved, other driver is ignored [G:/git/AdComputadoras_2019/Tp4_MIPSIV/Src/MIPSIV/MIPSIV.srcs/sources_1/new/Memory.v:59]
CRITICAL WARNING: [Synth 8-6859] multi-driven net on pin Q with 1st driver pin 'Instruction_memory/ram_data_reg[62][30]/Q' [G:/git/AdComputadoras_2019/Tp4_MIPSIV/Src/MIPSIV/MIPSIV.srcs/sources_1/new/Memory.v:59]
CRITICAL WARNING: [Synth 8-6859] multi-driven net on pin Q with 2nd driver pin 'GND' [G:/git/AdComputadoras_2019/Tp4_MIPSIV/Src/MIPSIV/MIPSIV.srcs/sources_1/new/Memory.v:59]
CRITICAL WARNING: [Synth 8-6858] multi-driven net Q is connected to at least one constant driver which has been preserved, other driver is ignored [G:/git/AdComputadoras_2019/Tp4_MIPSIV/Src/MIPSIV/MIPSIV.srcs/sources_1/new/Memory.v:59]
CRITICAL WARNING: [Synth 8-6859] multi-driven net on pin Q with 1st driver pin 'Instruction_memory/ram_data_reg[62][29]/Q' [G:/git/AdComputadoras_2019/Tp4_MIPSIV/Src/MIPSIV/MIPSIV.srcs/sources_1/new/Memory.v:59]
CRITICAL WARNING: [Synth 8-6859] multi-driven net on pin Q with 2nd driver pin 'GND' [G:/git/AdComputadoras_2019/Tp4_MIPSIV/Src/MIPSIV/MIPSIV.srcs/sources_1/new/Memory.v:59]
CRITICAL WARNING: [Synth 8-6858] multi-driven net Q is connected to at least one constant driver which has been preserved, other driver is ignored [G:/git/AdComputadoras_2019/Tp4_MIPSIV/Src/MIPSIV/MIPSIV.srcs/sources_1/new/Memory.v:59]
CRITICAL WARNING: [Synth 8-6859] multi-driven net on pin Q with 1st driver pin 'Instruction_memory/ram_data_reg[62][28]/Q' [G:/git/AdComputadoras_2019/Tp4_MIPSIV/Src/MIPSIV/MIPSIV.srcs/sources_1/new/Memory.v:59]
CRITICAL WARNING: [Synth 8-6859] multi-driven net on pin Q with 2nd driver pin 'GND' [G:/git/AdComputadoras_2019/Tp4_MIPSIV/Src/MIPSIV/MIPSIV.srcs/sources_1/new/Memory.v:59]
CRITICAL WARNING: [Synth 8-6858] multi-driven net Q is connected to at least one constant driver which has been preserved, other driver is ignored [G:/git/AdComputadoras_2019/Tp4_MIPSIV/Src/MIPSIV/MIPSIV.srcs/sources_1/new/Memory.v:59]
CRITICAL WARNING: [Synth 8-6859] multi-driven net on pin Q with 1st driver pin 'Instruction_memory/ram_data_reg[62][27]/Q' [G:/git/AdComputadoras_2019/Tp4_MIPSIV/Src/MIPSIV/MIPSIV.srcs/sources_1/new/Memory.v:59]
CRITICAL WARNING: [Synth 8-6859] multi-driven net on pin Q with 2nd driver pin 'GND' [G:/git/AdComputadoras_2019/Tp4_MIPSIV/Src/MIPSIV/MIPSIV.srcs/sources_1/new/Memory.v:59]
CRITICAL WARNING: [Synth 8-6858] multi-driven net Q is connected to at least one constant driver which has been preserved, other driver is ignored [G:/git/AdComputadoras_2019/Tp4_MIPSIV/Src/MIPSIV/MIPSIV.srcs/sources_1/new/Memory.v:59]
CRITICAL WARNING: [Synth 8-6859] multi-driven net on pin Q with 1st driver pin 'Instruction_memory/ram_data_reg[62][26]/Q' [G:/git/AdComputadoras_2019/Tp4_MIPSIV/Src/MIPSIV/MIPSIV.srcs/sources_1/new/Memory.v:59]
CRITICAL WARNING: [Synth 8-6859] multi-driven net on pin Q with 2nd driver pin 'GND' [G:/git/AdComputadoras_2019/Tp4_MIPSIV/Src/MIPSIV/MIPSIV.srcs/sources_1/new/Memory.v:59]
CRITICAL WARNING: [Synth 8-6858] multi-driven net Q is connected to at least one constant driver which has been preserved, other driver is ignored [G:/git/AdComputadoras_2019/Tp4_MIPSIV/Src/MIPSIV/MIPSIV.srcs/sources_1/new/Memory.v:59]
CRITICAL WARNING: [Synth 8-6859] multi-driven net on pin Q with 1st driver pin 'Instruction_memory/ram_data_reg[62][25]/Q' [G:/git/AdComputadoras_2019/Tp4_MIPSIV/Src/MIPSIV/MIPSIV.srcs/sources_1/new/Memory.v:59]
CRITICAL WARNING: [Synth 8-6859] multi-driven net on pin Q with 2nd driver pin 'GND' [G:/git/AdComputadoras_2019/Tp4_MIPSIV/Src/MIPSIV/MIPSIV.srcs/sources_1/new/Memory.v:59]
CRITICAL WARNING: [Synth 8-6858] multi-driven net Q is connected to at least one constant driver which has been preserved, other driver is ignored [G:/git/AdComputadoras_2019/Tp4_MIPSIV/Src/MIPSIV/MIPSIV.srcs/sources_1/new/Memory.v:59]
CRITICAL WARNING: [Synth 8-6859] multi-driven net on pin Q with 1st driver pin 'Instruction_memory/ram_data_reg[62][24]/Q' [G:/git/AdComputadoras_2019/Tp4_MIPSIV/Src/MIPSIV/MIPSIV.srcs/sources_1/new/Memory.v:59]
CRITICAL WARNING: [Synth 8-6859] multi-driven net on pin Q with 2nd driver pin 'GND' [G:/git/AdComputadoras_2019/Tp4_MIPSIV/Src/MIPSIV/MIPSIV.srcs/sources_1/new/Memory.v:59]
CRITICAL WARNING: [Synth 8-6858] multi-driven net Q is connected to at least one constant driver which has been preserved, other driver is ignored [G:/git/AdComputadoras_2019/Tp4_MIPSIV/Src/MIPSIV/MIPSIV.srcs/sources_1/new/Memory.v:59]
CRITICAL WARNING: [Synth 8-6859] multi-driven net on pin Q with 1st driver pin 'Instruction_memory/ram_data_reg[62][23]/Q' [G:/git/AdComputadoras_2019/Tp4_MIPSIV/Src/MIPSIV/MIPSIV.srcs/sources_1/new/Memory.v:59]
CRITICAL WARNING: [Synth 8-6859] multi-driven net on pin Q with 2nd driver pin 'GND' [G:/git/AdComputadoras_2019/Tp4_MIPSIV/Src/MIPSIV/MIPSIV.srcs/sources_1/new/Memory.v:59]
CRITICAL WARNING: [Synth 8-6858] multi-driven net Q is connected to at least one constant driver which has been preserved, other driver is ignored [G:/git/AdComputadoras_2019/Tp4_MIPSIV/Src/MIPSIV/MIPSIV.srcs/sources_1/new/Memory.v:59]
CRITICAL WARNING: [Synth 8-6859] multi-driven net on pin Q with 1st driver pin 'Instruction_memory/ram_data_reg[62][22]/Q' [G:/git/AdComputadoras_2019/Tp4_MIPSIV/Src/MIPSIV/MIPSIV.srcs/sources_1/new/Memory.v:59]
CRITICAL WARNING: [Synth 8-6859] multi-driven net on pin Q with 2nd driver pin 'GND' [G:/git/AdComputadoras_2019/Tp4_MIPSIV/Src/MIPSIV/MIPSIV.srcs/sources_1/new/Memory.v:59]
CRITICAL WARNING: [Synth 8-6858] multi-driven net Q is connected to at least one constant driver which has been preserved, other driver is ignored [G:/git/AdComputadoras_2019/Tp4_MIPSIV/Src/MIPSIV/MIPSIV.srcs/sources_1/new/Memory.v:59]
CRITICAL WARNING: [Synth 8-6859] multi-driven net on pin Q with 1st driver pin 'Instruction_memory/ram_data_reg[62][21]/Q' [G:/git/AdComputadoras_2019/Tp4_MIPSIV/Src/MIPSIV/MIPSIV.srcs/sources_1/new/Memory.v:59]
CRITICAL WARNING: [Synth 8-6859] multi-driven net on pin Q with 2nd driver pin 'GND' [G:/git/AdComputadoras_2019/Tp4_MIPSIV/Src/MIPSIV/MIPSIV.srcs/sources_1/new/Memory.v:59]
CRITICAL WARNING: [Synth 8-6858] multi-driven net Q is connected to at least one constant driver which has been preserved, other driver is ignored [G:/git/AdComputadoras_2019/Tp4_MIPSIV/Src/MIPSIV/MIPSIV.srcs/sources_1/new/Memory.v:59]
CRITICAL WARNING: [Synth 8-6859] multi-driven net on pin Q with 1st driver pin 'Instruction_memory/ram_data_reg[62][20]/Q' [G:/git/AdComputadoras_2019/Tp4_MIPSIV/Src/MIPSIV/MIPSIV.srcs/sources_1/new/Memory.v:59]
CRITICAL WARNING: [Synth 8-6859] multi-driven net on pin Q with 2nd driver pin 'GND' [G:/git/AdComputadoras_2019/Tp4_MIPSIV/Src/MIPSIV/MIPSIV.srcs/sources_1/new/Memory.v:59]
CRITICAL WARNING: [Synth 8-6858] multi-driven net Q is connected to at least one constant driver which has been preserved, other driver is ignored [G:/git/AdComputadoras_2019/Tp4_MIPSIV/Src/MIPSIV/MIPSIV.srcs/sources_1/new/Memory.v:59]
CRITICAL WARNING: [Synth 8-6859] multi-driven net on pin Q with 1st driver pin 'Instruction_memory/ram_data_reg[62][19]/Q' [G:/git/AdComputadoras_2019/Tp4_MIPSIV/Src/MIPSIV/MIPSIV.srcs/sources_1/new/Memory.v:59]
CRITICAL WARNING: [Synth 8-6859] multi-driven net on pin Q with 2nd driver pin 'GND' [G:/git/AdComputadoras_2019/Tp4_MIPSIV/Src/MIPSIV/MIPSIV.srcs/sources_1/new/Memory.v:59]
CRITICAL WARNING: [Synth 8-6858] multi-driven net Q is connected to at least one constant driver which has been preserved, other driver is ignored [G:/git/AdComputadoras_2019/Tp4_MIPSIV/Src/MIPSIV/MIPSIV.srcs/sources_1/new/Memory.v:59]
CRITICAL WARNING: [Synth 8-6859] multi-driven net on pin Q with 1st driver pin 'Instruction_memory/ram_data_reg[62][18]/Q' [G:/git/AdComputadoras_2019/Tp4_MIPSIV/Src/MIPSIV/MIPSIV.srcs/sources_1/new/Memory.v:59]
CRITICAL WARNING: [Synth 8-6859] multi-driven net on pin Q with 2nd driver pin 'GND' [G:/git/AdComputadoras_2019/Tp4_MIPSIV/Src/MIPSIV/MIPSIV.srcs/sources_1/new/Memory.v:59]
CRITICAL WARNING: [Synth 8-6858] multi-driven net Q is connected to at least one constant driver which has been preserved, other driver is ignored [G:/git/AdComputadoras_2019/Tp4_MIPSIV/Src/MIPSIV/MIPSIV.srcs/sources_1/new/Memory.v:59]
CRITICAL WARNING: [Synth 8-6859] multi-driven net on pin Q with 1st driver pin 'Instruction_memory/ram_data_reg[62][17]/Q' [G:/git/AdComputadoras_2019/Tp4_MIPSIV/Src/MIPSIV/MIPSIV.srcs/sources_1/new/Memory.v:59]
CRITICAL WARNING: [Synth 8-6859] multi-driven net on pin Q with 2nd driver pin 'GND' [G:/git/AdComputadoras_2019/Tp4_MIPSIV/Src/MIPSIV/MIPSIV.srcs/sources_1/new/Memory.v:59]
CRITICAL WARNING: [Synth 8-6858] multi-driven net Q is connected to at least one constant driver which has been preserved, other driver is ignored [G:/git/AdComputadoras_2019/Tp4_MIPSIV/Src/MIPSIV/MIPSIV.srcs/sources_1/new/Memory.v:59]
CRITICAL WARNING: [Synth 8-6859] multi-driven net on pin Q with 1st driver pin 'Instruction_memory/ram_data_reg[62][16]/Q' [G:/git/AdComputadoras_2019/Tp4_MIPSIV/Src/MIPSIV/MIPSIV.srcs/sources_1/new/Memory.v:59]
CRITICAL WARNING: [Synth 8-6859] multi-driven net on pin Q with 2nd driver pin 'GND' [G:/git/AdComputadoras_2019/Tp4_MIPSIV/Src/MIPSIV/MIPSIV.srcs/sources_1/new/Memory.v:59]
CRITICAL WARNING: [Synth 8-6858] multi-driven net Q is connected to at least one constant driver which has been preserved, other driver is ignored [G:/git/AdComputadoras_2019/Tp4_MIPSIV/Src/MIPSIV/MIPSIV.srcs/sources_1/new/Memory.v:59]
CRITICAL WARNING: [Synth 8-6859] multi-driven net on pin Q with 1st driver pin 'Instruction_memory/ram_data_reg[62][15]/Q' [G:/git/AdComputadoras_2019/Tp4_MIPSIV/Src/MIPSIV/MIPSIV.srcs/sources_1/new/Memory.v:59]
CRITICAL WARNING: [Synth 8-6859] multi-driven net on pin Q with 2nd driver pin 'GND' [G:/git/AdComputadoras_2019/Tp4_MIPSIV/Src/MIPSIV/MIPSIV.srcs/sources_1/new/Memory.v:59]
CRITICAL WARNING: [Synth 8-6858] multi-driven net Q is connected to at least one constant driver which has been preserved, other driver is ignored [G:/git/AdComputadoras_2019/Tp4_MIPSIV/Src/MIPSIV/MIPSIV.srcs/sources_1/new/Memory.v:59]
CRITICAL WARNING: [Synth 8-6859] multi-driven net on pin Q with 1st driver pin 'Instruction_memory/ram_data_reg[62][14]/Q' [G:/git/AdComputadoras_2019/Tp4_MIPSIV/Src/MIPSIV/MIPSIV.srcs/sources_1/new/Memory.v:59]
CRITICAL WARNING: [Synth 8-6859] multi-driven net on pin Q with 2nd driver pin 'GND' [G:/git/AdComputadoras_2019/Tp4_MIPSIV/Src/MIPSIV/MIPSIV.srcs/sources_1/new/Memory.v:59]
INFO: [Common 17-14] Message 'Synth 8-6859' appears 100 times and further instances of the messages will be disabled. Use the Tcl command set_msg_config to change the current settings.
CRITICAL WARNING: [Synth 8-6858] multi-driven net Q is connected to at least one constant driver which has been preserved, other driver is ignored [G:/git/AdComputadoras_2019/Tp4_MIPSIV/Src/MIPSIV/MIPSIV.srcs/sources_1/new/Memory.v:59]
CRITICAL WARNING: [Synth 8-6858] multi-driven net Q is connected to at least one constant driver which has been preserved, other driver is ignored [G:/git/AdComputadoras_2019/Tp4_MIPSIV/Src/MIPSIV/MIPSIV.srcs/sources_1/new/Memory.v:59]
CRITICAL WARNING: [Synth 8-6858] multi-driven net Q is connected to at least one constant driver which has been preserved, other driver is ignored [G:/git/AdComputadoras_2019/Tp4_MIPSIV/Src/MIPSIV/MIPSIV.srcs/sources_1/new/Memory.v:59]
CRITICAL WARNING: [Synth 8-6858] multi-driven net Q is connected to at least one constant driver which has been preserved, other driver is ignored [G:/git/AdComputadoras_2019/Tp4_MIPSIV/Src/MIPSIV/MIPSIV.srcs/sources_1/new/Memory.v:59]
CRITICAL WARNING: [Synth 8-6858] multi-driven net Q is connected to at least one constant driver which has been preserved, other driver is ignored [G:/git/AdComputadoras_2019/Tp4_MIPSIV/Src/MIPSIV/MIPSIV.srcs/sources_1/new/Memory.v:59]
CRITICAL WARNING: [Synth 8-6858] multi-driven net Q is connected to at least one constant driver which has been preserved, other driver is ignored [G:/git/AdComputadoras_2019/Tp4_MIPSIV/Src/MIPSIV/MIPSIV.srcs/sources_1/new/Memory.v:59]
CRITICAL WARNING: [Synth 8-6858] multi-driven net Q is connected to at least one constant driver which has been preserved, other driver is ignored [G:/git/AdComputadoras_2019/Tp4_MIPSIV/Src/MIPSIV/MIPSIV.srcs/sources_1/new/Memory.v:59]
CRITICAL WARNING: [Synth 8-6858] multi-driven net Q is connected to at least one constant driver which has been preserved, other driver is ignored [G:/git/AdComputadoras_2019/Tp4_MIPSIV/Src/MIPSIV/MIPSIV.srcs/sources_1/new/Memory.v:59]
CRITICAL WARNING: [Synth 8-6858] multi-driven net Q is connected to at least one constant driver which has been preserved, other driver is ignored [G:/git/AdComputadoras_2019/Tp4_MIPSIV/Src/MIPSIV/MIPSIV.srcs/sources_1/new/Memory.v:59]
CRITICAL WARNING: [Synth 8-6858] multi-driven net Q is connected to at least one constant driver which has been preserved, other driver is ignored [G:/git/AdComputadoras_2019/Tp4_MIPSIV/Src/MIPSIV/MIPSIV.srcs/sources_1/new/Memory.v:59]
CRITICAL WARNING: [Synth 8-6858] multi-driven net Q is connected to at least one constant driver which has been preserved, other driver is ignored [G:/git/AdComputadoras_2019/Tp4_MIPSIV/Src/MIPSIV/MIPSIV.srcs/sources_1/new/Memory.v:59]
CRITICAL WARNING: [Synth 8-6858] multi-driven net Q is connected to at least one constant driver which has been preserved, other driver is ignored [G:/git/AdComputadoras_2019/Tp4_MIPSIV/Src/MIPSIV/MIPSIV.srcs/sources_1/new/Memory.v:59]
CRITICAL WARNING: [Synth 8-6858] multi-driven net Q is connected to at least one constant driver which has been preserved, other driver is ignored [G:/git/AdComputadoras_2019/Tp4_MIPSIV/Src/MIPSIV/MIPSIV.srcs/sources_1/new/Memory.v:59]
CRITICAL WARNING: [Synth 8-6858] multi-driven net Q is connected to at least one constant driver which has been preserved, other driver is ignored [G:/git/AdComputadoras_2019/Tp4_MIPSIV/Src/MIPSIV/MIPSIV.srcs/sources_1/new/Memory.v:59]
CRITICAL WARNING: [Synth 8-6858] multi-driven net Q is connected to at least one constant driver which has been preserved, other driver is ignored [G:/git/AdComputadoras_2019/Tp4_MIPSIV/Src/MIPSIV/MIPSIV.srcs/sources_1/new/Memory.v:59]
CRITICAL WARNING: [Synth 8-6858] multi-driven net Q is connected to at least one constant driver which has been preserved, other driver is ignored [G:/git/AdComputadoras_2019/Tp4_MIPSIV/Src/MIPSIV/MIPSIV.srcs/sources_1/new/Memory.v:59]
CRITICAL WARNING: [Synth 8-6858] multi-driven net Q is connected to at least one constant driver which has been preserved, other driver is ignored [G:/git/AdComputadoras_2019/Tp4_MIPSIV/Src/MIPSIV/MIPSIV.srcs/sources_1/new/Memory.v:59]
CRITICAL WARNING: [Synth 8-6858] multi-driven net Q is connected to at least one constant driver which has been preserved, other driver is ignored [G:/git/AdComputadoras_2019/Tp4_MIPSIV/Src/MIPSIV/MIPSIV.srcs/sources_1/new/Memory.v:59]
CRITICAL WARNING: [Synth 8-6858] multi-driven net Q is connected to at least one constant driver which has been preserved, other driver is ignored [G:/git/AdComputadoras_2019/Tp4_MIPSIV/Src/MIPSIV/MIPSIV.srcs/sources_1/new/Memory.v:59]
CRITICAL WARNING: [Synth 8-6858] multi-driven net Q is connected to at least one constant driver which has been preserved, other driver is ignored [G:/git/AdComputadoras_2019/Tp4_MIPSIV/Src/MIPSIV/MIPSIV.srcs/sources_1/new/Memory.v:59]
CRITICAL WARNING: [Synth 8-6858] multi-driven net Q is connected to at least one constant driver which has been preserved, other driver is ignored [G:/git/AdComputadoras_2019/Tp4_MIPSIV/Src/MIPSIV/MIPSIV.srcs/sources_1/new/Memory.v:59]
CRITICAL WARNING: [Synth 8-6858] multi-driven net Q is connected to at least one constant driver which has been preserved, other driver is ignored [G:/git/AdComputadoras_2019/Tp4_MIPSIV/Src/MIPSIV/MIPSIV.srcs/sources_1/new/Memory.v:59]
CRITICAL WARNING: [Synth 8-6858] multi-driven net Q is connected to at least one constant driver which has been preserved, other driver is ignored [G:/git/AdComputadoras_2019/Tp4_MIPSIV/Src/MIPSIV/MIPSIV.srcs/sources_1/new/Memory.v:59]
CRITICAL WARNING: [Synth 8-6858] multi-driven net Q is connected to at least one constant driver which has been preserved, other driver is ignored [G:/git/AdComputadoras_2019/Tp4_MIPSIV/Src/MIPSIV/MIPSIV.srcs/sources_1/new/Memory.v:59]
CRITICAL WARNING: [Synth 8-6858] multi-driven net Q is connected to at least one constant driver which has been preserved, other driver is ignored [G:/git/AdComputadoras_2019/Tp4_MIPSIV/Src/MIPSIV/MIPSIV.srcs/sources_1/new/Memory.v:59]
CRITICAL WARNING: [Synth 8-6858] multi-driven net Q is connected to at least one constant driver which has been preserved, other driver is ignored [G:/git/AdComputadoras_2019/Tp4_MIPSIV/Src/MIPSIV/MIPSIV.srcs/sources_1/new/Memory.v:59]
CRITICAL WARNING: [Synth 8-6858] multi-driven net Q is connected to at least one constant driver which has been preserved, other driver is ignored [G:/git/AdComputadoras_2019/Tp4_MIPSIV/Src/MIPSIV/MIPSIV.srcs/sources_1/new/Memory.v:59]
CRITICAL WARNING: [Synth 8-6858] multi-driven net Q is connected to at least one constant driver which has been preserved, other driver is ignored [G:/git/AdComputadoras_2019/Tp4_MIPSIV/Src/MIPSIV/MIPSIV.srcs/sources_1/new/Memory.v:59]
CRITICAL WARNING: [Synth 8-6858] multi-driven net Q is connected to at least one constant driver which has been preserved, other driver is ignored [G:/git/AdComputadoras_2019/Tp4_MIPSIV/Src/MIPSIV/MIPSIV.srcs/sources_1/new/Memory.v:59]
CRITICAL WARNING: [Synth 8-6858] multi-driven net Q is connected to at least one constant driver which has been preserved, other driver is ignored [G:/git/AdComputadoras_2019/Tp4_MIPSIV/Src/MIPSIV/MIPSIV.srcs/sources_1/new/Memory.v:59]
CRITICAL WARNING: [Synth 8-6858] multi-driven net Q is connected to at least one constant driver which has been preserved, other driver is ignored [G:/git/AdComputadoras_2019/Tp4_MIPSIV/Src/MIPSIV/MIPSIV.srcs/sources_1/new/Memory.v:59]
CRITICAL WARNING: [Synth 8-6858] multi-driven net Q is connected to at least one constant driver which has been preserved, other driver is ignored [G:/git/AdComputadoras_2019/Tp4_MIPSIV/Src/MIPSIV/MIPSIV.srcs/sources_1/new/Memory.v:59]
CRITICAL WARNING: [Synth 8-6858] multi-driven net Q is connected to at least one constant driver which has been preserved, other driver is ignored [G:/git/AdComputadoras_2019/Tp4_MIPSIV/Src/MIPSIV/MIPSIV.srcs/sources_1/new/Memory.v:59]
CRITICAL WARNING: [Synth 8-6858] multi-driven net Q is connected to at least one constant driver which has been preserved, other driver is ignored [G:/git/AdComputadoras_2019/Tp4_MIPSIV/Src/MIPSIV/MIPSIV.srcs/sources_1/new/Memory.v:59]
CRITICAL WARNING: [Synth 8-6858] multi-driven net Q is connected to at least one constant driver which has been preserved, other driver is ignored [G:/git/AdComputadoras_2019/Tp4_MIPSIV/Src/MIPSIV/MIPSIV.srcs/sources_1/new/Memory.v:59]
CRITICAL WARNING: [Synth 8-6858] multi-driven net Q is connected to at least one constant driver which has been preserved, other driver is ignored [G:/git/AdComputadoras_2019/Tp4_MIPSIV/Src/MIPSIV/MIPSIV.srcs/sources_1/new/Memory.v:59]
CRITICAL WARNING: [Synth 8-6858] multi-driven net Q is connected to at least one constant driver which has been preserved, other driver is ignored [G:/git/AdComputadoras_2019/Tp4_MIPSIV/Src/MIPSIV/MIPSIV.srcs/sources_1/new/Memory.v:59]
CRITICAL WARNING: [Synth 8-6858] multi-driven net Q is connected to at least one constant driver which has been preserved, other driver is ignored [G:/git/AdComputadoras_2019/Tp4_MIPSIV/Src/MIPSIV/MIPSIV.srcs/sources_1/new/Memory.v:59]
CRITICAL WARNING: [Synth 8-6858] multi-driven net Q is connected to at least one constant driver which has been preserved, other driver is ignored [G:/git/AdComputadoras_2019/Tp4_MIPSIV/Src/MIPSIV/MIPSIV.srcs/sources_1/new/Memory.v:59]
CRITICAL WARNING: [Synth 8-6858] multi-driven net Q is connected to at least one constant driver which has been preserved, other driver is ignored [G:/git/AdComputadoras_2019/Tp4_MIPSIV/Src/MIPSIV/MIPSIV.srcs/sources_1/new/Memory.v:59]
CRITICAL WARNING: [Synth 8-6858] multi-driven net Q is connected to at least one constant driver which has been preserved, other driver is ignored [G:/git/AdComputadoras_2019/Tp4_MIPSIV/Src/MIPSIV/MIPSIV.srcs/sources_1/new/Memory.v:59]
CRITICAL WARNING: [Synth 8-6858] multi-driven net Q is connected to at least one constant driver which has been preserved, other driver is ignored [G:/git/AdComputadoras_2019/Tp4_MIPSIV/Src/MIPSIV/MIPSIV.srcs/sources_1/new/Memory.v:59]
CRITICAL WARNING: [Synth 8-6858] multi-driven net Q is connected to at least one constant driver which has been preserved, other driver is ignored [G:/git/AdComputadoras_2019/Tp4_MIPSIV/Src/MIPSIV/MIPSIV.srcs/sources_1/new/Memory.v:59]
CRITICAL WARNING: [Synth 8-6858] multi-driven net Q is connected to at least one constant driver which has been preserved, other driver is ignored [G:/git/AdComputadoras_2019/Tp4_MIPSIV/Src/MIPSIV/MIPSIV.srcs/sources_1/new/Memory.v:59]
CRITICAL WARNING: [Synth 8-6858] multi-driven net Q is connected to at least one constant driver which has been preserved, other driver is ignored [G:/git/AdComputadoras_2019/Tp4_MIPSIV/Src/MIPSIV/MIPSIV.srcs/sources_1/new/Memory.v:59]
CRITICAL WARNING: [Synth 8-6858] multi-driven net Q is connected to at least one constant driver which has been preserved, other driver is ignored [G:/git/AdComputadoras_2019/Tp4_MIPSIV/Src/MIPSIV/MIPSIV.srcs/sources_1/new/Memory.v:59]
CRITICAL WARNING: [Synth 8-6858] multi-driven net Q is connected to at least one constant driver which has been preserved, other driver is ignored [G:/git/AdComputadoras_2019/Tp4_MIPSIV/Src/MIPSIV/MIPSIV.srcs/sources_1/new/Memory.v:59]
CRITICAL WARNING: [Synth 8-6858] multi-driven net Q is connected to at least one constant driver which has been preserved, other driver is ignored [G:/git/AdComputadoras_2019/Tp4_MIPSIV/Src/MIPSIV/MIPSIV.srcs/sources_1/new/Memory.v:59]
CRITICAL WARNING: [Synth 8-6858] multi-driven net Q is connected to at least one constant driver which has been preserved, other driver is ignored [G:/git/AdComputadoras_2019/Tp4_MIPSIV/Src/MIPSIV/MIPSIV.srcs/sources_1/new/Memory.v:59]
CRITICAL WARNING: [Synth 8-6858] multi-driven net Q is connected to at least one constant driver which has been preserved, other driver is ignored [G:/git/AdComputadoras_2019/Tp4_MIPSIV/Src/MIPSIV/MIPSIV.srcs/sources_1/new/Memory.v:59]
CRITICAL WARNING: [Synth 8-6858] multi-driven net Q is connected to at least one constant driver which has been preserved, other driver is ignored [G:/git/AdComputadoras_2019/Tp4_MIPSIV/Src/MIPSIV/MIPSIV.srcs/sources_1/new/Memory.v:59]
INFO: [Common 17-14] Message 'Synth 8-6858' appears 100 times and further instances of the messages will be disabled. Use the Tcl command set_msg_config to change the current settings.
---------------------------------------------------------------------------------
Finished Cross Boundary and Area Optimization : Time (s): cpu = 00:00:17 ; elapsed = 00:00:18 . Memory (MB): peak = 1167.742 ; gain = 130.758
---------------------------------------------------------------------------------
---------------------------------------------------------------------------------
Start Applying XDC Timing Constraints
---------------------------------------------------------------------------------
---------------------------------------------------------------------------------
Finished Applying XDC Timing Constraints : Time (s): cpu = 00:00:24 ; elapsed = 00:00:26 . Memory (MB): peak = 1167.742 ; gain = 130.758
---------------------------------------------------------------------------------
---------------------------------------------------------------------------------
Start Timing Optimization
---------------------------------------------------------------------------------
---------------------------------------------------------------------------------
Finished Timing Optimization : Time (s): cpu = 00:00:24 ; elapsed = 00:00:26 . Memory (MB): peak = 1167.742 ; gain = 130.758
---------------------------------------------------------------------------------
---------------------------------------------------------------------------------
Start Technology Mapping
---------------------------------------------------------------------------------
---------------------------------------------------------------------------------
Finished Technology Mapping : Time (s): cpu = 00:00:24 ; elapsed = 00:00:26 . Memory (MB): peak = 1167.742 ; gain = 130.758
---------------------------------------------------------------------------------
---------------------------------------------------------------------------------
Start IO Insertion
---------------------------------------------------------------------------------
---------------------------------------------------------------------------------
Start Flattening Before IO Insertion
---------------------------------------------------------------------------------
---------------------------------------------------------------------------------
Finished Flattening Before IO Insertion
---------------------------------------------------------------------------------
---------------------------------------------------------------------------------
Start Final Netlist Cleanup
---------------------------------------------------------------------------------
---------------------------------------------------------------------------------
Finished Final Netlist Cleanup
---------------------------------------------------------------------------------
---------------------------------------------------------------------------------
Finished IO Insertion : Time (s): cpu = 00:00:29 ; elapsed = 00:00:30 . Memory (MB): peak = 1167.742 ; gain = 130.758
---------------------------------------------------------------------------------
---------------------------------------------------------------------------------
Start Renaming Generated Instances
---------------------------------------------------------------------------------
---------------------------------------------------------------------------------
Finished Renaming Generated Instances : Time (s): cpu = 00:00:29 ; elapsed = 00:00:30 . Memory (MB): peak = 1167.742 ; gain = 130.758
---------------------------------------------------------------------------------
---------------------------------------------------------------------------------
Start Rebuilding User Hierarchy
---------------------------------------------------------------------------------
---------------------------------------------------------------------------------
Finished Rebuilding User Hierarchy : Time (s): cpu = 00:00:29 ; elapsed = 00:00:30 . Memory (MB): peak = 1167.742 ; gain = 130.758
---------------------------------------------------------------------------------
---------------------------------------------------------------------------------
Start Renaming Generated Ports
---------------------------------------------------------------------------------
---------------------------------------------------------------------------------
Finished Renaming Generated Ports : Time (s): cpu = 00:00:29 ; elapsed = 00:00:30 . Memory (MB): peak = 1167.742 ; gain = 130.758
---------------------------------------------------------------------------------
---------------------------------------------------------------------------------
Start Handling Custom Attributes
---------------------------------------------------------------------------------
---------------------------------------------------------------------------------
Finished Handling Custom Attributes : Time (s): cpu = 00:00:29 ; elapsed = 00:00:30 . Memory (MB): peak = 1167.742 ; gain = 130.758
---------------------------------------------------------------------------------
---------------------------------------------------------------------------------
Start Renaming Generated Nets
---------------------------------------------------------------------------------
---------------------------------------------------------------------------------
Finished Renaming Generated Nets : Time (s): cpu = 00:00:29 ; elapsed = 00:00:30 . Memory (MB): peak = 1167.742 ; gain = 130.758
---------------------------------------------------------------------------------
---------------------------------------------------------------------------------
Start Writing Synthesis Report
---------------------------------------------------------------------------------

Report BlackBoxes: 
+-+--------------+----------+
| |BlackBox name |Instances |
+-+--------------+----------+
+-+--------------+----------+

Report Cell Usage: 
+------+-------+------+
|      |Cell   |Count |
+------+-------+------+
|1     |BUFG   |     1|
|2     |CARRY4 |     8|
|3     |LUT1   |     1|
|4     |LUT6   |    32|
|5     |FDRE   |    64|
|6     |IBUF   |   102|
|7     |OBUF   |    90|
+------+-------+------+
---------------------------------------------------------------------------------
Finished Writing Synthesis Report : Time (s): cpu = 00:00:29 ; elapsed = 00:00:30 . Memory (MB): peak = 1167.742 ; gain = 130.758
---------------------------------------------------------------------------------
Synthesis finished with 0 errors, 6144 critical warnings and 0 warnings.
Synthesis Optimization Runtime : Time (s): cpu = 00:00:20 ; elapsed = 00:00:27 . Memory (MB): peak = 1167.742 ; gain = 7.895
Synthesis Optimization Complete : Time (s): cpu = 00:00:29 ; elapsed = 00:00:30 . Memory (MB): peak = 1167.742 ; gain = 130.758
INFO: [Project 1-571] Translating synthesized netlist
Netlist sorting complete. Time (s): cpu = 00:00:00 ; elapsed = 00:00:00.008 . Memory (MB): peak = 1178.539 ; gain = 0.000
INFO: [Netlist 29-17] Analyzing 8 Unisim elements for replacement
INFO: [Netlist 29-28] Unisim Transformation completed in 0 CPU seconds
INFO: [Project 1-570] Preparing netlist for logic optimization
INFO: [Opt 31-138] Pushed 0 inverter(s) to 0 load pin(s).
Netlist sorting complete. Time (s): cpu = 00:00:00 ; elapsed = 00:00:00.001 . Memory (MB): peak = 1180.496 ; gain = 0.000
INFO: [Project 1-111] Unisim Transformation Summary:
No Unisim elements were transformed.

INFO: [Common 17-83] Releasing license: Synthesis
27 Infos, 4 Warnings, 200 Critical Warnings and 0 Errors encountered.
synth_design completed successfully
synth_design: Time (s): cpu = 00:00:35 ; elapsed = 00:00:38 . Memory (MB): peak = 1180.496 ; gain = 143.512
INFO: [Common 17-1381] The checkpoint 'G:/git/AdComputadoras_2019/Tp4_MIPSIV/Src/MIPSIV/MIPSIV.runs/synth_1/IF_top.dcp' has been generated.
INFO: [runtcl-4] Executing : report_utilization -file IF_top_utilization_synth.rpt -pb IF_top_utilization_synth.pb
INFO: [Common 17-206] Exiting Vivado at Fri Aug  7 17:09:37 2020...
